This file contains any messages produced by compilers while
running configure, to aid debugging if configure makes a mistake.

It was created by GNU C Runtime Library configure 1.0, which was
generated by GNU Autoconf 2.69.  Invocation command line was

  $ /home/skim499/gcc-custom-pass/src/libgcc/configure --srcdir=../../../src/libgcc --cache-file=./config.cache --enable-multilib --prefix=/home/skim499/gcc-custom-pass/install --disable-bootstrap --enable-languages=c,c++,lto --program-transform-name=s,y,y, --disable-option-checking --disable-year2038 --with-target-subdir=x86_64-pc-linux-gnu --build=x86_64-pc-linux-gnu --host=x86_64-pc-linux-gnu --target=x86_64-pc-linux-gnu

## --------- ##
## Platform. ##
## --------- ##

hostname = x86-001.spo600.cdot.systems
uname -m = x86_64
uname -r = 6.13.4-100.fc40.x86_64
uname -s = Linux
uname -v = #1 SMP PREEMPT_DYNAMIC Sun Feb 23 15:15:27 UTC 2025

/usr/bin/uname -p = unknown
/bin/uname -X     = unknown

/bin/arch              = x86_64
/usr/bin/arch -k       = unknown
/usr/convex/getsysinfo = unknown
/usr/bin/hostinfo      = unknown
/bin/machine           = unknown
/usr/bin/oslevel       = unknown
/bin/universe          = unknown

PATH: /home/skim499/gcc-custom-pass/build/gcc
PATH: /home/skim499/.local/bin
PATH: /home/skim499/bin
PATH: /usr/local/bin
PATH: /usr/bin
PATH: /usr/local/sbin
PATH: /usr/sbin


## ----------- ##
## Core tests. ##
## ----------- ##

configure:2085: creating cache ./config.cache
configure:2297: checking build system type
configure:2311: result: x86_64-pc-linux-gnu
configure:2331: checking host system type
configure:2344: result: x86_64-pc-linux-gnu
configure:2448: checking for --enable-version-specific-runtime-libs
configure:2461: result: no
configure:2532: checking for a BSD-compatible install
configure:2600: result: /usr/bin/install -c
configure:2616: checking for gawk
configure:2643: result: gawk
configure:2766: checking for x86_64-pc-linux-gnu-ar
configure:2793: result: ar --plugin /usr/libexec/gcc/x86_64-redhat-linux/14/liblto_plugin.so
configure:2858: checking for x86_64-pc-linux-gnu-lipo
configure:2885: result: lipo
configure:2950: checking for x86_64-pc-linux-gnu-nm
configure:2977: result: /home/skim499/gcc-custom-pass/build/./gcc/nm
configure:3042: checking for x86_64-pc-linux-gnu-ranlib
configure:3069: result: ranlib --plugin /usr/libexec/gcc/x86_64-redhat-linux/14/liblto_plugin.so
configure:3134: checking for x86_64-pc-linux-gnu-strip
configure:3161: result: strip
configure:3223: checking whether ln -s works
configure:3227: result: yes
configure:3244: checking for x86_64-pc-linux-gnu-gcc
configure:3271: result: /home/skim499/gcc-custom-pass/build/./gcc/xgcc -B/home/skim499/gcc-custom-pass/build/./gcc/ -B/home/skim499/gcc-custom-pass/install/x86_64-pc-linux-gnu/bin/ -B/home/skim499/gcc-custom-pass/install/x86_64-pc-linux-gnu/lib/ -isystem /home/skim499/gcc-custom-pass/install/x86_64-pc-linux-gnu/include -isystem /home/skim499/gcc-custom-pass/install/x86_64-pc-linux-gnu/sys-include   
configure:3540: checking for C compiler version
configure:3549: /home/skim499/gcc-custom-pass/build/./gcc/xgcc -B/home/skim499/gcc-custom-pass/build/./gcc/ -B/home/skim499/gcc-custom-pass/install/x86_64-pc-linux-gnu/bin/ -B/home/skim499/gcc-custom-pass/install/x86_64-pc-linux-gnu/lib/ -isystem /home/skim499/gcc-custom-pass/install/x86_64-pc-linux-gnu/include -isystem /home/skim499/gcc-custom-pass/install/x86_64-pc-linux-gnu/sys-include    --version >&5
xgcc (GCC) 15.0.1 20250308 (experimental)
Copyright (C) 2025 Free Software Foundation, Inc.
This is free software; see the source for copying conditions.  There is NO
warranty; not even for MERCHANTABILITY or FITNESS FOR A PARTICULAR PURPOSE.

configure:3560: $? = 0
configure:3549: /home/skim499/gcc-custom-pass/build/./gcc/xgcc -B/home/skim499/gcc-custom-pass/build/./gcc/ -B/home/skim499/gcc-custom-pass/install/x86_64-pc-linux-gnu/bin/ -B/home/skim499/gcc-custom-pass/install/x86_64-pc-linux-gnu/lib/ -isystem /home/skim499/gcc-custom-pass/install/x86_64-pc-linux-gnu/include -isystem /home/skim499/gcc-custom-pass/install/x86_64-pc-linux-gnu/sys-include    -v >&5
Reading specs from /home/skim499/gcc-custom-pass/build/./gcc/specs
COLLECT_GCC=/home/skim499/gcc-custom-pass/build/./gcc/xgcc
COLLECT_LTO_WRAPPER=/home/skim499/gcc-custom-pass/build/./gcc/lto-wrapper
Target: x86_64-pc-linux-gnu
Configured with: ../src/configure --prefix=/home/skim499/gcc-custom-pass/install --disable-bootstrap --enable-languages=c,c++
Thread model: posix
Supported LTO compression algorithms: zlib zstd
gcc version 15.0.1 20250308 (experimental) (GCC) 
configure:3560: $? = 0
configure:3549: /home/skim499/gcc-custom-pass/build/./gcc/xgcc -B/home/skim499/gcc-custom-pass/build/./gcc/ -B/home/skim499/gcc-custom-pass/install/x86_64-pc-linux-gnu/bin/ -B/home/skim499/gcc-custom-pass/install/x86_64-pc-linux-gnu/lib/ -isystem /home/skim499/gcc-custom-pass/install/x86_64-pc-linux-gnu/include -isystem /home/skim499/gcc-custom-pass/install/x86_64-pc-linux-gnu/sys-include    -V >&5
xgcc: error: unrecognized command-line option '-V'
xgcc: fatal error: no input files
compilation terminated.
configure:3560: $? = 1
configure:3549: /home/skim499/gcc-custom-pass/build/./gcc/xgcc -B/home/skim499/gcc-custom-pass/build/./gcc/ -B/home/skim499/gcc-custom-pass/install/x86_64-pc-linux-gnu/bin/ -B/home/skim499/gcc-custom-pass/install/x86_64-pc-linux-gnu/lib/ -isystem /home/skim499/gcc-custom-pass/install/x86_64-pc-linux-gnu/include -isystem /home/skim499/gcc-custom-pass/install/x86_64-pc-linux-gnu/sys-include    -qversion >&5
xgcc: error: unrecognized command-line option '-qversion'; did you mean '--version'?
xgcc: fatal error: no input files
compilation terminated.
configure:3560: $? = 1
configure:3576: /home/skim499/gcc-custom-pass/build/./gcc/xgcc -B/home/skim499/gcc-custom-pass/build/./gcc/ -B/home/skim499/gcc-custom-pass/install/x86_64-pc-linux-gnu/bin/ -B/home/skim499/gcc-custom-pass/install/x86_64-pc-linux-gnu/lib/ -isystem /home/skim499/gcc-custom-pass/install/x86_64-pc-linux-gnu/include -isystem /home/skim499/gcc-custom-pass/install/x86_64-pc-linux-gnu/sys-include    -o conftest -g -O2   conftest.c  >&5
[tree-skim] Processing function: main
[tree-skim] Warning: Basic block has no GIMPLE statements, skipping...
[tree-skim] Number of basic blocks: 0
during GIMPLE pass: tree-skim
conftest.c: In function 'main':
conftest.c:16:1: internal compiler error: Segmentation fault
   16 | }
      | ^
0x253a041 internal_error(char const*, ...)
	../../src/gcc/diagnostic-global-context.cc:517
0x10b7bcf crash_signal
	../../src/gcc/toplev.cc:322
0x8a4be4 gsi_start_bb(basic_block_def*)
	../../src/gcc/gimple-iterator.h:136
0x8a4be4 execute
	../../src/gcc/tree-skim.cc:73
Please submit a full bug report, with preprocessed source (by using -freport-bug).
Please include the complete backtrace with any bug report.
See <https://gcc.gnu.org/bugs/> for instructions.
configure:3579: $? = 1
configure:3792: checking for suffix of object files
configure:3814: /home/skim499/gcc-custom-pass/build/./gcc/xgcc -B/home/skim499/gcc-custom-pass/build/./gcc/ -B/home/skim499/gcc-custom-pass/install/x86_64-pc-linux-gnu/bin/ -B/home/skim499/gcc-custom-pass/install/x86_64-pc-linux-gnu/lib/ -isystem /home/skim499/gcc-custom-pass/install/x86_64-pc-linux-gnu/include -isystem /home/skim499/gcc-custom-pass/install/x86_64-pc-linux-gnu/sys-include    -c -g -O2  conftest.c >&5
[tree-skim] Processing function: main
[tree-skim] Warning: Basic block has no GIMPLE statements, skipping...
[tree-skim] Number of basic blocks: 0
during GIMPLE pass: tree-skim
conftest.c: In function 'main':
conftest.c:16:1: internal compiler error: Segmentation fault
   16 | }
      | ^
0x253a041 internal_error(char const*, ...)
	../../src/gcc/diagnostic-global-context.cc:517
0x10b7bcf crash_signal
	../../src/gcc/toplev.cc:322
0x8a4be4 gsi_start_bb(basic_block_def*)
	../../src/gcc/gimple-iterator.h:136
0x8a4be4 execute
	../../src/gcc/tree-skim.cc:73
Please submit a full bug report, with preprocessed source (by using -freport-bug).
Please include the complete backtrace with any bug report.
See <https://gcc.gnu.org/bugs/> for instructions.
configure:3818: $? = 1
configure: failed program was:
| /* confdefs.h */
| #define PACKAGE_NAME "GNU C Runtime Library"
| #define PACKAGE_TARNAME "libgcc"
| #define PACKAGE_VERSION "1.0"
| #define PACKAGE_STRING "GNU C Runtime Library 1.0"
| #define PACKAGE_BUGREPORT ""
| #define PACKAGE_URL "http://www.gnu.org/software/libgcc/"
| /* end confdefs.h.  */
| 
| int
| main ()
| {
| 
|   ;
|   return 0;
| }
configure:3832: error: in `/home/skim499/gcc-custom-pass/build/x86_64-pc-linux-gnu/libgcc':
configure:3834: error: cannot compute suffix of object files: cannot compile
See `config.log' for more details

## ---------------- ##
## Cache variables. ##
## ---------------- ##

ac_cv_build=x86_64-pc-linux-gnu
ac_cv_env_CC_set=set
ac_cv_env_CC_value='/home/skim499/gcc-custom-pass/build/./gcc/xgcc -B/home/skim499/gcc-custom-pass/build/./gcc/ -B/home/skim499/gcc-custom-pass/install/x86_64-pc-linux-gnu/bin/ -B/home/skim499/gcc-custom-pass/install/x86_64-pc-linux-gnu/lib/ -isystem /home/skim499/gcc-custom-pass/install/x86_64-pc-linux-gnu/include -isystem /home/skim499/gcc-custom-pass/install/x86_64-pc-linux-gnu/sys-include   '
ac_cv_env_CFLAGS_set=set
ac_cv_env_CFLAGS_value='-g -O2'
ac_cv_env_CPPFLAGS_set=set
ac_cv_env_CPPFLAGS_value=
ac_cv_env_CPP_set=
ac_cv_env_CPP_value=
ac_cv_env_LDFLAGS_set=set
ac_cv_env_LDFLAGS_value=
ac_cv_env_LIBS_set=
ac_cv_env_LIBS_value=
ac_cv_env_build_alias_set=set
ac_cv_env_build_alias_value=x86_64-pc-linux-gnu
ac_cv_env_host_alias_set=set
ac_cv_env_host_alias_value=x86_64-pc-linux-gnu
ac_cv_env_target_alias_set=set
ac_cv_env_target_alias_value=x86_64-pc-linux-gnu
ac_cv_host=x86_64-pc-linux-gnu
ac_cv_prog_AR='ar --plugin /usr/libexec/gcc/x86_64-redhat-linux/14/liblto_plugin.so'
ac_cv_prog_AWK=gawk
ac_cv_prog_CC='/home/skim499/gcc-custom-pass/build/./gcc/xgcc -B/home/skim499/gcc-custom-pass/build/./gcc/ -B/home/skim499/gcc-custom-pass/install/x86_64-pc-linux-gnu/bin/ -B/home/skim499/gcc-custom-pass/install/x86_64-pc-linux-gnu/lib/ -isystem /home/skim499/gcc-custom-pass/install/x86_64-pc-linux-gnu/include -isystem /home/skim499/gcc-custom-pass/install/x86_64-pc-linux-gnu/sys-include   '
ac_cv_prog_LIPO=lipo
ac_cv_prog_NM=/home/skim499/gcc-custom-pass/build/./gcc/nm
ac_cv_prog_RANLIB='ranlib --plugin /usr/libexec/gcc/x86_64-redhat-linux/14/liblto_plugin.so'
ac_cv_prog_STRIP=strip

## ----------------- ##
## Output variables. ##
## ----------------- ##

AR='ar --plugin /usr/libexec/gcc/x86_64-redhat-linux/14/liblto_plugin.so'
AWK='gawk'
CC='/home/skim499/gcc-custom-pass/build/./gcc/xgcc -B/home/skim499/gcc-custom-pass/build/./gcc/ -B/home/skim499/gcc-custom-pass/install/x86_64-pc-linux-gnu/bin/ -B/home/skim499/gcc-custom-pass/install/x86_64-pc-linux-gnu/lib/ -isystem /home/skim499/gcc-custom-pass/install/x86_64-pc-linux-gnu/include -isystem /home/skim499/gcc-custom-pass/install/x86_64-pc-linux-gnu/sys-include   '
CET_FLAGS=''
CFLAGS='-g -O2'
CPP=''
CPPFLAGS=''
DEFS=''
ECHO_C=''
ECHO_N='-n'
ECHO_T=''
EGREP=''
EXEEXT=''
GREP=''
HAVE_STRUB_SUPPORT=''
INSTALL_DATA='/usr/bin/install -c -m 644'
INSTALL_PROGRAM='/usr/bin/install -c'
INSTALL_SCRIPT='/usr/bin/install -c'
LDFLAGS=''
LIBOBJS=''
LIBS=''
LIPO='lipo'
LN_S='ln -s'
LTLIBOBJS=''
MAINT='#'
NM='/home/skim499/gcc-custom-pass/build/./gcc/nm'
OBJEXT=''
PACKAGE_BUGREPORT=''
PACKAGE_NAME='GNU C Runtime Library'
PACKAGE_STRING='GNU C Runtime Library 1.0'
PACKAGE_TARNAME='libgcc'
PACKAGE_URL='http://www.gnu.org/software/libgcc/'
PACKAGE_VERSION='1.0'
PATH_SEPARATOR=':'
PICFLAG='-fpic'
RANLIB='ranlib --plugin /usr/libexec/gcc/x86_64-redhat-linux/14/liblto_plugin.so'
SHELL='/bin/sh'
STRIP='strip'
ac_ct_CC=''
accel_dir_suffix=''
asm_hidden_op=''
bindir='${exec_prefix}/bin'
build='x86_64-pc-linux-gnu'
build_alias='x86_64-pc-linux-gnu'
build_cpu='x86_64'
build_libsubdir='build-x86_64-pc-linux-gnu'
build_os='linux-gnu'
build_subdir='build-x86_64-pc-linux-gnu'
build_vendor='pc'
cpu_type=''
datadir='${datarootdir}'
datarootdir='${prefix}/share'
decimal_float=''
docdir='${datarootdir}/doc/${PACKAGE_TARNAME}'
double_type_size=''
dvidir='${docdir}'
enable_decimal_float=''
enable_execute_stack=''
enable_gcov='yes'
enable_shared='yes'
enable_vtable_verify='no'
exec_prefix='NONE'
extra_parts=''
fixed_point=''
force_explicit_eh_registry=''
get_gcc_base_ver=''
host='x86_64-pc-linux-gnu'
host_alias='x86_64-pc-linux-gnu'
host_cpu='x86_64'
host_noncanonical='x86_64-pc-linux-gnu'
host_os='linux-gnu'
host_subdir='.'
host_vendor='pc'
htmldir='${docdir}'
includedir='${prefix}/include'
infodir='${datarootdir}/info'
libdir='${exec_prefix}/lib'
libexecdir='${exec_prefix}/libexec'
libgcc_topdir='../../../src/libgcc/..'
localedir='${datarootdir}/locale'
localstatedir='${prefix}/var'
long_double_type_size=''
mandir='${datarootdir}/man'
md_unwind_def_header=''
md_unwind_header=''
oldincludedir='/usr/include'
pdfdir='${docdir}'
prefix='/home/skim499/gcc-custom-pass/install'
program_transform_name='s,y,y,'
psdir='${docdir}'
real_host_noncanonical=''
sbindir='${exec_prefix}/sbin'
set_have_cc_tls=''
set_use_emutls=''
sfp_machine_header=''
sharedstatedir='${prefix}/com'
slibdir='$(libdir)'
solaris_ld_v2_maps=''
sysconfdir='${prefix}/etc'
target_alias='x86_64-pc-linux-gnu'
target_noncanonical='x86_64-pc-linux-gnu'
target_subdir='x86_64-pc-linux-gnu'
thread_header=''
tm_defines=''
tm_file=''
tmake_file=''
toolexecdir='$(libdir)/gcc-lib/$(target_noncanonical)'
toolexeclibdir='$(libdir)/../lib64'
unwind_header=''
use_tm_clone_registry=''
vis_hide=''
with_aix_soname='aix'

## ----------- ##
## confdefs.h. ##
## ----------- ##

/* confdefs.h */
#define PACKAGE_NAME "GNU C Runtime Library"
#define PACKAGE_TARNAME "libgcc"
#define PACKAGE_VERSION "1.0"
#define PACKAGE_STRING "GNU C Runtime Library 1.0"
#define PACKAGE_BUGREPORT ""
#define PACKAGE_URL "http://www.gnu.org/software/libgcc/"

configure: exit 1
