This file contains any messages produced by compilers while
running configure, to aid debugging if configure makes a mistake.

It was created by configure, which was
generated by GNU Autoconf 2.69.  Invocation command line was

  $ /home/skim499/gcc-custom-pass/src/c++tools/configure --srcdir=../../src/c++tools --cache-file=./config.cache --prefix=/home/skim499/gcc-custom-pass/install --disable-bootstrap --enable-languages=c,c++,lto --program-transform-name=s,y,y, --disable-option-checking --disable-year2038 --build=x86_64-pc-linux-gnu --host=x86_64-pc-linux-gnu --target=x86_64-pc-linux-gnu

## --------- ##
## Platform. ##
## --------- ##

hostname = x86-001.spo600.cdot.systems
uname -m = x86_64
uname -r = 6.13.4-100.fc40.x86_64
uname -s = Linux
uname -v = #1 SMP PREEMPT_DYNAMIC Sun Feb 23 15:15:27 UTC 2025

/usr/bin/uname -p = unknown
/bin/uname -X     = unknown

/bin/arch              = x86_64
/usr/bin/arch -k       = unknown
/usr/convex/getsysinfo = unknown
/usr/bin/hostinfo      = unknown
/bin/machine           = unknown
/usr/bin/oslevel       = unknown
/bin/universe          = unknown

PATH: /home/skim499/gcc-custom-pass/build/gcc
PATH: /home/skim499/.local/bin
PATH: /home/skim499/bin
PATH: /usr/local/bin
PATH: /usr/bin
PATH: /usr/local/sbin
PATH: /usr/sbin


## ----------- ##
## Core tests. ##
## ----------- ##

configure:1951: creating cache ./config.cache
configure:2061: checking build system type
configure:2075: result: x86_64-pc-linux-gnu
configure:2113: checking host system type
configure:2126: result: x86_64-pc-linux-gnu
configure:2146: checking target system type
configure:2159: result: x86_64-pc-linux-gnu
configure:2200: checking for a BSD-compatible install
configure:2268: result: /usr/bin/install -c
configure:2394: checking for C++ compiler version
configure:2403: g++ --version >&5
g++ (GCC) 14.2.1 20240912 (Red Hat 14.2.1-3)
Copyright (C) 2024 Free Software Foundation, Inc.
This is free software; see the source for copying conditions.  There is NO
warranty; not even for MERCHANTABILITY or FITNESS FOR A PARTICULAR PURPOSE.

configure:2414: $? = 0
configure:2403: g++ -v >&5
Using built-in specs.
COLLECT_GCC=g++
COLLECT_LTO_WRAPPER=/usr/libexec/gcc/x86_64-redhat-linux/14/lto-wrapper
OFFLOAD_TARGET_NAMES=nvptx-none:amdgcn-amdhsa
OFFLOAD_TARGET_DEFAULT=1
Target: x86_64-redhat-linux
Configured with: ../configure --enable-bootstrap --enable-languages=c,c++,fortran,objc,obj-c++,ada,go,d,m2,lto --prefix=/usr --mandir=/usr/share/man --infodir=/usr/share/info --with-bugurl=http://bugzilla.redhat.com/bugzilla --enable-shared --enable-threads=posix --enable-checking=release --enable-multilib --with-system-zlib --enable-__cxa_atexit --disable-libunwind-exceptions --enable-gnu-unique-object --enable-linker-build-id --with-gcc-major-version-only --enable-libstdcxx-backtrace --with-libstdcxx-zoneinfo=/usr/share/zoneinfo --with-linker-hash-style=gnu --enable-plugin --enable-initfini-array --with-isl=/builddir/build/BUILD/gcc-14.2.1-20240912/obj-x86_64-redhat-linux/isl-install --enable-offload-targets=nvptx-none,amdgcn-amdhsa --enable-offload-defaulted --without-cuda-driver --enable-gnu-indirect-function --enable-cet --with-tune=generic --with-arch_32=i686 --build=x86_64-redhat-linux --with-build-config=bootstrap-lto --enable-link-serialization=1
Thread model: posix
Supported LTO compression algorithms: zlib zstd
gcc version 14.2.1 20240912 (Red Hat 14.2.1-3) (GCC) 
... rest of stderr output deleted ...
configure:2414: $? = 0
configure:2403: g++ -V >&5
g++: error: unrecognized command-line option '-V'
g++: fatal error: no input files
compilation terminated.
configure:2414: $? = 1
configure:2403: g++ -qversion >&5
g++: error: unrecognized command-line option '-qversion'; did you mean '--version'?
g++: fatal error: no input files
compilation terminated.
configure:2414: $? = 1
configure:2434: checking whether the C++ compiler works
configure:2456: g++ -g -O2        conftest.cpp  >&5
configure:2460: $? = 0
configure:2508: result: yes
configure:2511: checking for C++ compiler default output file name
configure:2513: result: a.out
configure:2519: checking for suffix of executables
configure:2526: g++ -o conftest -g -O2        conftest.cpp  >&5
configure:2530: $? = 0
configure:2552: result: 
configure:2574: checking whether we are cross compiling
configure:2582: g++ -o conftest -g -O2        conftest.cpp  >&5
configure:2586: $? = 0
configure:2593: ./conftest
configure:2597: $? = 0
configure:2612: result: no
configure:2617: checking for suffix of object files
configure:2639: g++ -c -g -O2      conftest.cpp >&5
configure:2643: $? = 0
configure:2664: result: o
configure:2668: checking whether we are using the GNU C++ compiler
configure:2687: g++ -c -g -O2      conftest.cpp >&5
configure:2687: $? = 0
configure:2696: result: yes
configure:2705: checking whether g++ accepts -g
configure:2725: g++ -c -g  conftest.cpp >&5
configure:2725: $? = 0
configure:2766: result: yes
configure:2794: checking for autoconf
configure:2810: found /usr/bin/autoconf
configure:2821: result: autoconf
configure:2837: checking for autoheader
configure:2853: found /usr/bin/autoheader
configure:2864: result: autoheader
configure:2884: checking whether to build C++ tools
configure:2894: result: yes
configure:2911: checking maintainer-mode
configure:2913: result: no
configure:2977: checking for O_CLOEXEC
configure:2996: g++ -c -g -O2      conftest.cpp >&5
configure:2996: $? = 0
configure:3003: result: yes
configure:3016: checking how to run the C++ preprocessor
configure:3043: g++ -E  conftest.cpp
configure:3043: $? = 0
configure:3057: g++ -E  conftest.cpp
conftest.cpp:11:10: fatal error: ac_nonexistent.h: No such file or directory
   11 | #include <ac_nonexistent.h>
      |          ^~~~~~~~~~~~~~~~~~
compilation terminated.
configure:3057: $? = 1
configure: failed program was:
| /* confdefs.h */
| #define PACKAGE_NAME ""
| #define PACKAGE_TARNAME ""
| #define PACKAGE_VERSION ""
| #define PACKAGE_STRING ""
| #define PACKAGE_BUGREPORT ""
| #define PACKAGE_URL ""
| #define ENABLE_ASSERT_CHECKING 1
| #define HOST_HAS_O_CLOEXEC 1
| /* end confdefs.h.  */
| #include <ac_nonexistent.h>
configure:3082: result: g++ -E
configure:3102: g++ -E  conftest.cpp
configure:3102: $? = 0
configure:3116: g++ -E  conftest.cpp
conftest.cpp:11:10: fatal error: ac_nonexistent.h: No such file or directory
   11 | #include <ac_nonexistent.h>
      |          ^~~~~~~~~~~~~~~~~~
compilation terminated.
configure:3116: $? = 1
configure: failed program was:
| /* confdefs.h */
| #define PACKAGE_NAME ""
| #define PACKAGE_TARNAME ""
| #define PACKAGE_VERSION ""
| #define PACKAGE_STRING ""
| #define PACKAGE_BUGREPORT ""
| #define PACKAGE_URL ""
| #define ENABLE_ASSERT_CHECKING 1
| #define HOST_HAS_O_CLOEXEC 1
| /* end confdefs.h.  */
| #include <ac_nonexistent.h>
configure:3145: checking for grep that handles long lines and -e
configure:3203: result: /usr/bin/grep
configure:3208: checking for egrep
configure:3270: result: /usr/bin/grep -E
configure:3275: checking for ANSI C header files
configure:3295: g++ -c -g -O2      conftest.cpp >&5
configure:3295: $? = 0
configure:3368: g++ -o conftest -g -O2        conftest.cpp  >&5
configure:3368: $? = 0
configure:3368: ./conftest
configure:3368: $? = 0
configure:3379: result: yes
configure:3392: checking for sys/types.h
configure:3392: g++ -c -g -O2      conftest.cpp >&5
configure:3392: $? = 0
configure:3392: result: yes
configure:3392: checking for sys/stat.h
configure:3392: g++ -c -g -O2      conftest.cpp >&5
configure:3392: $? = 0
configure:3392: result: yes
configure:3392: checking for stdlib.h
configure:3392: g++ -c -g -O2      conftest.cpp >&5
configure:3392: $? = 0
configure:3392: result: yes
configure:3392: checking for string.h
configure:3392: g++ -c -g -O2      conftest.cpp >&5
configure:3392: $? = 0
configure:3392: result: yes
configure:3392: checking for memory.h
configure:3392: g++ -c -g -O2      conftest.cpp >&5
configure:3392: $? = 0
configure:3392: result: yes
configure:3392: checking for strings.h
configure:3392: g++ -c -g -O2      conftest.cpp >&5
configure:3392: $? = 0
configure:3392: result: yes
configure:3392: checking for inttypes.h
configure:3392: g++ -c -g -O2      conftest.cpp >&5
configure:3392: $? = 0
configure:3392: result: yes
configure:3392: checking for stdint.h
configure:3392: g++ -c -g -O2      conftest.cpp >&5
configure:3392: $? = 0
configure:3392: result: yes
configure:3392: checking for unistd.h
configure:3392: g++ -c -g -O2      conftest.cpp >&5
configure:3392: $? = 0
configure:3392: result: yes
configure:3406: checking sys/mman.h usability
configure:3406: g++ -c -g -O2      conftest.cpp >&5
configure:3406: $? = 0
configure:3406: result: yes
configure:3406: checking sys/mman.h presence
configure:3406: g++ -E  conftest.cpp
configure:3406: $? = 0
configure:3406: result: yes
configure:3406: checking for sys/mman.h
configure:3406: result: yes
configure:3424: checking for AF_UNIX
configure:3449: g++ -c -g -O2      conftest.cpp >&5
configure:3449: $? = 0
configure:3456: result: yes
configure:3466: checking for AF_INET6
configure:3503: g++ -c -g -O2      conftest.cpp >&5
configure:3503: $? = 0
configure:3510: result: yes
configure:3520: checking for epoll
configure:3544: g++ -c -g -O2      conftest.cpp >&5
configure:3544: $? = 0
configure:3551: result: yes
configure:3561: checking for pselect
configure:3580: g++ -c -g -O2      conftest.cpp >&5
configure:3580: $? = 0
configure:3587: result: yes
configure:3598: checking for select
configure:3617: g++ -c -g -O2      conftest.cpp >&5
configure:3617: $? = 0
configure:3624: result: yes
configure:3634: checking for accept4
configure:3653: g++ -c -g -O2      conftest.cpp >&5
configure:3653: $? = 0
configure:3660: result: yes
configure:3670: checking for inet_ntop
configure:3692: g++ -c -g -O2      conftest.cpp >&5
configure:3692: $? = 0
configure:3699: result: yes
configure:3784: updating cache ./config.cache
configure:3833: creating ./config.status

## ---------------------- ##
## Running config.status. ##
## ---------------------- ##

This file was extended by config.status, which was
generated by GNU Autoconf 2.69.  Invocation command line was

  CONFIG_FILES    = 
  CONFIG_HEADERS  = 
  CONFIG_LINKS    = 
  CONFIG_COMMANDS = 
  $ ./config.status 

on x86-001.spo600.cdot.systems

config.status:832: creating Makefile
config.status:832: creating config.h

## ---------------- ##
## Cache variables. ##
## ---------------- ##

ac_cv_accept4=yes
ac_cv_af_inet6=yes
ac_cv_af_unix=yes
ac_cv_build=x86_64-pc-linux-gnu
ac_cv_cxx_compiler_gnu=yes
ac_cv_env_CCC_set=
ac_cv_env_CCC_value=
ac_cv_env_CPPFLAGS_set=
ac_cv_env_CPPFLAGS_value=
ac_cv_env_CXXCPP_set=
ac_cv_env_CXXCPP_value=
ac_cv_env_CXXFLAGS_set=set
ac_cv_env_CXXFLAGS_value='-g -O2    '
ac_cv_env_CXX_set=set
ac_cv_env_CXX_value=g++
ac_cv_env_LDFLAGS_set=set
ac_cv_env_LDFLAGS_value=' '
ac_cv_env_LIBS_set=
ac_cv_env_LIBS_value=
ac_cv_env_build_alias_set=set
ac_cv_env_build_alias_value=x86_64-pc-linux-gnu
ac_cv_env_host_alias_set=set
ac_cv_env_host_alias_value=x86_64-pc-linux-gnu
ac_cv_env_target_alias_set=set
ac_cv_env_target_alias_value=x86_64-pc-linux-gnu
ac_cv_epoll=yes
ac_cv_header_inttypes_h=yes
ac_cv_header_memory_h=yes
ac_cv_header_stdc=yes
ac_cv_header_stdint_h=yes
ac_cv_header_stdlib_h=yes
ac_cv_header_string_h=yes
ac_cv_header_strings_h=yes
ac_cv_header_sys_mman_h=yes
ac_cv_header_sys_stat_h=yes
ac_cv_header_sys_types_h=yes
ac_cv_header_unistd_h=yes
ac_cv_host=x86_64-pc-linux-gnu
ac_cv_inet_ntop=yes
ac_cv_o_cloexec=yes
ac_cv_objext=o
ac_cv_path_EGREP='/usr/bin/grep -E'
ac_cv_path_GREP=/usr/bin/grep
ac_cv_prog_AUTOCONF=autoconf
ac_cv_prog_AUTOHEADER=autoheader
ac_cv_prog_CXXCPP='g++ -E'
ac_cv_prog_cxx_g=yes
ac_cv_pselect=yes
ac_cv_select=yes
ac_cv_target=x86_64-pc-linux-gnu

## ----------------- ##
## Output variables. ##
## ----------------- ##

AUTOCONF='autoconf'
AUTOHEADER='autoheader'
CPPFLAGS=''
CXX='g++'
CXXCPP='g++ -E'
CXXFLAGS='-g -O2    '
CXX_AUX_TOOLS='yes'
DEFS='-DHAVE_CONFIG_H'
ECHO_C=''
ECHO_N='-n'
ECHO_T=''
EGREP='/usr/bin/grep -E'
EXEEXT=''
GREP='/usr/bin/grep'
INSTALL_DATA='/usr/bin/install -c -m 644'
INSTALL_PROGRAM='/usr/bin/install -c'
INSTALL_SCRIPT='/usr/bin/install -c'
LDFLAGS=' '
LD_PICFLAG=''
LIBOBJS=''
LIBS=''
LTLIBOBJS=''
MAINTAINER=''
OBJEXT='o'
PACKAGE_BUGREPORT=''
PACKAGE_NAME=''
PACKAGE_STRING=''
PACKAGE_TARNAME=''
PACKAGE_URL=''
PACKAGE_VERSION=''
PATH_SEPARATOR=':'
PICFLAG=''
SHELL='/bin/sh'
ac_ct_CXX=''
bindir='${exec_prefix}/bin'
build='x86_64-pc-linux-gnu'
build_alias='x86_64-pc-linux-gnu'
build_cpu='x86_64'
build_os='linux-gnu'
build_vendor='pc'
datadir='${datarootdir}'
datarootdir='${prefix}/share'
docdir='${datarootdir}/doc/${PACKAGE}'
dvidir='${docdir}'
enable_host_bind_now=''
exec_prefix='${prefix}'
get_gcc_base_ver='cat'
host='x86_64-pc-linux-gnu'
host_alias='x86_64-pc-linux-gnu'
host_cpu='x86_64'
host_os='linux-gnu'
host_vendor='pc'
htmldir='${docdir}'
includedir='${prefix}/include'
infodir='${datarootdir}/info'
libdir='${exec_prefix}/lib'
libexecdir='${exec_prefix}/libexec'
localedir='${datarootdir}/locale'
localstatedir='${prefix}/var'
mandir='${datarootdir}/man'
oldincludedir='/usr/include'
pdfdir='${docdir}'
prefix='/home/skim499/gcc-custom-pass/install'
program_transform_name='s,y,y,'
psdir='${docdir}'
sbindir='${exec_prefix}/sbin'
sharedstatedir='${prefix}/com'
sysconfdir='${prefix}/etc'
target='x86_64-pc-linux-gnu'
target_alias='x86_64-pc-linux-gnu'
target_cpu='x86_64'
target_noncanonical='x86_64-pc-linux-gnu'
target_os='linux-gnu'
target_vendor='pc'

## ----------- ##
## confdefs.h. ##
## ----------- ##

/* confdefs.h */
#define PACKAGE_NAME ""
#define PACKAGE_TARNAME ""
#define PACKAGE_VERSION ""
#define PACKAGE_STRING ""
#define PACKAGE_BUGREPORT ""
#define PACKAGE_URL ""
#define ENABLE_ASSERT_CHECKING 1
#define HOST_HAS_O_CLOEXEC 1
#define STDC_HEADERS 1
#define HAVE_SYS_TYPES_H 1
#define HAVE_SYS_STAT_H 1
#define HAVE_STDLIB_H 1
#define HAVE_STRING_H 1
#define HAVE_MEMORY_H 1
#define HAVE_STRINGS_H 1
#define HAVE_INTTYPES_H 1
#define HAVE_STDINT_H 1
#define HAVE_UNISTD_H 1
#define HAVE_SYS_MMAN_H 1
#define HAVE_AF_UNIX 1
#define HAVE_AF_INET6 1
#define HAVE_EPOLL 1
#define HAVE_PSELECT 1
#define HAVE_SELECT 1
#define HAVE_ACCEPT4 1
#define HAVE_INET_NTOP 1

configure: exit 0
