This file contains any messages produced by compilers while
running configure, to aid debugging if configure makes a mistake.

It was created by configure, which was
generated by GNU Autoconf 2.69.  Invocation command line was

  $ /home/skim499/gcc-custom-pass/src/libiberty/configure --srcdir=../../../src/libiberty --cache-file=./config.cache --prefix=/home/skim499/gcc-custom-pass/install --disable-multilib --enable-languages=c,c++,lto --program-transform-name=s,y,y, --disable-option-checking --disable-year2038 --with-build-subdir=build-x86_64-pc-linux-gnu --build=x86_64-pc-linux-gnu --host=x86_64-pc-linux-gnu --target=x86_64-pc-linux-gnu

## --------- ##
## Platform. ##
## --------- ##

hostname = x86-001.spo600.cdot.systems
uname -m = x86_64
uname -r = 6.13.4-100.fc40.x86_64
uname -s = Linux
uname -v = #1 SMP PREEMPT_DYNAMIC Sun Feb 23 15:15:27 UTC 2025

/usr/bin/uname -p = unknown
/bin/uname -X     = unknown

/bin/arch              = x86_64
/usr/bin/arch -k       = unknown
/usr/convex/getsysinfo = unknown
/usr/bin/hostinfo      = unknown
/bin/machine           = unknown
/usr/bin/oslevel       = unknown
/bin/universe          = unknown

PATH: /home/skim499/.local/bin
PATH: /home/skim499/bin
PATH: /usr/local/bin
PATH: /usr/bin
PATH: /usr/local/sbin
PATH: /usr/sbin


## ----------- ##
## Core tests. ##
## ----------- ##

configure:2384: loading cache ./config.cache
configure:2553: checking whether to enable maintainer-specific portions of Makefiles
configure:2563: result: no
configure:2583: checking for makeinfo
configure:2610: result: /home/skim499/gcc-custom-pass/src/missing makeinfo --split-size=5000000 --split-size=5000000
configure:2627: WARNING:
*** Makeinfo is missing. Info documentation will not be built.
configure:2650: checking for perl
configure:2677: result: perl
configure:2696: checking build system type
configure:2710: result: x86_64-pc-linux-gnu
configure:2730: checking host system type
configure:2743: result: x86_64-pc-linux-gnu
configure:2768: checking for x86_64-pc-linux-gnu-ar
configure:2795: result: ar --plugin /usr/libexec/gcc/x86_64-redhat-linux/14/liblto_plugin.so
configure:2860: checking for x86_64-pc-linux-gnu-ranlib
configure:2887: result: ranlib --plugin /usr/libexec/gcc/x86_64-redhat-linux/14/liblto_plugin.so
configure:2950: checking for -plugin option
configure:2968: checking for x86_64-pc-linux-gnu-ar
configure:2995: result: ar --plugin /usr/libexec/gcc/x86_64-redhat-linux/14/liblto_plugin.so
configure:3070: result: --plugin /usr/libexec/gcc/x86_64-redhat-linux/14/liblto_plugin.so
configure:3110: checking whether to install libiberty headers and static library
configure:3133: result: no
configure:3135: target_header_dir = 
configure:3147: checking for x86_64-pc-linux-gnu-gcc
configure:3174: result: gcc
configure:3443: checking for C compiler version
configure:3452: gcc --version >&5
gcc (GCC) 14.2.1 20240912 (Red Hat 14.2.1-3)
Copyright (C) 2024 Free Software Foundation, Inc.
This is free software; see the source for copying conditions.  There is NO
warranty; not even for MERCHANTABILITY or FITNESS FOR A PARTICULAR PURPOSE.

configure:3463: $? = 0
configure:3452: gcc -v >&5
Using built-in specs.
COLLECT_GCC=gcc
COLLECT_LTO_WRAPPER=/usr/libexec/gcc/x86_64-redhat-linux/14/lto-wrapper
OFFLOAD_TARGET_NAMES=nvptx-none:amdgcn-amdhsa
OFFLOAD_TARGET_DEFAULT=1
Target: x86_64-redhat-linux
Configured with: ../configure --enable-bootstrap --enable-languages=c,c++,fortran,objc,obj-c++,ada,go,d,m2,lto --prefix=/usr --mandir=/usr/share/man --infodir=/usr/share/info --with-bugurl=http://bugzilla.redhat.com/bugzilla --enable-shared --enable-threads=posix --enable-checking=release --enable-multilib --with-system-zlib --enable-__cxa_atexit --disable-libunwind-exceptions --enable-gnu-unique-object --enable-linker-build-id --with-gcc-major-version-only --enable-libstdcxx-backtrace --with-libstdcxx-zoneinfo=/usr/share/zoneinfo --with-linker-hash-style=gnu --enable-plugin --enable-initfini-array --with-isl=/builddir/build/BUILD/gcc-14.2.1-20240912/obj-x86_64-redhat-linux/isl-install --enable-offload-targets=nvptx-none,amdgcn-amdhsa --enable-offload-defaulted --without-cuda-driver --enable-gnu-indirect-function --enable-cet --with-tune=generic --with-arch_32=i686 --build=x86_64-redhat-linux --with-build-config=bootstrap-lto --enable-link-serialization=1
Thread model: posix
Supported LTO compression algorithms: zlib zstd
gcc version 14.2.1 20240912 (Red Hat 14.2.1-3) (GCC) 
... rest of stderr output deleted ...
configure:3463: $? = 0
configure:3452: gcc -V >&5
gcc: error: unrecognized command-line option '-V'
gcc: fatal error: no input files
compilation terminated.
configure:3463: $? = 1
configure:3452: gcc -qversion >&5
gcc: error: unrecognized command-line option '-qversion'; did you mean '--version'?
gcc: fatal error: no input files
compilation terminated.
configure:3463: $? = 1
configure:3479: gcc -o conftest -g -O2   conftest.c  >&5
configure:3482: $? = 0
configure:3511: checking whether the C compiler works
configure:3533: gcc -g -O2   conftest.c  >&5
configure:3537: $? = 0
configure:3585: result: yes
configure:3588: checking for C compiler default output file name
configure:3590: result: a.out
configure:3596: checking for suffix of executables
configure:3603: gcc -o conftest -g -O2   conftest.c  >&5
configure:3607: $? = 0
configure:3629: result: 
configure:3651: checking whether we are cross compiling
configure:3659: gcc -o conftest -g -O2   conftest.c  >&5
configure:3663: $? = 0
configure:3670: ./conftest
configure:3674: $? = 0
configure:3689: result: no
configure:3695: checking for suffix of object files
configure:3742: result: o
configure:3746: checking whether we are using the GNU C compiler
configure:3774: result: yes
configure:3783: checking whether gcc accepts -g
configure:3844: result: yes
configure:3861: checking for gcc option to accept ISO C89
configure:3937: result: none needed
configure:3963: checking how to run the C preprocessor
configure:4033: result: gcc -E
configure:4053: gcc -E  conftest.c
configure:4053: $? = 0
configure:4067: gcc -E  conftest.c
conftest.c:9:10: fatal error: ac_nonexistent.h: No such file or directory
    9 | #include <ac_nonexistent.h>
      |          ^~~~~~~~~~~~~~~~~~
compilation terminated.
configure:4067: $? = 1
configure: failed program was:
| /* confdefs.h */
| #define PACKAGE_NAME ""
| #define PACKAGE_TARNAME ""
| #define PACKAGE_VERSION ""
| #define PACKAGE_STRING ""
| #define PACKAGE_BUGREPORT ""
| #define PACKAGE_URL ""
| /* end confdefs.h.  */
| #include <ac_nonexistent.h>
configure:4096: checking for grep that handles long lines and -e
configure:4154: result: /usr/bin/grep
configure:4159: checking for egrep
configure:4221: result: /usr/bin/grep -E
configure:4226: checking for ANSI C header files
configure:4330: result: yes
configure:4343: checking for sys/types.h
configure:4343: result: yes
configure:4343: checking for sys/stat.h
configure:4343: result: yes
configure:4343: checking for stdlib.h
configure:4343: result: yes
configure:4343: checking for string.h
configure:4343: result: yes
configure:4343: checking for memory.h
configure:4343: result: yes
configure:4343: checking for strings.h
configure:4343: result: yes
configure:4343: checking for inttypes.h
configure:4343: result: yes
configure:4343: checking for stdint.h
configure:4343: result: yes
configure:4343: checking for unistd.h
configure:4343: result: yes
configure:4356: checking for minix/config.h
configure:4356: result: no
configure:4377: checking whether it is safe to define __EXTENSIONS__
configure:4402: result: yes
configure:4423: checking for special C compiler options needed for large files
configure:4468: result: no
configure:4474: checking for _FILE_OFFSET_BITS value needed for large files
configure:4531: result: no
configure:4638: checking whether gcc supports -W
configure:4664: result: yes
configure:4638: checking whether gcc supports -Wall
configure:4664: result: yes
configure:4638: checking whether gcc supports -Wwrite-strings
configure:4664: result: yes
configure:4638: checking whether gcc supports -Wc++-compat
configure:4664: result: yes
configure:4638: checking whether gcc supports -Wstrict-prototypes
configure:4664: result: yes
configure:4638: checking whether gcc supports -Wshadow=local
configure:4664: result: yes
configure:4687: checking whether gcc supports -pedantic 
configure:4713: result: yes
configure:4729: checking whether gcc and cc understand -c and -o together
configure:4829: result: yes
configure:4848: checking for an ANSI C-conforming const
configure:4921: result: yes
configure:4929: checking for inline
configure:4953: result: inline
configure:4971: checking whether byte ordering is bigendian
configure:5177: result: no
configure:5216: checking for a BSD-compatible install
configure:5284: result: /usr/bin/install -c
configure:5437: checking for CET support
configure:5466: gcc -c -g -O2 -fcf-protection  conftest.c >&5
configure:5466: $? = 0
configure:5535: gcc -o conftest -g -O2 -fcf-protection=none   -Wl,-z,ibt,-z,shstk conftest.c  >&5
configure:5535: $? = 0
configure:5563: gcc -o conftest -g -O2 -fcf-protection=none   -Wl,-z,ibt,-z,shstk conftest.c  >&5
configure:5563: $? = 0
configure:5563: ./conftest
configure:5563: $? = 0
configure:5610: gcc -o conftest -g -O2 -fcf-protection=none   -Wl,-z,ibt,-z,shstk conftest.c  >&5
configure:5610: $? = 0
configure:5610: ./conftest
configure:5610: $? = 0
configure:5631: result: yes
configure:5642: checking target system type
configure:5655: result: x86_64-pc-linux-gnu
configure:5751: checking for sys/file.h
configure:5751: result: yes
configure:5751: checking for sys/param.h
configure:5751: result: yes
configure:5751: checking for limits.h
configure:5751: result: yes
configure:5751: checking for stdlib.h
configure:5751: result: yes
configure:5751: checking for malloc.h
configure:5751: result: yes
configure:5751: checking for string.h
configure:5751: result: yes
configure:5751: checking for unistd.h
configure:5751: result: yes
configure:5751: checking for strings.h
configure:5751: result: yes
configure:5751: checking for sys/time.h
configure:5751: result: yes
configure:5751: checking for time.h
configure:5751: result: yes
configure:5751: checking for sys/resource.h
configure:5751: result: yes
configure:5751: checking for sys/stat.h
configure:5751: result: yes
configure:5751: checking for sys/mman.h
configure:5751: result: yes
configure:5751: checking for fcntl.h
configure:5751: result: yes
configure:5751: checking for alloca.h
configure:5751: result: yes
configure:5751: checking for sys/pstat.h
configure:5751: result: no
configure:5751: checking for sys/sysmp.h
configure:5751: result: no
configure:5751: checking for sys/sysinfo.h
configure:5751: result: yes
configure:5751: checking for machine/hal_sysinfo.h
configure:5751: result: no
configure:5751: checking for sys/table.h
configure:5751: result: no
configure:5751: checking for sys/sysctl.h
configure:5751: result: no
configure:5751: checking for sys/systemcfg.h
configure:5751: result: no
configure:5751: checking for stdint.h
configure:5751: result: yes
configure:5751: checking for stdio_ext.h
configure:5751: result: yes
configure:5751: checking for process.h
configure:5751: result: no
configure:5751: checking for sys/prctl.h
configure:5751: result: yes
configure:5751: checking for spawn.h
configure:5751: result: yes
configure:5760: checking for sys/wait.h that is POSIX.1 compatible
configure:5793: result: yes
configure:5801: checking whether time.h and sys/time.h may both be included
configure:5828: result: yes
configure:5837: checking whether errno must be declared
configure:5860: result: no
configure:5874: checking size of int
configure:5893: result: 4
configure:5907: checking size of long
configure:5926: result: 8
configure:5940: checking size of size_t
configure:5959: result: 8
configure:5971: checking for long long
configure:5971: result: yes
configure:5979: checking size of long long
configure:5998: result: 8
configure:6012: checking for a 64-bit type
configure:6080: result: uint64_t
configure:6091: checking for intptr_t
configure:6091: result: yes
configure:6127: checking for uintptr_t
configure:6127: result: yes
configure:6163: checking for ssize_t
configure:6163: result: yes
configure:6182: checking for pid_t
configure:6182: result: yes
configure:6889: checking for library containing strerror
configure:6940: result: none required
configure:6951: checking for asprintf
configure:6951: result: yes
configure:6951: checking for atexit
configure:6951: result: yes
configure:6951: checking for basename
configure:6951: result: yes
configure:6951: checking for bcmp
configure:6951: result: yes
configure:6951: checking for bcopy
configure:6951: result: yes
configure:6951: checking for bsearch
configure:6951: result: yes
configure:6951: checking for bzero
configure:6951: result: yes
configure:6951: checking for calloc
configure:6951: result: yes
configure:6951: checking for clock
configure:6951: result: yes
configure:6951: checking for ffs
configure:6951: result: yes
configure:6951: checking for getcwd
configure:6951: result: yes
configure:6951: checking for getpagesize
configure:6951: result: yes
configure:6951: checking for gettimeofday
configure:6951: result: yes
configure:6951: checking for index
configure:6951: result: yes
configure:6951: checking for insque
configure:6951: result: yes
configure:6951: checking for memchr
configure:6951: result: yes
configure:6951: checking for memcmp
configure:6951: result: yes
configure:6951: checking for memcpy
configure:6951: result: yes
configure:6951: checking for memmem
configure:6951: result: yes
configure:6951: checking for memmove
configure:6951: result: yes
configure:6951: checking for mempcpy
configure:6951: result: yes
configure:6951: checking for memset
configure:6951: result: yes
configure:6951: checking for mkstemps
configure:6951: result: yes
configure:6951: checking for putenv
configure:6951: result: yes
configure:6951: checking for random
configure:6951: result: yes
configure:6951: checking for rename
configure:6951: result: yes
configure:6951: checking for rindex
configure:6951: result: yes
configure:6951: checking for setenv
configure:6951: result: yes
configure:6951: checking for snprintf
configure:6951: result: yes
configure:6951: checking for sigsetmask
configure:6951: result: yes
configure:6951: checking for stpcpy
configure:6951: result: yes
configure:6951: checking for stpncpy
configure:6951: result: yes
configure:6951: checking for strcasecmp
configure:6951: result: yes
configure:6951: checking for strchr
configure:6951: result: yes
configure:6951: checking for strdup
configure:6951: result: yes
configure:6951: checking for strncasecmp
configure:6951: result: yes
configure:6951: checking for strndup
configure:6951: result: yes
configure:6951: checking for strnlen
configure:6951: result: yes
configure:6951: checking for strrchr
configure:6951: result: yes
configure:6951: checking for strstr
configure:6951: result: yes
configure:6951: checking for strtod
configure:6951: result: yes
configure:6951: checking for strtol
configure:6951: result: yes
configure:6951: checking for strtoul
configure:6951: result: yes
configure:6951: checking for strtoll
configure:6951: result: yes
configure:6951: checking for strtoull
configure:6951: result: yes
configure:6951: checking for strverscmp
configure:6951: result: yes
configure:6951: checking for tmpnam
configure:6951: result: yes
configure:6951: checking for vasprintf
configure:6951: result: yes
configure:6951: checking for vfprintf
configure:6951: result: yes
configure:6951: checking for vprintf
configure:6951: result: yes
configure:6951: checking for vsnprintf
configure:6951: result: yes
configure:6951: checking for vsprintf
configure:6951: result: yes
configure:6951: checking for waitpid
configure:6951: result: yes
configure:6951: checking for setproctitle
configure:6951: result: no
configure:6967: checking whether alloca needs Cray hooks
configure:6990: result: no
configure:7007: checking stack direction for C alloca
configure:7049: result: 1
configure:7059: checking for vfork.h
configure:7059: result: no
configure:7071: checking for fork
configure:7071: result: yes
configure:7071: checking for vfork
configure:7071: result: yes
configure:7081: checking for working fork
configure:7113: result: yes
configure:7134: checking for working vfork
configure:7244: result: yes
configure:7298: checking for _doprnt
configure:7298: result: no
configure:7310: checking for sys_errlist
configure:7347: result: no
configure:7310: checking for sys_nerr
configure:7347: result: no
configure:7310: checking for sys_siglist
configure:7347: result: no
configure:7354: checking for external symbol _system_configuration
configure:7367: gcc -c -g -O2  conftest.c >&5
conftest.c:113:10: fatal error: sys/systemcfg.h: No such file or directory
  113 | #include <sys/systemcfg.h>
      |          ^~~~~~~~~~~~~~~~~
compilation terminated.
configure:7367: $? = 1
configure: failed program was:
| /* confdefs.h */
| #define PACKAGE_NAME ""
| #define PACKAGE_TARNAME ""
| #define PACKAGE_VERSION ""
| #define PACKAGE_STRING ""
| #define PACKAGE_BUGREPORT ""
| #define PACKAGE_URL ""
| #define STDC_HEADERS 1
| #define HAVE_SYS_TYPES_H 1
| #define HAVE_SYS_STAT_H 1
| #define HAVE_STDLIB_H 1
| #define HAVE_STRING_H 1
| #define HAVE_MEMORY_H 1
| #define HAVE_STRINGS_H 1
| #define HAVE_INTTYPES_H 1
| #define HAVE_STDINT_H 1
| #define HAVE_UNISTD_H 1
| #define __EXTENSIONS__ 1
| #define _ALL_SOURCE 1
| #define _GNU_SOURCE 1
| #define _POSIX_PTHREAD_SEMANTICS 1
| #define _TANDEM_SOURCE 1
| #define HAVE_SYS_FILE_H 1
| #define HAVE_SYS_PARAM_H 1
| #define HAVE_LIMITS_H 1
| #define HAVE_STDLIB_H 1
| #define HAVE_MALLOC_H 1
| #define HAVE_STRING_H 1
| #define HAVE_UNISTD_H 1
| #define HAVE_STRINGS_H 1
| #define HAVE_SYS_TIME_H 1
| #define HAVE_TIME_H 1
| #define HAVE_SYS_RESOURCE_H 1
| #define HAVE_SYS_STAT_H 1
| #define HAVE_SYS_MMAN_H 1
| #define HAVE_FCNTL_H 1
| #define HAVE_ALLOCA_H 1
| #define HAVE_SYS_SYSINFO_H 1
| #define HAVE_STDINT_H 1
| #define HAVE_STDIO_EXT_H 1
| #define HAVE_SYS_PRCTL_H 1
| #define HAVE_SPAWN_H 1
| #define HAVE_SYS_WAIT_H 1
| #define TIME_WITH_SYS_TIME 1
| #define SIZEOF_INT 4
| #define SIZEOF_LONG 8
| #define SIZEOF_SIZE_T 8
| #define HAVE_LONG_LONG 1
| #define SIZEOF_LONG_LONG 8
| #define UNSIGNED_64BIT_TYPE uint64_t
| #define HAVE_INTPTR_T 1
| #define HAVE_UINTPTR_T 1
| #define HAVE_UINTPTR_T 1
| #define HAVE_ASPRINTF 1
| #define HAVE_ATEXIT 1
| #define HAVE_BASENAME 1
| #define HAVE_BCMP 1
| #define HAVE_BCOPY 1
| #define HAVE_BSEARCH 1
| #define HAVE_BZERO 1
| #define HAVE_CALLOC 1
| #define HAVE_CLOCK 1
| #define HAVE_FFS 1
| #define HAVE_GETCWD 1
| #define HAVE_GETPAGESIZE 1
| #define HAVE_GETTIMEOFDAY 1
| #define HAVE_INDEX 1
| #define HAVE_INSQUE 1
| #define HAVE_MEMCHR 1
| #define HAVE_MEMCMP 1
| #define HAVE_MEMCPY 1
| #define HAVE_MEMMEM 1
| #define HAVE_MEMMOVE 1
| #define HAVE_MEMPCPY 1
| #define HAVE_MEMSET 1
| #define HAVE_MKSTEMPS 1
| #define HAVE_PUTENV 1
| #define HAVE_RANDOM 1
| #define HAVE_RENAME 1
| #define HAVE_RINDEX 1
| #define HAVE_SETENV 1
| #define HAVE_SNPRINTF 1
| #define HAVE_SIGSETMASK 1
| #define HAVE_STPCPY 1
| #define HAVE_STPNCPY 1
| #define HAVE_STRCASECMP 1
| #define HAVE_STRCHR 1
| #define HAVE_STRDUP 1
| #define HAVE_STRNCASECMP 1
| #define HAVE_STRNDUP 1
| #define HAVE_STRNLEN 1
| #define HAVE_STRRCHR 1
| #define HAVE_STRSTR 1
| #define HAVE_STRTOD 1
| #define HAVE_STRTOL 1
| #define HAVE_STRTOUL 1
| #define HAVE_STRTOLL 1
| #define HAVE_STRTOULL 1
| #define HAVE_STRVERSCMP 1
| #define HAVE_TMPNAM 1
| #define HAVE_VASPRINTF 1
| #define HAVE_VFPRINTF 1
| #define HAVE_VPRINTF 1
| #define HAVE_VSNPRINTF 1
| #define HAVE_VSPRINTF 1
| #define HAVE_WAITPID 1
| #define STACK_DIRECTION 1
| #define HAVE_FORK 1
| #define HAVE_VFORK 1
| #define HAVE_WORKING_VFORK 1
| #define HAVE_WORKING_FORK 1
| /* end confdefs.h.  */
| #include <sys/systemcfg.h>
| int
| main ()
| {
| double x = _system_configuration.physmem;
|   ;
|   return 0;
| }
configure:7374: result: no
configure:7382: checking for __fsetlocking
configure:7382: result: yes
configure:7382: checking for canonicalize_file_name
configure:7382: result: yes
configure:7382: checking for dup3
configure:7382: result: yes
configure:7382: checking for getrlimit
configure:7382: result: yes
configure:7382: checking for getrusage
configure:7382: result: yes
configure:7382: checking for getsysinfo
configure:7382: result: no
configure:7382: checking for gettimeofday
configure:7382: result: yes
configure:7382: checking for on_exit
configure:7382: result: yes
configure:7382: checking for pipe2
configure:7382: result: yes
configure:7382: checking for posix_spawn
configure:7382: result: yes
configure:7382: checking for posix_spawnp
configure:7382: result: yes
configure:7382: checking for psignal
configure:7382: result: yes
configure:7382: checking for pstat_getdynamic
configure:7382: result: no
configure:7382: checking for pstat_getstatic
configure:7382: result: no
configure:7382: checking for realpath
configure:7382: result: yes
configure:7382: checking for setrlimit
configure:7382: result: yes
configure:7382: checking for spawnve
configure:7382: result: no
configure:7382: checking for spawnvpe
configure:7382: result: no
configure:7382: checking for strerror
configure:7382: result: yes
configure:7382: checking for strsignal
configure:7382: result: yes
configure:7382: checking for sysconf
configure:7382: result: yes
configure:7382: checking for sysctl
configure:7382: result: no
configure:7382: checking for sysmp
configure:7382: result: no
configure:7382: checking for table
configure:7382: result: no
configure:7382: checking for times
configure:7382: result: yes
configure:7382: checking for wait3
configure:7382: result: yes
configure:7382: checking for wait4
configure:7382: result: yes
configure:7382: checking for sbrk
configure:7382: result: yes
configure:7392: checking whether basename is declared
configure:7392: result: yes
configure:7402: checking whether ffs is declared
configure:7402: result: yes
configure:7412: checking whether asprintf is declared
configure:7412: result: yes
configure:7422: checking whether vasprintf is declared
configure:7422: result: yes
configure:7432: checking whether snprintf is declared
configure:7432: result: yes
configure:7442: checking whether vsnprintf is declared
configure:7442: result: yes
configure:7453: checking whether calloc is declared
configure:7453: result: yes
configure:7463: checking whether getenv is declared
configure:7463: result: yes
configure:7473: checking whether getopt is declared
configure:7473: result: yes
configure:7483: checking whether malloc is declared
configure:7483: result: yes
configure:7493: checking whether realloc is declared
configure:7493: result: yes
configure:7506: checking whether sbrk is declared
configure:7506: result: yes
configure:7518: checking whether strtol is declared
configure:7518: result: yes
configure:7528: checking whether strtoul is declared
configure:7528: result: yes
configure:7538: checking whether strtoll is declared
configure:7538: result: yes
configure:7548: checking whether strtoull is declared
configure:7548: result: yes
configure:7559: checking whether strverscmp is declared
configure:7559: result: yes
configure:7570: checking whether strnlen is declared
configure:7570: result: yes
configure:7581: checking whether canonicalize_file_name must be declared
configure:7620: result: no
configure:7639: checking for SHA1 HW acceleration support
configure:7687: gcc -c -g -O2  conftest.c >&5
configure:7687: $? = 0
configure:7688: result: x86 SHA1
configure:7705: checking for stdlib.h
configure:7705: result: yes
configure:7705: checking for unistd.h
configure:7705: result: yes
configure:7705: checking for sys/param.h
configure:7705: result: yes
configure:7729: checking for getpagesize
configure:7729: result: yes
configure:7738: checking for working mmap
configure:7895: result: yes
configure:7906: checking for working strncmp
configure:7992: result: yes
configure:8139: creating ./config.status

## ---------------------- ##
## Running config.status. ##
## ---------------------- ##

This file was extended by config.status, which was
generated by GNU Autoconf 2.69.  Invocation command line was

  CONFIG_FILES    = 
  CONFIG_HEADERS  = 
  CONFIG_LINKS    = 
  CONFIG_COMMANDS = 
  $ ./config.status 

on x86-001.spo600.cdot.systems

config.status:1021: creating Makefile
config.status:1021: creating testsuite/Makefile
config.status:1021: creating config.h
config.status:1186: config.h is unchanged
config.status:1200: executing default commands

## ---------------- ##
## Cache variables. ##
## ---------------- ##

ac_cv_build=x86_64-pc-linux-gnu
ac_cv_c_bigendian=no
ac_cv_c_compiler_gnu=yes
ac_cv_c_const=yes
ac_cv_c_inline=inline
ac_cv_c_stack_direction=1
ac_cv_env_CC_set=set
ac_cv_env_CC_value=gcc
ac_cv_env_CFLAGS_set=set
ac_cv_env_CFLAGS_value='-g -O2'
ac_cv_env_CPPFLAGS_set=set
ac_cv_env_CPPFLAGS_value=
ac_cv_env_CPP_set=set
ac_cv_env_CPP_value=
ac_cv_env_LDFLAGS_set=set
ac_cv_env_LDFLAGS_value=
ac_cv_env_LIBS_set=
ac_cv_env_LIBS_value=
ac_cv_env_build_alias_set=set
ac_cv_env_build_alias_value=x86_64-pc-linux-gnu
ac_cv_env_host_alias_set=set
ac_cv_env_host_alias_value=x86_64-pc-linux-gnu
ac_cv_env_target_alias_set=set
ac_cv_env_target_alias_value=x86_64-pc-linux-gnu
ac_cv_func___fsetlocking=yes
ac_cv_func__doprnt=no
ac_cv_func_asprintf=yes
ac_cv_func_atexit=yes
ac_cv_func_basename=yes
ac_cv_func_bcmp=yes
ac_cv_func_bcopy=yes
ac_cv_func_bsearch=yes
ac_cv_func_bzero=yes
ac_cv_func_calloc=yes
ac_cv_func_canonicalize_file_name=yes
ac_cv_func_clock=yes
ac_cv_func_dup3=yes
ac_cv_func_ffs=yes
ac_cv_func_fork=yes
ac_cv_func_fork_works=yes
ac_cv_func_getcwd=yes
ac_cv_func_getpagesize=yes
ac_cv_func_getrlimit=yes
ac_cv_func_getrusage=yes
ac_cv_func_getsysinfo=no
ac_cv_func_gettimeofday=yes
ac_cv_func_index=yes
ac_cv_func_insque=yes
ac_cv_func_memchr=yes
ac_cv_func_memcmp=yes
ac_cv_func_memcpy=yes
ac_cv_func_memmem=yes
ac_cv_func_memmove=yes
ac_cv_func_mempcpy=yes
ac_cv_func_memset=yes
ac_cv_func_mkstemps=yes
ac_cv_func_mmap_fixed_mapped=yes
ac_cv_func_on_exit=yes
ac_cv_func_pipe2=yes
ac_cv_func_posix_spawn=yes
ac_cv_func_posix_spawnp=yes
ac_cv_func_psignal=yes
ac_cv_func_pstat_getdynamic=no
ac_cv_func_pstat_getstatic=no
ac_cv_func_putenv=yes
ac_cv_func_random=yes
ac_cv_func_realpath=yes
ac_cv_func_rename=yes
ac_cv_func_rindex=yes
ac_cv_func_sbrk=yes
ac_cv_func_setenv=yes
ac_cv_func_setproctitle=no
ac_cv_func_setrlimit=yes
ac_cv_func_sigsetmask=yes
ac_cv_func_snprintf=yes
ac_cv_func_spawnve=no
ac_cv_func_spawnvpe=no
ac_cv_func_stpcpy=yes
ac_cv_func_stpncpy=yes
ac_cv_func_strcasecmp=yes
ac_cv_func_strchr=yes
ac_cv_func_strdup=yes
ac_cv_func_strerror=yes
ac_cv_func_strncasecmp=yes
ac_cv_func_strncmp_works=yes
ac_cv_func_strndup=yes
ac_cv_func_strnlen=yes
ac_cv_func_strrchr=yes
ac_cv_func_strsignal=yes
ac_cv_func_strstr=yes
ac_cv_func_strtod=yes
ac_cv_func_strtol=yes
ac_cv_func_strtoll=yes
ac_cv_func_strtoul=yes
ac_cv_func_strtoull=yes
ac_cv_func_strverscmp=yes
ac_cv_func_sysconf=yes
ac_cv_func_sysctl=no
ac_cv_func_sysmp=no
ac_cv_func_table=no
ac_cv_func_times=yes
ac_cv_func_tmpnam=yes
ac_cv_func_vasprintf=yes
ac_cv_func_vfork=yes
ac_cv_func_vfork_works=yes
ac_cv_func_vfprintf=yes
ac_cv_func_vprintf=yes
ac_cv_func_vsnprintf=yes
ac_cv_func_vsprintf=yes
ac_cv_func_wait3=yes
ac_cv_func_wait4=yes
ac_cv_func_waitpid=yes
ac_cv_have_decl_asprintf=yes
ac_cv_have_decl_basename_char_p_=yes
ac_cv_have_decl_calloc=yes
ac_cv_have_decl_ffs=yes
ac_cv_have_decl_getenv=yes
ac_cv_have_decl_getopt=yes
ac_cv_have_decl_malloc=yes
ac_cv_have_decl_realloc=yes
ac_cv_have_decl_sbrk=yes
ac_cv_have_decl_snprintf=yes
ac_cv_have_decl_strnlen=yes
ac_cv_have_decl_strtol=yes
ac_cv_have_decl_strtoll=yes
ac_cv_have_decl_strtoul=yes
ac_cv_have_decl_strtoull=yes
ac_cv_have_decl_strverscmp=yes
ac_cv_have_decl_vasprintf=yes
ac_cv_have_decl_vsnprintf=yes
ac_cv_header_alloca_h=yes
ac_cv_header_fcntl_h=yes
ac_cv_header_inttypes_h=yes
ac_cv_header_limits_h=yes
ac_cv_header_machine_hal_sysinfo_h=no
ac_cv_header_malloc_h=yes
ac_cv_header_memory_h=yes
ac_cv_header_minix_config_h=no
ac_cv_header_process_h=no
ac_cv_header_spawn_h=yes
ac_cv_header_stdc=yes
ac_cv_header_stdint_h=yes
ac_cv_header_stdio_ext_h=yes
ac_cv_header_stdlib_h=yes
ac_cv_header_string_h=yes
ac_cv_header_strings_h=yes
ac_cv_header_sys_file_h=yes
ac_cv_header_sys_mman_h=yes
ac_cv_header_sys_param_h=yes
ac_cv_header_sys_prctl_h=yes
ac_cv_header_sys_pstat_h=no
ac_cv_header_sys_resource_h=yes
ac_cv_header_sys_stat_h=yes
ac_cv_header_sys_sysctl_h=no
ac_cv_header_sys_sysinfo_h=yes
ac_cv_header_sys_sysmp_h=no
ac_cv_header_sys_systemcfg_h=no
ac_cv_header_sys_table_h=no
ac_cv_header_sys_time_h=yes
ac_cv_header_sys_types_h=yes
ac_cv_header_sys_wait_h=yes
ac_cv_header_time=yes
ac_cv_header_time_h=yes
ac_cv_header_unistd_h=yes
ac_cv_header_vfork_h=no
ac_cv_host=x86_64-pc-linux-gnu
ac_cv_objext=o
ac_cv_os_cray=no
ac_cv_path_EGREP='/usr/bin/grep -E'
ac_cv_path_GREP=/usr/bin/grep
ac_cv_prog_AR='ar --plugin /usr/libexec/gcc/x86_64-redhat-linux/14/liblto_plugin.so'
ac_cv_prog_CC=gcc
ac_cv_prog_CPP='gcc -E'
ac_cv_prog_MAKEINFO='/home/skim499/gcc-custom-pass/src/missing makeinfo --split-size=5000000 --split-size=5000000'
ac_cv_prog_PERL=perl
ac_cv_prog_RANLIB='ranlib --plugin /usr/libexec/gcc/x86_64-redhat-linux/14/liblto_plugin.so'
ac_cv_prog_cc_c89=
ac_cv_prog_cc_g=yes
ac_cv_prog_cc_gcc_c_o=yes
ac_cv_safe_to_define___extensions__=yes
ac_cv_search_strerror='none required'
ac_cv_sizeof_int=4
ac_cv_sizeof_long=8
ac_cv_sizeof_long_long=8
ac_cv_sizeof_size_t=8
ac_cv_sys_file_offset_bits=no
ac_cv_sys_largefile_CC=no
ac_cv_target=x86_64-pc-linux-gnu
ac_cv_type_intptr_t=yes
ac_cv_type_long_long=yes
ac_cv_type_pid_t=yes
ac_cv_type_ssize_t=yes
ac_cv_type_uintptr_t=yes
acx_cv_prog_cc_pedantic_=yes
acx_cv_prog_cc_warning__W=yes
acx_cv_prog_cc_warning__Wall=yes
acx_cv_prog_cc_warning__Wcpp_compat=yes
acx_cv_prog_cc_warning__Wshadow_local=yes
acx_cv_prog_cc_warning__Wstrict_prototypes=yes
acx_cv_prog_cc_warning__Wwrite_strings=yes
liberty_cv_uint64=uint64_t
libiberty_cv_decl_needed_canonicalize_file_name=no
libiberty_cv_declare_errno=no
libiberty_cv_var_sys_errlist=no
libiberty_cv_var_sys_nerr=no
libiberty_cv_var_sys_siglist=no

## ----------------- ##
## Output variables. ##
## ----------------- ##

AR='ar --plugin /usr/libexec/gcc/x86_64-redhat-linux/14/liblto_plugin.so'
AR_PLUGIN_OPTION='--plugin /usr/libexec/gcc/x86_64-redhat-linux/14/liblto_plugin.so'
BUILD_INFO=''
CC='gcc'
CET_HOST_FLAGS='-fcf-protection'
CFLAGS='-g -O2'
CHECK='really-check'
CPP='gcc -E'
CPPFLAGS=''
DEFS='-DHAVE_CONFIG_H'
ECHO_C=''
ECHO_N='-n'
ECHO_T=''
EGREP='/usr/bin/grep -E'
ETAGS='etags'
EXEEXT=''
GREP='/usr/bin/grep'
HAVE_PERL=''
HWCAP_CFLAGS=''
INSTALL_DATA='/usr/bin/install -c -m 644'
INSTALL_DEST='libdir'
INSTALL_PROGRAM='/usr/bin/install -c'
INSTALL_SCRIPT='/usr/bin/install -c'
LDFLAGS=''
LIBOBJS=' ${LIBOBJDIR}./setproctitle$U.o'
LIBS=''
LTLIBOBJS=' ${LIBOBJDIR}./setproctitle$U.lo'
MAINT='#'
MAKEINFO='/home/skim499/gcc-custom-pass/src/missing makeinfo --split-size=5000000 --split-size=5000000'
NOASANFLAG=''
NOTMAINT=''
NO_MINUS_C_MINUS_O=''
OBJEXT='o'
OUTPUT_OPTION='-o $@'
PACKAGE_BUGREPORT=''
PACKAGE_NAME=''
PACKAGE_STRING=''
PACKAGE_TARNAME=''
PACKAGE_URL=''
PACKAGE_VERSION=''
PATH_SEPARATOR=':'
PERL='perl'
PICFLAG=''
RANLIB='ranlib --plugin /usr/libexec/gcc/x86_64-redhat-linux/14/liblto_plugin.so'
RANLIB_PLUGIN_OPTION='--plugin /usr/libexec/gcc/x86_64-redhat-linux/14/liblto_plugin.so'
SHELL='/bin/sh'
ac_ct_CC=''
ac_libiberty_warn_cflags='-W -Wall -Wwrite-strings -Wc++-compat -Wstrict-prototypes -Wshadow=local -pedantic '
bindir='${exec_prefix}/bin'
build='x86_64-pc-linux-gnu'
build_alias='x86_64-pc-linux-gnu'
build_cpu='x86_64'
build_os='linux-gnu'
build_vendor='pc'
datadir='${datarootdir}'
datarootdir='${prefix}/share'
docdir='${datarootdir}/doc/${PACKAGE}'
dvidir='${docdir}'
exec_prefix='${prefix}'
host='x86_64-pc-linux-gnu'
host_alias='x86_64-pc-linux-gnu'
host_cpu='x86_64'
host_os='linux-gnu'
host_vendor='pc'
htmldir='${docdir}'
includedir='${prefix}/include'
infodir='${datarootdir}/info'
libdir='${exec_prefix}/lib'
libexecdir='${exec_prefix}/libexec'
libiberty_topdir='../../../src/libiberty/..'
localedir='${datarootdir}/locale'
localstatedir='${prefix}/var'
mandir='${datarootdir}/man'
oldincludedir='/usr/include'
pdfdir='${docdir}'
pexecute='pex-unix'
prefix='/home/skim499/gcc-custom-pass/install'
program_transform_name='s,y,y,'
psdir='${docdir}'
sbindir='${exec_prefix}/sbin'
sharedstatedir='${prefix}/com'
sysconfdir='${prefix}/etc'
target='x86_64-pc-linux-gnu'
target_alias='x86_64-pc-linux-gnu'
target_cpu='x86_64'
target_header_dir=''
target_os='linux-gnu'
target_vendor='pc'

## ------------------- ##
## File substitutions. ##
## ------------------- ##

host_makefile_frag='xhost-mkfrag'

## ----------- ##
## confdefs.h. ##
## ----------- ##

/* confdefs.h */
#define PACKAGE_NAME ""
#define PACKAGE_TARNAME ""
#define PACKAGE_VERSION ""
#define PACKAGE_STRING ""
#define PACKAGE_BUGREPORT ""
#define PACKAGE_URL ""
#define STDC_HEADERS 1
#define HAVE_SYS_TYPES_H 1
#define HAVE_SYS_STAT_H 1
#define HAVE_STDLIB_H 1
#define HAVE_STRING_H 1
#define HAVE_MEMORY_H 1
#define HAVE_STRINGS_H 1
#define HAVE_INTTYPES_H 1
#define HAVE_STDINT_H 1
#define HAVE_UNISTD_H 1
#define __EXTENSIONS__ 1
#define _ALL_SOURCE 1
#define _GNU_SOURCE 1
#define _POSIX_PTHREAD_SEMANTICS 1
#define _TANDEM_SOURCE 1
#define HAVE_SYS_FILE_H 1
#define HAVE_SYS_PARAM_H 1
#define HAVE_LIMITS_H 1
#define HAVE_STDLIB_H 1
#define HAVE_MALLOC_H 1
#define HAVE_STRING_H 1
#define HAVE_UNISTD_H 1
#define HAVE_STRINGS_H 1
#define HAVE_SYS_TIME_H 1
#define HAVE_TIME_H 1
#define HAVE_SYS_RESOURCE_H 1
#define HAVE_SYS_STAT_H 1
#define HAVE_SYS_MMAN_H 1
#define HAVE_FCNTL_H 1
#define HAVE_ALLOCA_H 1
#define HAVE_SYS_SYSINFO_H 1
#define HAVE_STDINT_H 1
#define HAVE_STDIO_EXT_H 1
#define HAVE_SYS_PRCTL_H 1
#define HAVE_SPAWN_H 1
#define HAVE_SYS_WAIT_H 1
#define TIME_WITH_SYS_TIME 1
#define SIZEOF_INT 4
#define SIZEOF_LONG 8
#define SIZEOF_SIZE_T 8
#define HAVE_LONG_LONG 1
#define SIZEOF_LONG_LONG 8
#define UNSIGNED_64BIT_TYPE uint64_t
#define HAVE_INTPTR_T 1
#define HAVE_UINTPTR_T 1
#define HAVE_UINTPTR_T 1
#define HAVE_ASPRINTF 1
#define HAVE_ATEXIT 1
#define HAVE_BASENAME 1
#define HAVE_BCMP 1
#define HAVE_BCOPY 1
#define HAVE_BSEARCH 1
#define HAVE_BZERO 1
#define HAVE_CALLOC 1
#define HAVE_CLOCK 1
#define HAVE_FFS 1
#define HAVE_GETCWD 1
#define HAVE_GETPAGESIZE 1
#define HAVE_GETTIMEOFDAY 1
#define HAVE_INDEX 1
#define HAVE_INSQUE 1
#define HAVE_MEMCHR 1
#define HAVE_MEMCMP 1
#define HAVE_MEMCPY 1
#define HAVE_MEMMEM 1
#define HAVE_MEMMOVE 1
#define HAVE_MEMPCPY 1
#define HAVE_MEMSET 1
#define HAVE_MKSTEMPS 1
#define HAVE_PUTENV 1
#define HAVE_RANDOM 1
#define HAVE_RENAME 1
#define HAVE_RINDEX 1
#define HAVE_SETENV 1
#define HAVE_SNPRINTF 1
#define HAVE_SIGSETMASK 1
#define HAVE_STPCPY 1
#define HAVE_STPNCPY 1
#define HAVE_STRCASECMP 1
#define HAVE_STRCHR 1
#define HAVE_STRDUP 1
#define HAVE_STRNCASECMP 1
#define HAVE_STRNDUP 1
#define HAVE_STRNLEN 1
#define HAVE_STRRCHR 1
#define HAVE_STRSTR 1
#define HAVE_STRTOD 1
#define HAVE_STRTOL 1
#define HAVE_STRTOUL 1
#define HAVE_STRTOLL 1
#define HAVE_STRTOULL 1
#define HAVE_STRVERSCMP 1
#define HAVE_TMPNAM 1
#define HAVE_VASPRINTF 1
#define HAVE_VFPRINTF 1
#define HAVE_VPRINTF 1
#define HAVE_VSNPRINTF 1
#define HAVE_VSPRINTF 1
#define HAVE_WAITPID 1
#define STACK_DIRECTION 1
#define HAVE_FORK 1
#define HAVE_VFORK 1
#define HAVE_WORKING_VFORK 1
#define HAVE_WORKING_FORK 1
#define HAVE___FSETLOCKING 1
#define HAVE_CANONICALIZE_FILE_NAME 1
#define HAVE_DUP3 1
#define HAVE_GETRLIMIT 1
#define HAVE_GETRUSAGE 1
#define HAVE_GETTIMEOFDAY 1
#define HAVE_ON_EXIT 1
#define HAVE_PIPE2 1
#define HAVE_POSIX_SPAWN 1
#define HAVE_POSIX_SPAWNP 1
#define HAVE_PSIGNAL 1
#define HAVE_REALPATH 1
#define HAVE_SETRLIMIT 1
#define HAVE_STRERROR 1
#define HAVE_STRSIGNAL 1
#define HAVE_SYSCONF 1
#define HAVE_TIMES 1
#define HAVE_WAIT3 1
#define HAVE_WAIT4 1
#define HAVE_SBRK 1
#define HAVE_DECL_BASENAME 1
#define HAVE_DECL_FFS 1
#define HAVE_DECL_ASPRINTF 1
#define HAVE_DECL_VASPRINTF 1
#define HAVE_DECL_SNPRINTF 1
#define HAVE_DECL_VSNPRINTF 1
#define HAVE_DECL_CALLOC 1
#define HAVE_DECL_GETENV 1
#define HAVE_DECL_GETOPT 1
#define HAVE_DECL_MALLOC 1
#define HAVE_DECL_REALLOC 1
#define HAVE_DECL_SBRK 1
#define HAVE_DECL_STRTOL 1
#define HAVE_DECL_STRTOUL 1
#define HAVE_DECL_STRTOLL 1
#define HAVE_DECL_STRTOULL 1
#define HAVE_DECL_STRVERSCMP 1
#define HAVE_DECL_STRNLEN 1
#define HAVE_X86_SHA1_HW_SUPPORT 1
#define HAVE_STDLIB_H 1
#define HAVE_UNISTD_H 1
#define HAVE_SYS_PARAM_H 1
#define HAVE_GETPAGESIZE 1
#define HAVE_MMAP 1

configure: exit 0
