This file contains any messages produced by compilers while
running configure, to aid debugging if configure makes a mistake.

It was created by configure, which was
generated by GNU Autoconf 2.69.  Invocation command line was

  $ ../src/configure --prefix=/home/skim499/gcc-custom-pass/install --disable-bootstrap --enable-languages=c,c++

## --------- ##
## Platform. ##
## --------- ##

hostname = x86-001.spo600.cdot.systems
uname -m = x86_64
uname -r = 6.13.4-100.fc40.x86_64
uname -s = Linux
uname -v = #1 SMP PREEMPT_DYNAMIC Sun Feb 23 15:15:27 UTC 2025

/usr/bin/uname -p = unknown
/bin/uname -X     = unknown

/bin/arch              = x86_64
/usr/bin/arch -k       = unknown
/usr/convex/getsysinfo = unknown
/usr/bin/hostinfo      = unknown
/bin/machine           = unknown
/usr/bin/oslevel       = unknown
/bin/universe          = unknown

PATH: /home/skim499/gcc-custom-pass/build/gcc
PATH: /home/skim499/.local/bin
PATH: /home/skim499/bin
PATH: /usr/local/bin
PATH: /usr/bin
PATH: /usr/local/sbin
PATH: /usr/sbin


## ----------- ##
## Core tests. ##
## ----------- ##

configure:2406: checking build system type
configure:2420: result: x86_64-pc-linux-gnu
configure:2467: checking host system type
configure:2480: result: x86_64-pc-linux-gnu
configure:2500: checking target system type
configure:2513: result: x86_64-pc-linux-gnu
configure:2567: checking for a BSD-compatible install
configure:2635: result: /usr/bin/install -c
configure:2646: checking whether ln works
configure:2668: result: yes
configure:2672: checking whether ln -s works
configure:2676: result: yes
configure:2683: checking for a sed that does not truncate output
configure:2747: result: /usr/bin/sed
configure:2756: checking for gawk
configure:2772: found /usr/bin/gawk
configure:2783: result: gawk
configure:3312: checking for libatomic support
configure:3322: result: yes
configure:3331: checking for libitm support
configure:3341: result: yes
configure:3350: checking for libsanitizer support
configure:3360: result: yes
configure:3369: checking for libvtv support
configure:3379: result: yes
configure:3524: checking for libphobos support
configure:3534: result: yes
configure:4274: checking for gcc
configure:4301: result: gcc
configure:4530: checking for C compiler version
configure:4539: gcc --version >&5
gcc (GCC) 14.2.1 20240912 (Red Hat 14.2.1-3)
Copyright (C) 2024 Free Software Foundation, Inc.
This is free software; see the source for copying conditions.  There is NO
warranty; not even for MERCHANTABILITY or FITNESS FOR A PARTICULAR PURPOSE.

configure:4550: $? = 0
configure:4539: gcc -v >&5
Using built-in specs.
COLLECT_GCC=gcc
COLLECT_LTO_WRAPPER=/usr/libexec/gcc/x86_64-redhat-linux/14/lto-wrapper
OFFLOAD_TARGET_NAMES=nvptx-none:amdgcn-amdhsa
OFFLOAD_TARGET_DEFAULT=1
Target: x86_64-redhat-linux
Configured with: ../configure --enable-bootstrap --enable-languages=c,c++,fortran,objc,obj-c++,ada,go,d,m2,lto --prefix=/usr --mandir=/usr/share/man --infodir=/usr/share/info --with-bugurl=http://bugzilla.redhat.com/bugzilla --enable-shared --enable-threads=posix --enable-checking=release --enable-multilib --with-system-zlib --enable-__cxa_atexit --disable-libunwind-exceptions --enable-gnu-unique-object --enable-linker-build-id --with-gcc-major-version-only --enable-libstdcxx-backtrace --with-libstdcxx-zoneinfo=/usr/share/zoneinfo --with-linker-hash-style=gnu --enable-plugin --enable-initfini-array --with-isl=/builddir/build/BUILD/gcc-14.2.1-20240912/obj-x86_64-redhat-linux/isl-install --enable-offload-targets=nvptx-none,amdgcn-amdhsa --enable-offload-defaulted --without-cuda-driver --enable-gnu-indirect-function --enable-cet --with-tune=generic --with-arch_32=i686 --build=x86_64-redhat-linux --with-build-config=bootstrap-lto --enable-link-serialization=1
Thread model: posix
Supported LTO compression algorithms: zlib zstd
gcc version 14.2.1 20240912 (Red Hat 14.2.1-3) (GCC) 
... rest of stderr output deleted ...
configure:4550: $? = 0
configure:4539: gcc -V >&5
gcc: error: unrecognized command-line option '-V'
gcc: fatal error: no input files
compilation terminated.
configure:4550: $? = 1
configure:4539: gcc -qversion >&5
gcc: error: unrecognized command-line option '-qversion'; did you mean '--version'?
gcc: fatal error: no input files
compilation terminated.
configure:4550: $? = 1
configure:4570: checking whether the C compiler works
configure:4592: gcc    conftest.c  >&5
configure:4596: $? = 0
configure:4644: result: yes
configure:4647: checking for C compiler default output file name
configure:4649: result: a.out
configure:4655: checking for suffix of executables
configure:4662: gcc -o conftest    conftest.c  >&5
configure:4666: $? = 0
configure:4688: result: 
configure:4710: checking whether we are cross compiling
configure:4718: gcc -o conftest    conftest.c  >&5
configure:4722: $? = 0
configure:4729: ./conftest
configure:4733: $? = 0
configure:4748: result: no
configure:4753: checking for suffix of object files
configure:4775: gcc -c   conftest.c >&5
configure:4779: $? = 0
configure:4800: result: o
configure:4804: checking whether we are using the GNU C compiler
configure:4823: gcc -c   conftest.c >&5
configure:4823: $? = 0
configure:4832: result: yes
configure:4841: checking whether gcc accepts -g
configure:4861: gcc -c -g  conftest.c >&5
configure:4861: $? = 0
configure:4902: result: yes
configure:4919: checking for gcc option to accept ISO C89
configure:4982: gcc  -c -g -O2  conftest.c >&5
configure:4982: $? = 0
configure:4995: result: none needed
configure:5015: checking for gcc option to accept ISO C99
configure:5164: gcc  -c -g -O2  conftest.c >&5
configure:5164: $? = 0
configure:5177: result: none needed
configure:5304: checking for C++ compiler version
configure:5313: g++ --version >&5
g++ (GCC) 14.2.1 20240912 (Red Hat 14.2.1-3)
Copyright (C) 2024 Free Software Foundation, Inc.
This is free software; see the source for copying conditions.  There is NO
warranty; not even for MERCHANTABILITY or FITNESS FOR A PARTICULAR PURPOSE.

configure:5324: $? = 0
configure:5313: g++ -v >&5
Using built-in specs.
COLLECT_GCC=g++
COLLECT_LTO_WRAPPER=/usr/libexec/gcc/x86_64-redhat-linux/14/lto-wrapper
OFFLOAD_TARGET_NAMES=nvptx-none:amdgcn-amdhsa
OFFLOAD_TARGET_DEFAULT=1
Target: x86_64-redhat-linux
Configured with: ../configure --enable-bootstrap --enable-languages=c,c++,fortran,objc,obj-c++,ada,go,d,m2,lto --prefix=/usr --mandir=/usr/share/man --infodir=/usr/share/info --with-bugurl=http://bugzilla.redhat.com/bugzilla --enable-shared --enable-threads=posix --enable-checking=release --enable-multilib --with-system-zlib --enable-__cxa_atexit --disable-libunwind-exceptions --enable-gnu-unique-object --enable-linker-build-id --with-gcc-major-version-only --enable-libstdcxx-backtrace --with-libstdcxx-zoneinfo=/usr/share/zoneinfo --with-linker-hash-style=gnu --enable-plugin --enable-initfini-array --with-isl=/builddir/build/BUILD/gcc-14.2.1-20240912/obj-x86_64-redhat-linux/isl-install --enable-offload-targets=nvptx-none,amdgcn-amdhsa --enable-offload-defaulted --without-cuda-driver --enable-gnu-indirect-function --enable-cet --with-tune=generic --with-arch_32=i686 --build=x86_64-redhat-linux --with-build-config=bootstrap-lto --enable-link-serialization=1
Thread model: posix
Supported LTO compression algorithms: zlib zstd
gcc version 14.2.1 20240912 (Red Hat 14.2.1-3) (GCC) 
... rest of stderr output deleted ...
configure:5324: $? = 0
configure:5313: g++ -V >&5
g++: error: unrecognized command-line option '-V'
g++: fatal error: no input files
compilation terminated.
configure:5324: $? = 1
configure:5313: g++ -qversion >&5
g++: error: unrecognized command-line option '-qversion'; did you mean '--version'?
g++: fatal error: no input files
compilation terminated.
configure:5324: $? = 1
configure:5328: checking whether we are using the GNU C++ compiler
configure:5347: g++ -c   conftest.cpp >&5
configure:5347: $? = 0
configure:5356: result: yes
configure:5365: checking whether g++ accepts -g
configure:5385: g++ -c -g  conftest.cpp >&5
configure:5385: $? = 0
configure:5426: result: yes
configure:5475: checking whether g++ accepts -static-libstdc++ -static-libgcc
configure:5492: g++ -o conftest -g -O2   -static-libstdc++ -static-libgcc conftest.cpp  >&5
/usr/bin/ld: cannot find -lstdc++: No such file or directory
collect2: error: ld returned 1 exit status
configure:5492: $? = 1
configure: failed program was:
| /* confdefs.h */
| #define PACKAGE_NAME ""
| #define PACKAGE_TARNAME ""
| #define PACKAGE_VERSION ""
| #define PACKAGE_STRING ""
| #define PACKAGE_BUGREPORT ""
| #define PACKAGE_URL ""
| /* end confdefs.h.  */
| 
| #if (__GNUC__ < 4) || (__GNUC__ == 4 && __GNUC_MINOR__ < 5)
| #error -static-libstdc++ not implemented
| #endif
| int main() {}
configure:5496: result: no
configure:5557: checking for gnatbind
configure:5587: result: no
configure:5649: checking for gnatmake
configure:5679: result: no
configure:5698: checking whether compiler driver understands Ada and is recent enough
configure:5725: result: no
configure:5779: checking for gdc
configure:5809: result: no
configure:5828: checking whether the D compiler works
configure:5845: result: no
configure:5857: checking for cargo
configure:5887: result: no
configure:5901: checking how to compare bootstrapped objects
configure:5926: result: cmp --ignore-initial=16 $$f1 $$f2
configure:5993: checking whether g++ supports C++14 features by default
configure:6409: g++ -c -g -O2  conftest.cpp >&5
configure:6409: $? = 0
configure:6416: result: yes
configure:8790: checking for objdir
configure:8805: result: .libs
configure:8975: checking for the correct version of gmp.h
configure:8994: gcc -c -g -O2   conftest.c >&5
configure:8994: $? = 0
configure:9012: gcc -c -g -O2   conftest.c >&5
configure:9012: $? = 0
configure:9013: result: yes
configure:9029: checking for the correct version of mpfr.h
configure:9047: gcc -c -g -O2   conftest.c >&5
configure:9047: $? = 0
configure:9064: gcc -c -g -O2   conftest.c >&5
configure:9064: $? = 0
configure:9065: result: yes
configure:9082: checking for the correct version of mpc.h
configure:9099: gcc -c -g -O2   conftest.c >&5
configure:9099: $? = 0
configure:9115: gcc -c -g -O2   conftest.c >&5
configure:9115: $? = 0
configure:9116: result: yes
configure:9134: checking for the correct version of the gmp/mpfr libraries
configure:9158: gcc -o conftest -g -O2    conftest.c  -lmpc -lmpfr -lgmp >&5
configure:9158: $? = 0
configure:9159: result: yes
configure:9174: checking for the correct version of the mpc libraries
configure:9195: gcc -o conftest -g -O2    conftest.c  -lmpc -lmpfr -lgmp >&5
configure:9195: $? = 0
configure:9196: result: yes
configure:9421: checking for isl 0.15 or later
configure:9434: gcc -o conftest -g -O2      -lisl -lmpc -lmpfr -lgmp conftest.c  -lisl -lgmp >&5
conftest.c:11:10: fatal error: isl/schedule.h: No such file or directory
   11 | #include <isl/schedule.h>
      |          ^~~~~~~~~~~~~~~~
compilation terminated.
configure:9434: $? = 1
configure: failed program was:
| /* confdefs.h */
| #define PACKAGE_NAME ""
| #define PACKAGE_TARNAME ""
| #define PACKAGE_VERSION ""
| #define PACKAGE_STRING ""
| #define PACKAGE_BUGREPORT ""
| #define PACKAGE_URL ""
| #define HAVE_CXX14 1
| #define LT_OBJDIR ".libs/"
| /* end confdefs.h.  */
| #include <isl/schedule.h>
| int
| main ()
| {
| isl_options_set_schedule_serialize_sccs (NULL, 0);
|   ;
|   return 0;
| }
configure:9441: result: no
configure:9445: result: required isl version is 0.15 or later
configure:9663: checking whether to enable libgdiagnostics
configure:9695: result: no
configure:9708: checking for library containing dlopen
configure:9739: gcc -o conftest -g -O2   conftest.c  >&5
configure:9739: $? = 0
configure:9756: result: none required
configure:9764: checking for library containing pthread_create
configure:9795: gcc -o conftest -g -O2   conftest.c  >&5
configure:9795: $? = 0
configure:9812: result: none required
configure:10900: checking for default BUILD_CONFIG
configure:10932: result: 
configure:10937: checking for --enable-vtable-verify
configure:10950: result: no
configure:11637: checking for bison
configure:11653: found /usr/bin/bison
configure:11664: result: bison -y
configure:11684: checking for bison
configure:11700: found /usr/bin/bison
configure:11711: result: bison
configure:11731: checking for gm4
configure:11761: result: no
configure:11731: checking for gnum4
configure:11761: result: no
configure:11731: checking for m4
configure:11747: found /usr/bin/m4
configure:11758: result: m4
configure:11778: checking for flex
configure:11794: found /usr/bin/flex
configure:11805: result: flex
configure:11826: checking for flex
configure:11842: found /usr/bin/flex
configure:11853: result: flex
configure:11873: checking for makeinfo
configure:11903: result: no
configure:11934: checking for expect
configure:11964: result: no
configure:11983: checking for runtest
configure:12013: result: no
configure:12128: checking for ar
configure:12144: found /usr/bin/ar
configure:12155: result: ar
configure:12269: checking for as
configure:12285: found /usr/bin/as
configure:12296: result: as
configure:12410: checking for dlltool
configure:12440: result: no
configure:12551: checking for dsymutil
configure:12581: result: no
configure:12692: checking for ld
configure:12708: found /usr/bin/ld
configure:12719: result: ld
configure:12833: checking for lipo
configure:12863: result: no
configure:12974: checking for nm
configure:12990: found /usr/bin/nm
configure:13001: result: nm
configure:13115: checking for ranlib
configure:13131: found /usr/bin/ranlib
configure:13142: result: ranlib
configure:13251: checking for strip
configure:13267: found /usr/bin/strip
configure:13278: result: strip
configure:13387: checking for windres
configure:13417: result: no
configure:13528: checking for windmc
configure:13558: result: no
configure:13669: checking for objcopy
configure:13685: found /usr/bin/objcopy
configure:13696: result: objcopy
configure:13810: checking for objdump
configure:13826: found /usr/bin/objdump
configure:13837: result: objdump
configure:13951: checking for otool
configure:13981: result: no
configure:14092: checking for readelf
configure:14108: found /usr/bin/readelf
configure:14119: result: readelf
configure:14149: checking for -plugin option
configure:14269: result: --plugin /usr/libexec/gcc/x86_64-redhat-linux/14/liblto_plugin.so
configure:14416: checking for cc
configure:14432: found /usr/bin/cc
configure:14443: result: cc
configure:14577: checking for c++
configure:14593: found /usr/bin/c++
configure:14604: result: c++
configure:14738: checking for gcc
configure:14754: found /usr/bin/gcc
configure:14765: result: gcc
configure:14894: checking for gfortran
configure:14924: result: no
configure:15055: checking for gccgo
configure:15085: result: no
configure:15216: checking for gdc
configure:15246: result: no
configure:15377: checking for gm2
configure:15407: result: no
configure:15468: checking for ar
configure:15501: result: no
configure:15618: checking for ar
configure:15634: found /usr/bin/ar
configure:15645: result: ar
configure:15698: checking for as
configure:15731: result: no
configure:15848: checking for as
configure:15864: found /usr/bin/as
configure:15875: result: as
configure:15928: checking for dlltool
configure:15961: result: no
configure:16078: checking for dlltool
configure:16108: result: no
configure:16158: checking for dsymutil
configure:16191: result: no
configure:16308: checking for dsymutil
configure:16338: result: no
configure:16388: checking for ld
configure:16421: result: no
configure:16538: checking for ld
configure:16554: found /usr/bin/ld
configure:16565: result: ld
configure:16618: checking for lipo
configure:16651: result: no
configure:16768: checking for lipo
configure:16798: result: no
configure:16848: checking for nm
configure:16881: result: no
configure:16998: checking for nm
configure:17014: found /usr/bin/nm
configure:17025: result: nm
configure:17078: checking for objcopy
configure:17111: result: no
configure:17228: checking for objcopy
configure:17244: found /usr/bin/objcopy
configure:17255: result: objcopy
configure:17308: checking for objdump
configure:17341: result: no
configure:17458: checking for objdump
configure:17474: found /usr/bin/objdump
configure:17485: result: objdump
configure:17538: checking for otool
configure:17571: result: no
configure:17688: checking for otool
configure:17718: result: no
configure:17768: checking for ranlib
configure:17801: result: no
configure:17918: checking for ranlib
configure:17934: found /usr/bin/ranlib
configure:17945: result: ranlib
configure:17998: checking for readelf
configure:18031: result: no
configure:18148: checking for readelf
configure:18164: found /usr/bin/readelf
configure:18175: result: readelf
configure:18228: checking for strip
configure:18261: result: no
configure:18378: checking for strip
configure:18394: found /usr/bin/strip
configure:18405: result: strip
configure:18458: checking for windres
configure:18491: result: no
configure:18608: checking for windres
configure:18638: result: no
configure:18688: checking for windmc
configure:18721: result: no
configure:18838: checking for windmc
configure:18868: result: no
configure:18896: checking where to find the target ar
configure:18929: result: host tool
configure:18938: checking where to find the target as
configure:18971: result: host tool
configure:18980: checking where to find the target cc
configure:19003: result: just compiled
configure:19022: checking where to find the target c++
configure:19048: result: just compiled
configure:19067: checking where to find the target c++ for libstdc++
configure:19093: result: just compiled
configure:19112: checking where to find the target dlltool
configure:19145: result: host tool
configure:19154: checking where to find the target dsymutil
configure:19176: result: host tool
configure:19185: checking where to find the target gcc
configure:19208: result: just compiled
configure:19227: checking where to find the target gfortran
configure:19263: result: host tool
configure:19272: checking where to find the target gccgo
configure:19308: result: host tool
configure:19317: checking where to find the target gdc
configure:19353: result: host tool
configure:19362: checking where to find the target gm2
configure:19398: result: host tool
configure:19407: checking where to find the target ld
configure:19440: result: host tool
configure:19449: checking where to find the target lipo
configure:19471: result: host tool
configure:19480: checking where to find the target nm
configure:19513: result: host tool
configure:19522: checking where to find the target objcopy
configure:19555: result: host tool
configure:19564: checking where to find the target objdump
configure:19597: result: host tool
configure:19606: checking where to find the target otool
configure:19628: result: host tool
configure:19637: checking where to find the target ranlib
configure:19670: result: host tool
configure:19679: checking where to find the target readelf
configure:19712: result: host tool
configure:19721: checking where to find the target strip
configure:19754: result: host tool
configure:19763: checking where to find the target windres
configure:19796: result: host tool
configure:19805: checking where to find the target windmc
configure:19838: result: host tool
configure:19875: checking whether to enable maintainer-specific portions of Makefiles
configure:19884: result: no
configure:20121: creating ./config.status

## ---------------------- ##
## Running config.status. ##
## ---------------------- ##

This file was extended by config.status, which was
generated by GNU Autoconf 2.69.  Invocation command line was

  CONFIG_FILES    = 
  CONFIG_HEADERS  = 
  CONFIG_LINKS    = 
  CONFIG_COMMANDS = 
  $ ./config.status 

on x86-001.spo600.cdot.systems

config.status:1069: creating Makefile

## ---------------- ##
## Cache variables. ##
## ---------------- ##

ac_cv_build=x86_64-pc-linux-gnu
ac_cv_c_compiler_gnu=yes
ac_cv_cxx_compiler_gnu=yes
ac_cv_env_AR_FOR_TARGET_set=
ac_cv_env_AR_FOR_TARGET_value=
ac_cv_env_AR_set=
ac_cv_env_AR_value=
ac_cv_env_AS_FOR_TARGET_set=
ac_cv_env_AS_FOR_TARGET_value=
ac_cv_env_AS_set=
ac_cv_env_AS_value=
ac_cv_env_CCC_set=
ac_cv_env_CCC_value=
ac_cv_env_CC_FOR_TARGET_set=
ac_cv_env_CC_FOR_TARGET_value=
ac_cv_env_CC_set=set
ac_cv_env_CC_value=gcc
ac_cv_env_CFLAGS_set=
ac_cv_env_CFLAGS_value=
ac_cv_env_CPPFLAGS_set=
ac_cv_env_CPPFLAGS_value=
ac_cv_env_CXXFLAGS_set=
ac_cv_env_CXXFLAGS_value=
ac_cv_env_CXX_FOR_TARGET_set=
ac_cv_env_CXX_FOR_TARGET_value=
ac_cv_env_CXX_set=set
ac_cv_env_CXX_value=g++
ac_cv_env_DLLTOOL_FOR_TARGET_set=
ac_cv_env_DLLTOOL_FOR_TARGET_value=
ac_cv_env_DLLTOOL_set=
ac_cv_env_DLLTOOL_value=
ac_cv_env_DSYMUTIL_FOR_TARGET_set=
ac_cv_env_DSYMUTIL_FOR_TARGET_value=
ac_cv_env_DSYMUTIL_set=
ac_cv_env_DSYMUTIL_value=
ac_cv_env_GCC_FOR_TARGET_set=
ac_cv_env_GCC_FOR_TARGET_value=
ac_cv_env_GDC_FOR_TARGET_set=
ac_cv_env_GDC_FOR_TARGET_value=
ac_cv_env_GFORTRAN_FOR_TARGET_set=
ac_cv_env_GFORTRAN_FOR_TARGET_value=
ac_cv_env_GM2_FOR_TARGET_set=
ac_cv_env_GM2_FOR_TARGET_value=
ac_cv_env_GOC_FOR_TARGET_set=
ac_cv_env_GOC_FOR_TARGET_value=
ac_cv_env_LDFLAGS_set=
ac_cv_env_LDFLAGS_value=
ac_cv_env_LD_FOR_TARGET_set=
ac_cv_env_LD_FOR_TARGET_value=
ac_cv_env_LD_set=
ac_cv_env_LD_value=
ac_cv_env_LIBS_set=
ac_cv_env_LIBS_value=
ac_cv_env_LIPO_FOR_TARGET_set=
ac_cv_env_LIPO_FOR_TARGET_value=
ac_cv_env_LIPO_set=
ac_cv_env_LIPO_value=
ac_cv_env_NM_FOR_TARGET_set=
ac_cv_env_NM_FOR_TARGET_value=
ac_cv_env_NM_set=
ac_cv_env_NM_value=
ac_cv_env_OBJCOPY_FOR_TARGET_set=
ac_cv_env_OBJCOPY_FOR_TARGET_value=
ac_cv_env_OBJCOPY_set=
ac_cv_env_OBJCOPY_value=
ac_cv_env_OBJDUMP_FOR_TARGET_set=
ac_cv_env_OBJDUMP_FOR_TARGET_value=
ac_cv_env_OBJDUMP_set=
ac_cv_env_OBJDUMP_value=
ac_cv_env_OTOOL_FOR_TARGET_set=
ac_cv_env_OTOOL_FOR_TARGET_value=
ac_cv_env_OTOOL_set=
ac_cv_env_OTOOL_value=
ac_cv_env_RANLIB_FOR_TARGET_set=
ac_cv_env_RANLIB_FOR_TARGET_value=
ac_cv_env_RANLIB_set=
ac_cv_env_RANLIB_value=
ac_cv_env_READELF_FOR_TARGET_set=
ac_cv_env_READELF_FOR_TARGET_value=
ac_cv_env_READELF_set=
ac_cv_env_READELF_value=
ac_cv_env_STRIP_FOR_TARGET_set=
ac_cv_env_STRIP_FOR_TARGET_value=
ac_cv_env_STRIP_set=
ac_cv_env_STRIP_value=
ac_cv_env_WINDMC_FOR_TARGET_set=
ac_cv_env_WINDMC_FOR_TARGET_value=
ac_cv_env_WINDMC_set=
ac_cv_env_WINDMC_value=
ac_cv_env_WINDRES_FOR_TARGET_set=
ac_cv_env_WINDRES_FOR_TARGET_value=
ac_cv_env_WINDRES_set=
ac_cv_env_WINDRES_value=
ac_cv_env_build_alias_set=
ac_cv_env_build_alias_value=
ac_cv_env_build_configargs_set=
ac_cv_env_build_configargs_value=
ac_cv_env_host_alias_set=
ac_cv_env_host_alias_value=
ac_cv_env_host_configargs_set=
ac_cv_env_host_configargs_value=
ac_cv_env_target_alias_set=
ac_cv_env_target_alias_value=
ac_cv_env_target_configargs_set=
ac_cv_env_target_configargs_value=
ac_cv_host=x86_64-pc-linux-gnu
ac_cv_objext=o
ac_cv_path_SED=/usr/bin/sed
ac_cv_path_install='/usr/bin/install -c'
ac_cv_prog_AR=ar
ac_cv_prog_AR_FOR_TARGET=ar
ac_cv_prog_AS=as
ac_cv_prog_AS_FOR_TARGET=as
ac_cv_prog_AWK=gawk
ac_cv_prog_BISON=bison
ac_cv_prog_CC_FOR_TARGET=cc
ac_cv_prog_CXX_FOR_TARGET=c++
ac_cv_prog_FLEX=flex
ac_cv_prog_GCC_FOR_TARGET=gcc
ac_cv_prog_LD=ld
ac_cv_prog_LD_FOR_TARGET=ld
ac_cv_prog_LEX=flex
ac_cv_prog_M4=m4
ac_cv_prog_NM=nm
ac_cv_prog_NM_FOR_TARGET=nm
ac_cv_prog_OBJCOPY=objcopy
ac_cv_prog_OBJCOPY_FOR_TARGET=objcopy
ac_cv_prog_OBJDUMP=objdump
ac_cv_prog_OBJDUMP_FOR_TARGET=objdump
ac_cv_prog_RANLIB=ranlib
ac_cv_prog_RANLIB_FOR_TARGET=ranlib
ac_cv_prog_READELF=readelf
ac_cv_prog_READELF_FOR_TARGET=readelf
ac_cv_prog_STRIP=strip
ac_cv_prog_STRIP_FOR_TARGET=strip
ac_cv_prog_YACC='bison -y'
ac_cv_prog_ac_ct_CC=gcc
ac_cv_prog_cc_c89=
ac_cv_prog_cc_c99=
ac_cv_prog_cc_g=yes
ac_cv_prog_cxx_g=yes
ac_cv_search_dlopen='none required'
ac_cv_search_pthread_create='none required'
ac_cv_target=x86_64-pc-linux-gnu
acx_cv_cc_gcc_supports_ada=no
acx_cv_d_compiler_works=no
acx_cv_prog_LN=ln
ax_cv_cxx_compile_cxx14=yes
gcc_cv_isl=no
gcc_cv_prog_cmp_skip='cmp --ignore-initial=16 $$f1 $$f2'
gcc_cv_tool_dirs=/home/skim499/gcc-custom-pass/install/libexec/gcc/x86_64-pc-linux-gnu/15.0.1:/home/skim499/gcc-custom-pass/install/libexec/gcc/x86_64-pc-linux-gnu:/usr/lib/gcc/x86_64-pc-linux-gnu/15.0.1:/usr/lib/gcc/x86_64-pc-linux-gnu:/home/skim499/gcc-custom-pass/install/x86_64-pc-linux-gnu/bin/x86_64-pc-linux-gnu/15.0.1:/home/skim499/gcc-custom-pass/install/x86_64-pc-linux-gnu/bin:
gcc_cv_tool_prefix=/home/skim499/gcc-custom-pass/install
lt_cv_objdir=.libs

## ----------------- ##
## Output variables. ##
## ----------------- ##

AR='ar'
AR_FOR_BUILD='$(AR)'
AR_FOR_TARGET='$(AR)'
AR_PLUGIN_OPTION='--plugin /usr/libexec/gcc/x86_64-redhat-linux/14/liblto_plugin.so'
AS='as'
AS_FOR_BUILD='$(AS)'
AS_FOR_TARGET='$(AS)'
AWK='gawk'
BISON='bison'
BUILD_CONFIG=''
CARGO='no'
CC='gcc'
CC_FOR_BUILD='$(CC)'
CC_FOR_TARGET='$$r/$(HOST_SUBDIR)/gcc/xgcc -B$$r/$(HOST_SUBDIR)/gcc/'
CFLAGS='-g -O2'
CFLAGS_FOR_BUILD='-g -O2'
CFLAGS_FOR_TARGET='-g -O2'
COMPILER_AS_FOR_TARGET='$$r/$(HOST_SUBDIR)/gcc/as'
COMPILER_LD_FOR_TARGET='$$r/$(HOST_SUBDIR)/gcc/collect-ld'
COMPILER_NM_FOR_TARGET='$$r/$(HOST_SUBDIR)/gcc/nm'
CONFIGURE_GDB_TK=''
CPPFLAGS=''
CPPFLAGS_FOR_BUILD=''
CPP_FOR_BUILD=''
CRAB1_LIBS=''
CXX='g++'
CXXFLAGS='-g -O2'
CXXFLAGS_FOR_BUILD='-g -O2'
CXXFLAGS_FOR_TARGET='-g -O2'
CXX_FOR_BUILD='$(CXX)'
CXX_FOR_TARGET='$$r/$(HOST_SUBDIR)/gcc/xg++ -B$$r/$(HOST_SUBDIR)/gcc/ -nostdinc++ `if test -f $$r/$(TARGET_SUBDIR)/libstdc++-v3/scripts/testsuite_flags; then $(SHELL) $$r/$(TARGET_SUBDIR)/libstdc++-v3/scripts/testsuite_flags --build-includes; else echo -funconfigured-libstdc++-v3 ; fi` -L$$r/$(TARGET_SUBDIR)/libstdc++-v3/src -L$$r/$(TARGET_SUBDIR)/libstdc++-v3/src/.libs -L$$r/$(TARGET_SUBDIR)/libstdc++-v3/libsupc++/.libs'
DEBUG_PREFIX_CFLAGS_FOR_TARGET=''
DEFS='-DPACKAGE_NAME=\"\" -DPACKAGE_TARNAME=\"\" -DPACKAGE_VERSION=\"\" -DPACKAGE_STRING=\"\" -DPACKAGE_BUGREPORT=\"\" -DPACKAGE_URL=\"\" -DHAVE_CXX14=1 -DLT_OBJDIR=\".libs/\"'
DLLTOOL='dlltool'
DLLTOOL_FOR_BUILD='$(DLLTOOL)'
DLLTOOL_FOR_TARGET='$(DLLTOOL)'
DSYMUTIL='dsymutil'
DSYMUTIL_FOR_BUILD='$(DSYMUTIL)'
DSYMUTIL_FOR_TARGET='$(DSYMUTIL)'
ECHO_C=''
ECHO_N='-n'
ECHO_T=''
EXEEXT=''
EXPECT='expect'
FLAGS_FOR_TARGET=' -B$(build_tooldir)/bin/ -B$(build_tooldir)/lib/ -isystem $(build_tooldir)/include -isystem $(build_tooldir)/sys-include'
FLEX='flex'
GCC_FOR_TARGET='$$r/$(HOST_SUBDIR)/gcc/xgcc -B$$r/$(HOST_SUBDIR)/gcc/'
GCC_SHLIB_SUBDIR=''
GDB_TK=''
GDC='no'
GDCFLAGS='-g -O2'
GDC_FOR_BUILD='$(GDC)'
GDC_FOR_TARGET='$(GDC)'
GFORTRAN_FOR_BUILD='$(GFORTRAN)'
GFORTRAN_FOR_TARGET='$(GFORTRAN)'
GM2_FOR_TARGET='$(GM2)'
GNATBIND='no'
GNATMAKE='no'
GOC_FOR_BUILD='$(GOC)'
GOC_FOR_TARGET='$(GOC)'
HAVE_CXX14='1'
HAVE_CXX14_FOR_BUILD=''
INSTALL_DATA='${INSTALL} -m 644'
INSTALL_GDB_TK=''
INSTALL_PROGRAM='${INSTALL}'
INSTALL_SCRIPT='${INSTALL}'
LD='ld'
LDFLAGS=''
LDFLAGS_FOR_BUILD=''
LDFLAGS_FOR_TARGET=''
LD_FOR_BUILD='$(LD)'
LD_FOR_TARGET='$(LD)'
LEX='flex'
LIBOBJS=''
LIBS=''
LIPO='lipo'
LIPO_FOR_TARGET='$(LIPO)'
LN='ln'
LN_S='ln -s'
LTLIBOBJS=''
M4='m4'
MAINT='#'
MAINTAINER_MODE_FALSE=''
MAINTAINER_MODE_TRUE='#'
MAKEINFO='/home/skim499/gcc-custom-pass/src/missing makeinfo'
NM='nm'
NM_FOR_BUILD='$(NM)'
NM_FOR_TARGET='$(NM)'
OBJCOPY='objcopy'
OBJCOPY_FOR_TARGET='$(OBJCOPY)'
OBJDUMP='objdump'
OBJDUMP_FOR_TARGET='$(OBJDUMP)'
OBJEXT='o'
OTOOL='otool'
OTOOL_FOR_TARGET='$(OTOOL)'
PACKAGE_BUGREPORT=''
PACKAGE_NAME=''
PACKAGE_STRING=''
PACKAGE_TARNAME=''
PACKAGE_URL=''
PACKAGE_VERSION=''
PATH_SEPARATOR=':'
PGO_BUILD_GEN_CFLAGS=''
PGO_BUILD_LTO_CFLAGS=''
PGO_BUILD_USE_CFLAGS=''
PICFLAG=''
PKG_CONFIG_PATH=''
RANLIB='ranlib'
RANLIB_FOR_BUILD='$(RANLIB)'
RANLIB_FOR_TARGET='$(RANLIB)'
RANLIB_PLUGIN_OPTION='--plugin /usr/libexec/gcc/x86_64-redhat-linux/14/liblto_plugin.so'
RAW_CXX_FOR_TARGET='$$r/$(HOST_SUBDIR)/gcc/xgcc -shared-libgcc -B$$r/$(HOST_SUBDIR)/gcc -nostdinc++ -L$$r/$(TARGET_SUBDIR)/libstdc++-v3/src -L$$r/$(TARGET_SUBDIR)/libstdc++-v3/src/.libs -L$$r/$(TARGET_SUBDIR)/libstdc++-v3/libsupc++/.libs'
READELF='readelf'
READELF_FOR_TARGET='$(READELF)'
RPATH_ENVVAR='LD_LIBRARY_PATH'
RUNTEST='runtest'
SED='/usr/bin/sed'
SHELL='/bin/sh'
STRIP='strip'
STRIP_FOR_TARGET='$(STRIP)'
SYSROOT_CFLAGS_FOR_TARGET=''
TOPLEVEL_CONFIGURE_ARGUMENTS='../src/configure --prefix=/home/skim499/gcc-custom-pass/install --disable-bootstrap --enable-languages=c,c++'
WINDMC='windmc'
WINDMC_FOR_BUILD='$(WINDMC)'
WINDMC_FOR_TARGET='$(WINDMC)'
WINDRES='windres'
WINDRES_FOR_BUILD='$(WINDRES)'
WINDRES_FOR_TARGET='$(WINDRES)'
YACC='bison -y'
ac_ct_CC='gcc'
ac_ct_CXX=''
bindir='${exec_prefix}/bin'
build='x86_64-pc-linux-gnu'
build_alias=''
build_configargs=' --cache-file=./config.cache '\''--prefix=/home/skim499/gcc-custom-pass/install'\'' '\''--disable-bootstrap'\'' '\''--enable-languages=c,c++,lto'\'' --program-transform-name='\''s,y,y,'\'' --disable-option-checking --disable-year2038'
build_configdirs=' libiberty libcpp fixincludes'
build_cpu='x86_64'
build_libsubdir='build-x86_64-pc-linux-gnu'
build_noncanonical='x86_64-pc-linux-gnu'
build_os='linux-gnu'
build_subdir='build-x86_64-pc-linux-gnu'
build_tooldir='${exec_prefix}/x86_64-pc-linux-gnu'
build_vendor='pc'
compare_exclusions='gcc/cc*-checksum$(objext) | gcc/ada/*tools/* | gcc/m2/gm2-compiler-boot/M2Version* | gcc/m2/gm2-compiler-boot/SYSTEM* | gcc/m2/gm2version*'
configdirs=' libiberty zlib libbacktrace libcpp libcody libdecnumber fixincludes gcc libcc1 c++tools lto-plugin'
datadir='${datarootdir}'
datarootdir='${prefix}/share'
do_compare='cmp --ignore-initial=16 $$f1 $$f2'
docdir='${datarootdir}/doc/${PACKAGE}'
dvidir='${docdir}'
enable_libgdiagnostics='no'
exec_prefix='${prefix}'
extra_host_libiberty_configure_flags='--enable-shared'
extra_host_zlib_configure_flags=''
extra_isl_gmp_configure_flags=''
extra_linker_plugin_configure_flags=''
extra_linker_plugin_flags=''
extra_mpc_gmp_configure_flags=''
extra_mpc_mpfr_configure_flags=''
extra_mpfr_configure_flags=''
gcc_host_pie=''
get_gcc_base_ver='cat'
gmpinc=''
gmplibs='-lmpc -lmpfr -lgmp'
host='x86_64-pc-linux-gnu'
host_alias=''
host_configargs=' --cache-file=./config.cache  '\''--prefix=/home/skim499/gcc-custom-pass/install'\'' '\''--disable-bootstrap'\'' '\''--enable-languages=c,c++,lto'\'' --program-transform-name='\''s,y,y,'\'' --disable-option-checking --disable-year2038'
host_cpu='x86_64'
host_libs_picflag=''
host_noncanonical='x86_64-pc-linux-gnu'
host_os='linux-gnu'
host_pie='no'
host_shared='no'
host_subdir='.'
host_vendor='pc'
htmldir='${docdir}'
includedir='${prefix}/include'
infodir='${datarootdir}/info'
islinc=''
isllibs=''
libdir='${exec_prefix}/lib'
libexecdir='${exec_prefix}/libexec'
localedir='${datarootdir}/locale'
localstatedir='${prefix}/var'
mandir='${datarootdir}/man'
oldincludedir='/usr/include'
pdfdir='${docdir}'
poststage1_ldflags='-static-libstdc++ -static-libgcc'
poststage1_libs=''
prefix='/home/skim499/gcc-custom-pass/install'
program_transform_name='s,y,y,'
psdir='${docdir}'
sbindir='${exec_prefix}/sbin'
sharedstatedir='${prefix}/com'
stage1_cflags='-g'
stage1_checking='--enable-checking=yes,types,extra'
stage1_languages='c,c++,lto'
stage1_ldflags=''
stage1_libs=''
stage2_werror_flag='--enable-werror-always'
sysconfdir='${prefix}/etc'
target='x86_64-pc-linux-gnu'
target_alias=''
target_configargs='--cache-file=./config.cache --enable-multilib   '\''--prefix=/home/skim499/gcc-custom-pass/install'\'' '\''--disable-bootstrap'\'' '\''--enable-languages=c,c++,lto'\'' --program-transform-name='\''s,y,y,'\'' --disable-option-checking --disable-year2038'
target_configdirs=' libgcc libgomp libatomic libitm libstdc++-v3 libsanitizer libvtv libssp libquadmath'
target_cpu='x86_64'
target_noncanonical='x86_64-pc-linux-gnu'
target_os='linux-gnu'
target_subdir='x86_64-pc-linux-gnu'
target_vendor='pc'
tooldir='${exec_prefix}/x86_64-pc-linux-gnu'

## ------------------- ##
## File substitutions. ##
## ------------------- ##

alphaieee_frag='/dev/null'
host_makefile_frag='/dev/null'
ospace_frag='/dev/null'
serialization_dependencies='serdep.tmp'
target_makefile_frag='../src/config/mt-gnu'

## ----------- ##
## confdefs.h. ##
## ----------- ##

/* confdefs.h */
#define PACKAGE_NAME ""
#define PACKAGE_TARNAME ""
#define PACKAGE_VERSION ""
#define PACKAGE_STRING ""
#define PACKAGE_BUGREPORT ""
#define PACKAGE_URL ""
#define HAVE_CXX14 1
#define LT_OBJDIR ".libs/"

configure: exit 0
