This file contains any messages produced by compilers while
running configure, to aid debugging if configure makes a mistake.

It was created by libcc1 configure version-unused, which was
generated by GNU Autoconf 2.69.  Invocation command line was

  $ /home/skim499/gcc-custom-pass/src/libcc1/configure --srcdir=../../src/libcc1 --cache-file=./config.cache --prefix=/home/skim499/gcc-custom-pass/install --disable-bootstrap --enable-languages=c,c++,lto --program-transform-name=s,y,y, --disable-option-checking --disable-year2038 --build=x86_64-pc-linux-gnu --host=x86_64-pc-linux-gnu --target=x86_64-pc-linux-gnu --enable-shared

## --------- ##
## Platform. ##
## --------- ##

hostname = x86-001.spo600.cdot.systems
uname -m = x86_64
uname -r = 6.13.4-100.fc40.x86_64
uname -s = Linux
uname -v = #1 SMP PREEMPT_DYNAMIC Sun Feb 23 15:15:27 UTC 2025

/usr/bin/uname -p = unknown
/bin/uname -X     = unknown

/bin/arch              = x86_64
/usr/bin/arch -k       = unknown
/usr/convex/getsysinfo = unknown
/usr/bin/hostinfo      = unknown
/bin/machine           = unknown
/usr/bin/oslevel       = unknown
/bin/universe          = unknown

PATH: /home/skim499/gcc-custom-pass/build/gcc
PATH: /home/skim499/.local/bin
PATH: /home/skim499/bin
PATH: /usr/local/bin
PATH: /usr/bin
PATH: /usr/local/sbin
PATH: /usr/sbin


## ----------- ##
## Core tests. ##
## ----------- ##

configure:2347: creating cache ./config.cache
configure:2460: checking build system type
configure:2474: result: x86_64-pc-linux-gnu
configure:2494: checking host system type
configure:2507: result: x86_64-pc-linux-gnu
configure:2527: checking target system type
configure:2540: result: x86_64-pc-linux-gnu
configure:2578: checking for x86_64-pc-linux-gnu-gcc
configure:2605: result: gcc
configure:2874: checking for C compiler version
configure:2883: gcc --version >&5
gcc (GCC) 14.2.1 20240912 (Red Hat 14.2.1-3)
Copyright (C) 2024 Free Software Foundation, Inc.
This is free software; see the source for copying conditions.  There is NO
warranty; not even for MERCHANTABILITY or FITNESS FOR A PARTICULAR PURPOSE.

configure:2894: $? = 0
configure:2883: gcc -v >&5
Using built-in specs.
COLLECT_GCC=gcc
COLLECT_LTO_WRAPPER=/usr/libexec/gcc/x86_64-redhat-linux/14/lto-wrapper
OFFLOAD_TARGET_NAMES=nvptx-none:amdgcn-amdhsa
OFFLOAD_TARGET_DEFAULT=1
Target: x86_64-redhat-linux
Configured with: ../configure --enable-bootstrap --enable-languages=c,c++,fortran,objc,obj-c++,ada,go,d,m2,lto --prefix=/usr --mandir=/usr/share/man --infodir=/usr/share/info --with-bugurl=http://bugzilla.redhat.com/bugzilla --enable-shared --enable-threads=posix --enable-checking=release --enable-multilib --with-system-zlib --enable-__cxa_atexit --disable-libunwind-exceptions --enable-gnu-unique-object --enable-linker-build-id --with-gcc-major-version-only --enable-libstdcxx-backtrace --with-libstdcxx-zoneinfo=/usr/share/zoneinfo --with-linker-hash-style=gnu --enable-plugin --enable-initfini-array --with-isl=/builddir/build/BUILD/gcc-14.2.1-20240912/obj-x86_64-redhat-linux/isl-install --enable-offload-targets=nvptx-none,amdgcn-amdhsa --enable-offload-defaulted --without-cuda-driver --enable-gnu-indirect-function --enable-cet --with-tune=generic --with-arch_32=i686 --build=x86_64-redhat-linux --with-build-config=bootstrap-lto --enable-link-serialization=1
Thread model: posix
Supported LTO compression algorithms: zlib zstd
gcc version 14.2.1 20240912 (Red Hat 14.2.1-3) (GCC) 
... rest of stderr output deleted ...
configure:2894: $? = 0
configure:2883: gcc -V >&5
gcc: error: unrecognized command-line option '-V'
gcc: fatal error: no input files
compilation terminated.
configure:2894: $? = 1
configure:2883: gcc -qversion >&5
gcc: error: unrecognized command-line option '-qversion'; did you mean '--version'?
gcc: fatal error: no input files
compilation terminated.
configure:2894: $? = 1
configure:2914: checking whether the C compiler works
configure:2936: gcc -g -O2        conftest.c  >&5
configure:2940: $? = 0
configure:2988: result: yes
configure:2991: checking for C compiler default output file name
configure:2993: result: a.out
configure:2999: checking for suffix of executables
configure:3006: gcc -o conftest -g -O2        conftest.c  >&5
configure:3010: $? = 0
configure:3032: result: 
configure:3054: checking whether we are cross compiling
configure:3062: gcc -o conftest -g -O2        conftest.c  >&5
configure:3066: $? = 0
configure:3073: ./conftest
configure:3077: $? = 0
configure:3092: result: no
configure:3097: checking for suffix of object files
configure:3119: gcc -c -g -O2      conftest.c >&5
configure:3123: $? = 0
configure:3144: result: o
configure:3148: checking whether we are using the GNU C compiler
configure:3167: gcc -c -g -O2      conftest.c >&5
configure:3167: $? = 0
configure:3176: result: yes
configure:3185: checking whether gcc accepts -g
configure:3205: gcc -c -g  conftest.c >&5
configure:3205: $? = 0
configure:3246: result: yes
configure:3263: checking for gcc option to accept ISO C89
configure:3326: gcc  -c -g -O2      conftest.c >&5
configure:3326: $? = 0
configure:3339: result: none needed
configure:3364: checking whether gcc understands -c and -o together
configure:3386: gcc -c conftest.c -o conftest2.o
configure:3389: $? = 0
configure:3386: gcc -c conftest.c -o conftest2.o
configure:3389: $? = 0
configure:3401: result: yes
configure:3424: checking how to run the C preprocessor
configure:3455: gcc -E  conftest.c
configure:3455: $? = 0
configure:3469: gcc -E  conftest.c
conftest.c:9:10: fatal error: ac_nonexistent.h: No such file or directory
    9 | #include <ac_nonexistent.h>
      |          ^~~~~~~~~~~~~~~~~~
compilation terminated.
configure:3469: $? = 1
configure: failed program was:
| /* confdefs.h */
| #define PACKAGE_NAME "libcc1"
| #define PACKAGE_TARNAME "libcc1"
| #define PACKAGE_VERSION "version-unused"
| #define PACKAGE_STRING "libcc1 version-unused"
| #define PACKAGE_BUGREPORT ""
| #define PACKAGE_URL ""
| /* end confdefs.h.  */
| #include <ac_nonexistent.h>
configure:3494: result: gcc -E
configure:3514: gcc -E  conftest.c
configure:3514: $? = 0
configure:3528: gcc -E  conftest.c
conftest.c:9:10: fatal error: ac_nonexistent.h: No such file or directory
    9 | #include <ac_nonexistent.h>
      |          ^~~~~~~~~~~~~~~~~~
compilation terminated.
configure:3528: $? = 1
configure: failed program was:
| /* confdefs.h */
| #define PACKAGE_NAME "libcc1"
| #define PACKAGE_TARNAME "libcc1"
| #define PACKAGE_VERSION "version-unused"
| #define PACKAGE_STRING "libcc1 version-unused"
| #define PACKAGE_BUGREPORT ""
| #define PACKAGE_URL ""
| /* end confdefs.h.  */
| #include <ac_nonexistent.h>
configure:3557: checking for grep that handles long lines and -e
configure:3615: result: /usr/bin/grep
configure:3620: checking for egrep
configure:3682: result: /usr/bin/grep -E
configure:3687: checking for ANSI C header files
configure:3707: gcc -c -g -O2      conftest.c >&5
configure:3707: $? = 0
configure:3780: gcc -o conftest -g -O2        conftest.c  >&5
configure:3780: $? = 0
configure:3780: ./conftest
configure:3780: $? = 0
configure:3791: result: yes
configure:3804: checking for sys/types.h
configure:3804: gcc -c -g -O2      conftest.c >&5
configure:3804: $? = 0
configure:3804: result: yes
configure:3804: checking for sys/stat.h
configure:3804: gcc -c -g -O2      conftest.c >&5
configure:3804: $? = 0
configure:3804: result: yes
configure:3804: checking for stdlib.h
configure:3804: gcc -c -g -O2      conftest.c >&5
configure:3804: $? = 0
configure:3804: result: yes
configure:3804: checking for string.h
configure:3804: gcc -c -g -O2      conftest.c >&5
configure:3804: $? = 0
configure:3804: result: yes
configure:3804: checking for memory.h
configure:3804: gcc -c -g -O2      conftest.c >&5
configure:3804: $? = 0
configure:3804: result: yes
configure:3804: checking for strings.h
configure:3804: gcc -c -g -O2      conftest.c >&5
configure:3804: $? = 0
configure:3804: result: yes
configure:3804: checking for inttypes.h
configure:3804: gcc -c -g -O2      conftest.c >&5
configure:3804: $? = 0
configure:3804: result: yes
configure:3804: checking for stdint.h
configure:3804: gcc -c -g -O2      conftest.c >&5
configure:3804: $? = 0
configure:3804: result: yes
configure:3804: checking for unistd.h
configure:3804: gcc -c -g -O2      conftest.c >&5
configure:3804: $? = 0
configure:3804: result: yes
configure:3817: checking minix/config.h usability
configure:3817: gcc -c -g -O2      conftest.c >&5
conftest.c:52:10: fatal error: minix/config.h: No such file or directory
   52 | #include <minix/config.h>
      |          ^~~~~~~~~~~~~~~~
compilation terminated.
configure:3817: $? = 1
configure: failed program was:
| /* confdefs.h */
| #define PACKAGE_NAME "libcc1"
| #define PACKAGE_TARNAME "libcc1"
| #define PACKAGE_VERSION "version-unused"
| #define PACKAGE_STRING "libcc1 version-unused"
| #define PACKAGE_BUGREPORT ""
| #define PACKAGE_URL ""
| #define STDC_HEADERS 1
| #define HAVE_SYS_TYPES_H 1
| #define HAVE_SYS_STAT_H 1
| #define HAVE_STDLIB_H 1
| #define HAVE_STRING_H 1
| #define HAVE_MEMORY_H 1
| #define HAVE_STRINGS_H 1
| #define HAVE_INTTYPES_H 1
| #define HAVE_STDINT_H 1
| #define HAVE_UNISTD_H 1
| /* end confdefs.h.  */
| #include <stdio.h>
| #ifdef HAVE_SYS_TYPES_H
| # include <sys/types.h>
| #endif
| #ifdef HAVE_SYS_STAT_H
| # include <sys/stat.h>
| #endif
| #ifdef STDC_HEADERS
| # include <stdlib.h>
| # include <stddef.h>
| #else
| # ifdef HAVE_STDLIB_H
| #  include <stdlib.h>
| # endif
| #endif
| #ifdef HAVE_STRING_H
| # if !defined STDC_HEADERS && defined HAVE_MEMORY_H
| #  include <memory.h>
| # endif
| # include <string.h>
| #endif
| #ifdef HAVE_STRINGS_H
| # include <strings.h>
| #endif
| #ifdef HAVE_INTTYPES_H
| # include <inttypes.h>
| #endif
| #ifdef HAVE_STDINT_H
| # include <stdint.h>
| #endif
| #ifdef HAVE_UNISTD_H
| # include <unistd.h>
| #endif
| #include <minix/config.h>
configure:3817: result: no
configure:3817: checking minix/config.h presence
configure:3817: gcc -E  conftest.c
conftest.c:19:10: fatal error: minix/config.h: No such file or directory
   19 | #include <minix/config.h>
      |          ^~~~~~~~~~~~~~~~
compilation terminated.
configure:3817: $? = 1
configure: failed program was:
| /* confdefs.h */
| #define PACKAGE_NAME "libcc1"
| #define PACKAGE_TARNAME "libcc1"
| #define PACKAGE_VERSION "version-unused"
| #define PACKAGE_STRING "libcc1 version-unused"
| #define PACKAGE_BUGREPORT ""
| #define PACKAGE_URL ""
| #define STDC_HEADERS 1
| #define HAVE_SYS_TYPES_H 1
| #define HAVE_SYS_STAT_H 1
| #define HAVE_STDLIB_H 1
| #define HAVE_STRING_H 1
| #define HAVE_MEMORY_H 1
| #define HAVE_STRINGS_H 1
| #define HAVE_INTTYPES_H 1
| #define HAVE_STDINT_H 1
| #define HAVE_UNISTD_H 1
| /* end confdefs.h.  */
| #include <minix/config.h>
configure:3817: result: no
configure:3817: checking for minix/config.h
configure:3817: result: no
configure:3838: checking whether it is safe to define __EXTENSIONS__
configure:3856: gcc -c -g -O2      conftest.c >&5
configure:3856: $? = 0
configure:3863: result: yes
configure:3948: checking for a BSD-compatible install
configure:4016: result: /usr/bin/install -c
configure:4027: checking whether build environment is sane
configure:4082: result: yes
configure:4230: checking for a thread-safe mkdir -p
configure:4269: result: /usr/bin/mkdir -p
configure:4276: checking for gawk
configure:4303: result: gawk
configure:4314: checking whether make sets $(MAKE)
configure:4336: result: yes
configure:4366: checking for style of include used by make
configure:4394: result: GNU
configure:4428: checking whether make supports nested variables
configure:4445: result: yes
configure:4521: checking dependency style of gcc
configure:4632: result: gcc3
configure:4691: checking whether to enable maintainer-specific portions of Makefiles
configure:4700: result: no
configure:4760: checking how to print strings
configure:4787: result: printf
configure:4808: checking for a sed that does not truncate output
configure:4872: result: /usr/bin/sed
configure:4890: checking for fgrep
configure:4952: result: /usr/bin/grep -F
configure:4987: checking for ld used by gcc
configure:5054: result: ld
configure:5061: checking if the linker (ld) is GNU ld
configure:5076: result: yes
configure:5088: checking for BSD- or MS-compatible name lister (nm)
configure:5144: result: /home/skim499/gcc-custom-pass/build/gcc/nm -B
configure:5274: checking the name lister (/home/skim499/gcc-custom-pass/build/gcc/nm -B) interface
configure:5281: gcc -c -g -O2      conftest.c >&5
configure:5284: /home/skim499/gcc-custom-pass/build/gcc/nm -B "conftest.o"
configure:5287: output
0000000000000000 B some_variable
configure:5294: result: BSD nm
configure:5297: checking whether ln -s works
configure:5301: result: yes
configure:5309: checking the maximum length of command line arguments
configure:5434: result: 1572864
configure:5451: checking whether the shell understands some XSI constructs
configure:5461: result: yes
configure:5465: checking whether the shell understands "+="
configure:5471: result: yes
configure:5506: checking for ld option to reload object files
configure:5513: result: -r
configure:5542: checking for x86_64-pc-linux-gnu-objdump
configure:5569: result: objdump
configure:5641: checking how to recognize dependent libraries
configure:5847: result: pass_all
configure:5880: checking for x86_64-pc-linux-gnu-ar
configure:5907: result: ar --plugin /usr/libexec/gcc/x86_64-redhat-linux/14/liblto_plugin.so
configure:5998: checking for x86_64-pc-linux-gnu-strip
configure:6028: result: no
configure:6038: checking for strip
configure:6054: found /usr/bin/strip
configure:6065: result: strip
configure:6097: checking for x86_64-pc-linux-gnu-ranlib
configure:6124: result: ranlib --plugin /usr/libexec/gcc/x86_64-redhat-linux/14/liblto_plugin.so
configure:6271: checking command to parse /home/skim499/gcc-custom-pass/build/gcc/nm -B output from gcc object
configure:6389: gcc -c -g -O2      conftest.c >&5
configure:6392: $? = 0
configure:6396: /home/skim499/gcc-custom-pass/build/gcc/nm -B conftest.o \| sed -n -e 's/^.*[ ]\([ABCDGIRSTW][ABCDGIRSTW]*\)[ ][ ]*\([_A-Za-z][_A-Za-z0-9]*\)$/\1 \2 \2/p' \> conftest.nm
configure:6399: $? = 0
configure:6453: gcc -o conftest -g -O2        conftest.c conftstm.o >&5
configure:6456: $? = 0
configure:6494: result: ok
configure:6589: gcc -c -g -O2      conftest.c >&5
configure:6592: $? = 0
configure:7344: checking for dlfcn.h
configure:7344: gcc -c -g -O2      conftest.c >&5
configure:7344: $? = 0
configure:7344: result: yes
configure:7530: checking for objdir
configure:7545: result: .libs
configure:7816: checking if gcc supports -fno-rtti -fno-exceptions
configure:7834: gcc -c -g -O2      -fno-rtti -fno-exceptions conftest.c >&5
cc1: warning: command-line option '-fno-rtti' is valid for C++/D/ObjC++ but not for C
configure:7838: $? = 0
configure:7851: result: no
configure:7871: checking for gcc option to produce PIC
configure:8157: result: -fPIC -DPIC
configure:8169: checking if gcc PIC flag -fPIC -DPIC works
configure:8187: gcc -c -g -O2      -fPIC -DPIC -DPIC conftest.c >&5
configure:8191: $? = 0
configure:8204: result: yes
configure:8228: checking if gcc static flag -static works
configure:8256: result: yes
configure:8271: checking if gcc supports -c -o file.o
configure:8292: gcc -c -g -O2      -o out/conftest2.o conftest.c >&5
configure:8296: $? = 0
configure:8318: result: yes
configure:8326: checking if gcc supports -c -o file.o
configure:8373: result: yes
configure:8406: checking whether the gcc linker (ld -m elf_x86_64) supports shared libraries
configure:9524: result: yes
configure:9561: checking whether -lc should be explicitly linked in
configure:9569: gcc -c -g -O2      conftest.c >&5
configure:9572: $? = 0
configure:9587: gcc -shared  -fPIC -DPIC conftest.o  -v -Wl,-soname -Wl,conftest -o conftest 2\>\&1 \| /usr/bin/grep  -lc  \>/dev/null 2\>\&1
configure:9590: $? = 0
configure:9604: result: no
configure:9769: checking dynamic linker characteristics
configure:10215: gcc -o conftest -g -O2        -Wl,-rpath -Wl,/foo conftest.c  >&5
configure:10215: $? = 0
configure:10456: result: GNU/Linux ld.so
configure:10563: checking how to hardcode library paths into programs
configure:10588: result: immediate
configure:11128: checking whether stripping libraries is possible
configure:11133: result: yes
configure:11168: checking if libtool supports shared libraries
configure:11170: result: yes
configure:11173: checking whether to build shared libraries
configure:11194: result: yes
configure:11197: checking whether to build static libraries
configure:11201: result: no
configure:11349: checking for C++ compiler version
configure:11358: g++ --version >&5
g++ (GCC) 14.2.1 20240912 (Red Hat 14.2.1-3)
Copyright (C) 2024 Free Software Foundation, Inc.
This is free software; see the source for copying conditions.  There is NO
warranty; not even for MERCHANTABILITY or FITNESS FOR A PARTICULAR PURPOSE.

configure:11369: $? = 0
configure:11358: g++ -v >&5
Using built-in specs.
COLLECT_GCC=g++
COLLECT_LTO_WRAPPER=/usr/libexec/gcc/x86_64-redhat-linux/14/lto-wrapper
OFFLOAD_TARGET_NAMES=nvptx-none:amdgcn-amdhsa
OFFLOAD_TARGET_DEFAULT=1
Target: x86_64-redhat-linux
Configured with: ../configure --enable-bootstrap --enable-languages=c,c++,fortran,objc,obj-c++,ada,go,d,m2,lto --prefix=/usr --mandir=/usr/share/man --infodir=/usr/share/info --with-bugurl=http://bugzilla.redhat.com/bugzilla --enable-shared --enable-threads=posix --enable-checking=release --enable-multilib --with-system-zlib --enable-__cxa_atexit --disable-libunwind-exceptions --enable-gnu-unique-object --enable-linker-build-id --with-gcc-major-version-only --enable-libstdcxx-backtrace --with-libstdcxx-zoneinfo=/usr/share/zoneinfo --with-linker-hash-style=gnu --enable-plugin --enable-initfini-array --with-isl=/builddir/build/BUILD/gcc-14.2.1-20240912/obj-x86_64-redhat-linux/isl-install --enable-offload-targets=nvptx-none,amdgcn-amdhsa --enable-offload-defaulted --without-cuda-driver --enable-gnu-indirect-function --enable-cet --with-tune=generic --with-arch_32=i686 --build=x86_64-redhat-linux --with-build-config=bootstrap-lto --enable-link-serialization=1
Thread model: posix
Supported LTO compression algorithms: zlib zstd
gcc version 14.2.1 20240912 (Red Hat 14.2.1-3) (GCC) 
... rest of stderr output deleted ...
configure:11369: $? = 0
configure:11358: g++ -V >&5
g++: error: unrecognized command-line option '-V'
g++: fatal error: no input files
compilation terminated.
configure:11369: $? = 1
configure:11358: g++ -qversion >&5
g++: error: unrecognized command-line option '-qversion'; did you mean '--version'?
g++: fatal error: no input files
compilation terminated.
configure:11369: $? = 1
configure:11373: checking whether we are using the GNU C++ compiler
configure:11392: g++ -c -g -O2      conftest.cpp >&5
configure:11392: $? = 0
configure:11401: result: yes
configure:11410: checking whether g++ accepts -g
configure:11430: g++ -c -g  conftest.cpp >&5
configure:11430: $? = 0
configure:11471: result: yes
configure:11496: checking dependency style of g++
configure:11607: result: gcc3
configure:11630: checking how to run the C++ preprocessor
configure:11657: g++ -E  conftest.cpp
configure:11657: $? = 0
configure:11671: g++ -E  conftest.cpp
conftest.cpp:26:10: fatal error: ac_nonexistent.h: No such file or directory
   26 | #include <ac_nonexistent.h>
      |          ^~~~~~~~~~~~~~~~~~
compilation terminated.
configure:11671: $? = 1
configure: failed program was:
| /* confdefs.h */
| #define PACKAGE_NAME "libcc1"
| #define PACKAGE_TARNAME "libcc1"
| #define PACKAGE_VERSION "version-unused"
| #define PACKAGE_STRING "libcc1 version-unused"
| #define PACKAGE_BUGREPORT ""
| #define PACKAGE_URL ""
| #define STDC_HEADERS 1
| #define HAVE_SYS_TYPES_H 1
| #define HAVE_SYS_STAT_H 1
| #define HAVE_STDLIB_H 1
| #define HAVE_STRING_H 1
| #define HAVE_MEMORY_H 1
| #define HAVE_STRINGS_H 1
| #define HAVE_INTTYPES_H 1
| #define HAVE_STDINT_H 1
| #define HAVE_UNISTD_H 1
| #define __EXTENSIONS__ 1
| #define _ALL_SOURCE 1
| #define _GNU_SOURCE 1
| #define _POSIX_PTHREAD_SEMANTICS 1
| #define _TANDEM_SOURCE 1
| #define HAVE_DLFCN_H 1
| #define LT_OBJDIR ".libs/"
| /* end confdefs.h.  */
| #include <ac_nonexistent.h>
configure:11696: result: g++ -E
configure:11716: g++ -E  conftest.cpp
configure:11716: $? = 0
configure:11730: g++ -E  conftest.cpp
conftest.cpp:26:10: fatal error: ac_nonexistent.h: No such file or directory
   26 | #include <ac_nonexistent.h>
      |          ^~~~~~~~~~~~~~~~~~
compilation terminated.
configure:11730: $? = 1
configure: failed program was:
| /* confdefs.h */
| #define PACKAGE_NAME "libcc1"
| #define PACKAGE_TARNAME "libcc1"
| #define PACKAGE_VERSION "version-unused"
| #define PACKAGE_STRING "libcc1 version-unused"
| #define PACKAGE_BUGREPORT ""
| #define PACKAGE_URL ""
| #define STDC_HEADERS 1
| #define HAVE_SYS_TYPES_H 1
| #define HAVE_SYS_STAT_H 1
| #define HAVE_STDLIB_H 1
| #define HAVE_STRING_H 1
| #define HAVE_MEMORY_H 1
| #define HAVE_STRINGS_H 1
| #define HAVE_INTTYPES_H 1
| #define HAVE_STDINT_H 1
| #define HAVE_UNISTD_H 1
| #define __EXTENSIONS__ 1
| #define _ALL_SOURCE 1
| #define _GNU_SOURCE 1
| #define _POSIX_PTHREAD_SEMANTICS 1
| #define _TANDEM_SOURCE 1
| #define HAVE_DLFCN_H 1
| #define LT_OBJDIR ".libs/"
| /* end confdefs.h.  */
| #include <ac_nonexistent.h>
configure:11898: checking for ld used by g++
configure:11965: result: ld -m elf_x86_64
configure:11972: checking if the linker (ld -m elf_x86_64) is GNU ld
configure:11987: result: yes
configure:12042: checking whether the g++ linker (ld -m elf_x86_64) supports shared libraries
configure:13026: result: yes
configure:13054: g++ -c -g -O2      conftest.cpp >&5
configure:13057: $? = 0
configure:13239: checking for g++ option to produce PIC
configure:13562: result: -fPIC -DPIC
configure:13571: checking if g++ PIC flag -fPIC -DPIC works
configure:13589: g++ -c -g -O2      -fPIC -DPIC -DPIC conftest.cpp >&5
configure:13593: $? = 0
configure:13606: result: yes
configure:13627: checking if g++ static flag -static works
configure:13655: result: no
configure:13667: checking if g++ supports -c -o file.o
configure:13688: g++ -c -g -O2      -o out/conftest2.o conftest.cpp >&5
configure:13692: $? = 0
configure:13714: result: yes
configure:13719: checking if g++ supports -c -o file.o
configure:13766: result: yes
configure:13796: checking whether the g++ linker (ld -m elf_x86_64) supports shared libraries
configure:13824: result: yes
configure:13967: checking dynamic linker characteristics
configure:14588: result: GNU/Linux ld.so
configure:14641: checking how to hardcode library paths into programs
configure:14666: result: immediate
configure:14725: checking for CET support
configure:14754: gcc -c -g -O2     -fcf-protection  conftest.c >&5
configure:14754: $? = 0
configure:14820: gcc -o conftest -g -O2     -fcf-protection=none    -Wl,-z,ibt,-z,shstk conftest.c  >&5
configure:14820: $? = 0
configure:14848: gcc -o conftest -g -O2     -fcf-protection=none    -Wl,-z,ibt,-z,shstk conftest.c  >&5
configure:14848: $? = 0
configure:14848: ./conftest
configure:14848: $? = 0
configure:14895: gcc -o conftest -g -O2     -fcf-protection=none    -Wl,-z,ibt,-z,shstk conftest.c  >&5
configure:14895: $? = 0
configure:14895: ./conftest
configure:14895: $? = 0
configure:14916: result: yes
configure:14927: checking whether basename is declared
configure:14927: gcc -c -g -O2      conftest.c >&5
configure:14927: $? = 0
configure:14927: result: yes
configure:14979: checking whether gcc supports -W
configure:14996: gcc -c -W  conftest.c >&5
configure:14996: $? = 0
configure:15005: result: yes
configure:14979: checking whether gcc supports -Wall
configure:14996: gcc -c -Wall  conftest.c >&5
configure:14996: $? = 0
configure:15005: result: yes
configure:15054: checking for socket libraries
configure:15061: checking for connect
configure:15061: gcc -o conftest -g -O2        conftest.c  >&5
configure:15061: $? = 0
configure:15061: result: yes
configure:15122: checking for gethostbyname
configure:15122: gcc -o conftest -g -O2        conftest.c  >&5
configure:15122: $? = 0
configure:15122: result: yes
configure:15166: result: 
configure:15232: checking for exported symbols
configure:15242: result: yes
configure:15244: checking for -rdynamic
configure:15254: result: yes
configure:15264: checking for library containing dlopen
configure:15295: gcc -o conftest -g -O2        conftest.c   >&5
configure:15295: $? = 0
configure:15312: result: none required
configure:15343: checking for -fPIC -shared
configure:15356: gcc -o conftest -g -O2     -fPIC    -fPIC -shared conftest.c   >&5
configure:15356: $? = 0
configure:15357: result: yes
configure:15383: checking for socketpair
configure:15383: gcc -o conftest -g -O2        conftest.c   >&5
configure:15383: $? = 0
configure:15383: result: yes
configure:15390: checking for select
configure:15390: gcc -o conftest -g -O2        conftest.c   >&5
configure:15390: $? = 0
configure:15390: result: yes
configure:15397: checking for fork
configure:15397: gcc -o conftest -g -O2        conftest.c   >&5
conftest.c:50:6: warning: conflicting types for built-in function 'fork'; expected 'int(void)' [-Wbuiltin-declaration-mismatch]
   50 | char fork ();
      |      ^~~~
configure:15397: $? = 0
configure:15397: result: yes
configure:15472: updating cache ./config.cache
configure:15516: checking that generated files are newer than configure
configure:15522: result: done
configure:15561: creating ./config.status

## ---------------------- ##
## Running config.status. ##
## ---------------------- ##

This file was extended by libcc1 config.status version-unused, which was
generated by GNU Autoconf 2.69.  Invocation command line was

  CONFIG_FILES    = 
  CONFIG_HEADERS  = 
  CONFIG_LINKS    = 
  CONFIG_COMMANDS = 
  $ ./config.status 

on x86-001.spo600.cdot.systems

config.status:1160: creating Makefile
config.status:1160: creating cc1plugin-config.h
config.status:1374: executing depfiles commands
config.status:1374: executing libtool commands

## ---------------- ##
## Cache variables. ##
## ---------------- ##

ac_cv_build=x86_64-pc-linux-gnu
ac_cv_c_compiler_gnu=yes
ac_cv_cxx_compiler_gnu=yes
ac_cv_env_CCC_set=
ac_cv_env_CCC_value=
ac_cv_env_CC_set=set
ac_cv_env_CC_value=gcc
ac_cv_env_CFLAGS_set=set
ac_cv_env_CFLAGS_value='-g -O2    '
ac_cv_env_CPPFLAGS_set=
ac_cv_env_CPPFLAGS_value=
ac_cv_env_CPP_set=
ac_cv_env_CPP_value=
ac_cv_env_CXXCPP_set=
ac_cv_env_CXXCPP_value=
ac_cv_env_CXXFLAGS_set=set
ac_cv_env_CXXFLAGS_value='-g -O2    '
ac_cv_env_CXX_set=set
ac_cv_env_CXX_value=g++
ac_cv_env_GMPINC_set=set
ac_cv_env_GMPINC_value=
ac_cv_env_LDFLAGS_set=set
ac_cv_env_LDFLAGS_value=' '
ac_cv_env_LIBS_set=
ac_cv_env_LIBS_value=
ac_cv_env_build_alias_set=set
ac_cv_env_build_alias_value=x86_64-pc-linux-gnu
ac_cv_env_host_alias_set=set
ac_cv_env_host_alias_value=x86_64-pc-linux-gnu
ac_cv_env_target_alias_set=set
ac_cv_env_target_alias_value=x86_64-pc-linux-gnu
ac_cv_func_connect=yes
ac_cv_func_fork=yes
ac_cv_func_select=yes
ac_cv_func_socketpair=yes
ac_cv_have_decl_basename=yes
ac_cv_header_dlfcn_h=yes
ac_cv_header_inttypes_h=yes
ac_cv_header_memory_h=yes
ac_cv_header_minix_config_h=no
ac_cv_header_stdc=yes
ac_cv_header_stdint_h=yes
ac_cv_header_stdlib_h=yes
ac_cv_header_string_h=yes
ac_cv_header_strings_h=yes
ac_cv_header_sys_stat_h=yes
ac_cv_header_sys_types_h=yes
ac_cv_header_unistd_h=yes
ac_cv_host=x86_64-pc-linux-gnu
ac_cv_objext=o
ac_cv_path_EGREP='/usr/bin/grep -E'
ac_cv_path_FGREP='/usr/bin/grep -F'
ac_cv_path_GREP=/usr/bin/grep
ac_cv_path_SED=/usr/bin/sed
ac_cv_path_mkdir=/usr/bin/mkdir
ac_cv_prog_AR='ar --plugin /usr/libexec/gcc/x86_64-redhat-linux/14/liblto_plugin.so'
ac_cv_prog_AWK=gawk
ac_cv_prog_CC=gcc
ac_cv_prog_CPP='gcc -E'
ac_cv_prog_CXXCPP='g++ -E'
ac_cv_prog_OBJDUMP=objdump
ac_cv_prog_RANLIB='ranlib --plugin /usr/libexec/gcc/x86_64-redhat-linux/14/liblto_plugin.so'
ac_cv_prog_ac_ct_STRIP=strip
ac_cv_prog_cc_c89=
ac_cv_prog_cc_g=yes
ac_cv_prog_cxx_g=yes
ac_cv_prog_make_make_set=yes
ac_cv_safe_to_define___extensions__=yes
ac_cv_search_dlopen='none required'
ac_cv_target=x86_64-pc-linux-gnu
acx_cv_prog_cc_warning__W=yes
acx_cv_prog_cc_warning__Wall=yes
am_cv_CC_dependencies_compiler_type=gcc3
am_cv_CXX_dependencies_compiler_type=gcc3
am_cv_make_support_nested_variables=yes
am_cv_prog_cc_c_o=yes
libcc1_cv_lib_sockets=
lt_cv_archive_cmds_need_lc=no
lt_cv_deplibs_check_method=pass_all
lt_cv_file_magic_cmd='$MAGIC_CMD'
lt_cv_file_magic_test_file=
lt_cv_ld_reload_flag=-r
lt_cv_nm_interface='BSD nm'
lt_cv_objdir=.libs
lt_cv_path_LD=ld
lt_cv_path_LDCXX='ld -m elf_x86_64'
lt_cv_path_NM='/home/skim499/gcc-custom-pass/build/gcc/nm -B'
lt_cv_prog_compiler_c_o=yes
lt_cv_prog_compiler_c_o_CXX=yes
lt_cv_prog_compiler_pic_works=yes
lt_cv_prog_compiler_pic_works_CXX=yes
lt_cv_prog_compiler_rtti_exceptions=no
lt_cv_prog_compiler_static_works=yes
lt_cv_prog_compiler_static_works_CXX=no
lt_cv_prog_gnu_ld=yes
lt_cv_prog_gnu_ldcxx=yes
lt_cv_shlibpath_overrides_runpath=yes
lt_cv_sys_global_symbol_pipe='sed -n -e '\''s/^.*[	 ]\([ABCDGIRSTW][ABCDGIRSTW]*\)[	 ][	 ]*\([_A-Za-z][_A-Za-z0-9]*\)$/\1 \2 \2/p'\'''
lt_cv_sys_global_symbol_to_c_name_address='sed -n -e '\''s/^: \([^ ]*\) $/  {\"\1\", (void *) 0},/p'\'' -e '\''s/^[ABCDGIRSTW]* \([^ ]*\) \([^ ]*\)$/  {"\2", (void *) \&\2},/p'\'''
lt_cv_sys_global_symbol_to_c_name_address_lib_prefix='sed -n -e '\''s/^: \([^ ]*\) $/  {\"\1\", (void *) 0},/p'\'' -e '\''s/^[ABCDGIRSTW]* \([^ ]*\) \(lib[^ ]*\)$/  {"\2", (void *) \&\2},/p'\'' -e '\''s/^[ABCDGIRSTW]* \([^ ]*\) \([^ ]*\)$/  {"lib\2", (void *) \&\2},/p'\'''
lt_cv_sys_global_symbol_to_cdecl='sed -n -e '\''s/^T .* \(.*\)$/extern int \1();/p'\'' -e '\''s/^[ABCDGIRSTW]* .* \(.*\)$/extern char \1;/p'\'''
lt_cv_sys_max_cmd_len=1572864

## ----------------- ##
## Output variables. ##
## ----------------- ##

ACLOCAL='${SHELL} /home/skim499/gcc-custom-pass/src/missing aclocal-1.15'
AMDEPBACKSLASH='\'
AMDEP_FALSE='#'
AMDEP_TRUE=''
AMTAR='$${TAR-tar}'
AM_BACKSLASH='\'
AM_DEFAULT_V='$(AM_DEFAULT_VERBOSITY)'
AM_DEFAULT_VERBOSITY='1'
AM_V='$(V)'
AR='ar --plugin /usr/libexec/gcc/x86_64-redhat-linux/14/liblto_plugin.so --plugin /usr/libexec/gcc/x86_64-redhat-linux/14/liblto_plugin.so'
AUTOCONF='${SHELL} /home/skim499/gcc-custom-pass/src/missing autoconf'
AUTOHEADER='${SHELL} /home/skim499/gcc-custom-pass/src/missing autoheader'
AUTOMAKE='${SHELL} /home/skim499/gcc-custom-pass/src/missing automake-1.15'
AWK='gawk'
CC='gcc'
CCDEPMODE='depmode=gcc3'
CET_HOST_FLAGS='-fcf-protection'
CFLAGS='-g -O2    '
CONFIG_STATUS_DEPENDENCIES='$(top_srcdir)/../gcc/BASE-VER'
CPP='gcc -E'
CPPFLAGS=''
CXX='g++'
CXXCPP='g++ -E'
CXXDEPMODE='depmode=gcc3'
CXXFLAGS='-g -O2    '
CYGPATH_W='echo'
DARWIN_DYNAMIC_LOOKUP_FALSE=''
DARWIN_DYNAMIC_LOOKUP_TRUE='#'
DEFS='-DHAVE_CONFIG_H'
DEPDIR='.deps'
DSYMUTIL='dsymutil'
DUMPBIN=''
ECHO_C=''
ECHO_N='-n'
ECHO_T=''
EGREP='/usr/bin/grep -E'
ENABLE_PLUGIN_FALSE='#'
ENABLE_PLUGIN_TRUE=''
EXEEXT=''
FGREP='/usr/bin/grep -F'
GMPINC=''
GREP='/usr/bin/grep'
INSTALL_DATA='/usr/bin/install -c -m 644'
INSTALL_PROGRAM='/usr/bin/install -c'
INSTALL_SCRIPT='/usr/bin/install -c'
INSTALL_STRIP_PROGRAM='$(install_sh) -c -s'
LD='ld -m elf_x86_64'
LDFLAGS=' '
LIBOBJS=''
LIBS=' '
LIBTOOL='$(SHELL) $(top_builddir)/libtool'
LIPO=''
LN_S='ln -s'
LTLIBOBJS=''
MAINT='#'
MAINTAINER_MODE_FALSE=''
MAINTAINER_MODE_TRUE='#'
MAKEINFO='/home/skim499/gcc-custom-pass/src/missing makeinfo --split-size=5000000'
MKDIR_P='/usr/bin/mkdir -p'
NM='/home/skim499/gcc-custom-pass/build/gcc/nm -B'
NMEDIT=''
OBJDUMP='objdump'
OBJEXT='o'
OTOOL64=''
OTOOL='otool'
PACKAGE='libcc1'
PACKAGE_BUGREPORT=''
PACKAGE_NAME='libcc1'
PACKAGE_STRING='libcc1 version-unused'
PACKAGE_TARNAME='libcc1'
PACKAGE_URL=''
PACKAGE_VERSION='version-unused'
PATH_SEPARATOR=':'
RANLIB='ranlib --plugin /usr/libexec/gcc/x86_64-redhat-linux/14/liblto_plugin.so --plugin /usr/libexec/gcc/x86_64-redhat-linux/14/liblto_plugin.so'
SED='/usr/bin/sed'
SET_MAKE=''
SHELL='/bin/sh'
STRIP='strip'
VERSION='version-unused'
WARN_FLAGS='-W -Wall'
WERROR=''
ac_ct_CC=''
ac_ct_CXX=''
ac_ct_DUMPBIN=''
am__EXEEXT_FALSE=''
am__EXEEXT_TRUE='#'
am__fastdepCC_FALSE='#'
am__fastdepCC_TRUE=''
am__fastdepCXX_FALSE='#'
am__fastdepCXX_TRUE=''
am__include='include'
am__isrc=' -I$(srcdir)'
am__leading_dot='.'
am__nodep='_no'
am__quote=''
am__tar='$${TAR-tar} chof - "$$tardir"'
am__untar='$${TAR-tar} xf -'
bindir='${exec_prefix}/bin'
build='x86_64-pc-linux-gnu'
build_alias='x86_64-pc-linux-gnu'
build_cpu='x86_64'
build_libsubdir='build-x86_64-pc-linux-gnu'
build_os='linux-gnu'
build_subdir='build-x86_64-pc-linux-gnu'
build_vendor='pc'
datadir='${datarootdir}'
datarootdir='${prefix}/share'
docdir='${datarootdir}/doc/${PACKAGE_TARNAME}'
dvidir='${docdir}'
exec_prefix='${prefix}'
gcc_version='15.0.1'
get_gcc_base_ver='cat'
host='x86_64-pc-linux-gnu'
host_alias='x86_64-pc-linux-gnu'
host_cpu='x86_64'
host_os='linux-gnu'
host_subdir='.'
host_vendor='pc'
htmldir='${docdir}'
includedir='${prefix}/include'
infodir='${datarootdir}/info'
install_sh='${SHELL} /home/skim499/gcc-custom-pass/src/install-sh'
libdir='${exec_prefix}/lib'
libexecdir='${exec_prefix}/libexec'
libsuffix='../lib64'
localedir='${datarootdir}/locale'
localstatedir='${prefix}/var'
mandir='${datarootdir}/man'
mkdir_p='$(MKDIR_P)'
oldincludedir='/usr/include'
pdfdir='${docdir}'
prefix='/home/skim499/gcc-custom-pass/install'
program_transform_name='s,y,y,'
psdir='${docdir}'
sbindir='${exec_prefix}/sbin'
sharedstatedir='${prefix}/com'
sysconfdir='${prefix}/etc'
target='x86_64-pc-linux-gnu'
target_alias='x86_64-pc-linux-gnu'
target_cpu='x86_64'
target_noncanonical='x86_64-pc-linux-gnu'
target_os='linux-gnu'
target_subdir='x86_64-pc-linux-gnu'
target_vendor='pc'
visibility='-fvisibility=hidden'

## ----------- ##
## confdefs.h. ##
## ----------- ##

/* confdefs.h */
#define PACKAGE_NAME "libcc1"
#define PACKAGE_TARNAME "libcc1"
#define PACKAGE_VERSION "version-unused"
#define PACKAGE_STRING "libcc1 version-unused"
#define PACKAGE_BUGREPORT ""
#define PACKAGE_URL ""
#define STDC_HEADERS 1
#define HAVE_SYS_TYPES_H 1
#define HAVE_SYS_STAT_H 1
#define HAVE_STDLIB_H 1
#define HAVE_STRING_H 1
#define HAVE_MEMORY_H 1
#define HAVE_STRINGS_H 1
#define HAVE_INTTYPES_H 1
#define HAVE_STDINT_H 1
#define HAVE_UNISTD_H 1
#define __EXTENSIONS__ 1
#define _ALL_SOURCE 1
#define _GNU_SOURCE 1
#define _POSIX_PTHREAD_SEMANTICS 1
#define _TANDEM_SOURCE 1
#define HAVE_DLFCN_H 1
#define LT_OBJDIR ".libs/"
#define HAVE_DECL_BASENAME 1

configure: exit 0
