This file contains any messages produced by compilers while
running configure, to aid debugging if configure makes a mistake.

It was created by fixincludes configure  , which was
generated by GNU Autoconf 2.69.  Invocation command line was

  $ /home/skim499/gcc-custom-pass/src/fixincludes/configure --srcdir=../../../src/fixincludes --cache-file=./config.cache --prefix=/home/skim499/gcc-custom-pass/install --disable-multilib --enable-languages=c,c++,lto --program-transform-name=s,y,y, --disable-option-checking --disable-year2038 --with-build-subdir=build-x86_64-pc-linux-gnu --build=x86_64-pc-linux-gnu --host=x86_64-pc-linux-gnu --target=x86_64-pc-linux-gnu

## --------- ##
## Platform. ##
## --------- ##

hostname = x86-001.spo600.cdot.systems
uname -m = x86_64
uname -r = 6.13.4-100.fc40.x86_64
uname -s = Linux
uname -v = #1 SMP PREEMPT_DYNAMIC Sun Feb 23 15:15:27 UTC 2025

/usr/bin/uname -p = unknown
/bin/uname -X     = unknown

/bin/arch              = x86_64
/usr/bin/arch -k       = unknown
/usr/convex/getsysinfo = unknown
/usr/bin/hostinfo      = unknown
/bin/machine           = unknown
/usr/bin/oslevel       = unknown
/bin/universe          = unknown

PATH: /home/skim499/.local/bin
PATH: /home/skim499/bin
PATH: /usr/local/bin
PATH: /usr/bin
PATH: /usr/local/sbin
PATH: /usr/sbin


## ----------- ##
## Core tests. ##
## ----------- ##

configure:2094: loading cache ./config.cache
configure:3205: checking build system type
configure:3219: result: x86_64-pc-linux-gnu
configure:3239: checking host system type
configure:3252: result: x86_64-pc-linux-gnu
configure:3272: checking target system type
configure:3285: result: x86_64-pc-linux-gnu
configure:3320: checking for x86_64-pc-linux-gnu-gcc
configure:3347: result: gcc
configure:3616: checking for C compiler version
configure:3625: gcc --version >&5
gcc (GCC) 14.2.1 20240912 (Red Hat 14.2.1-3)
Copyright (C) 2024 Free Software Foundation, Inc.
This is free software; see the source for copying conditions.  There is NO
warranty; not even for MERCHANTABILITY or FITNESS FOR A PARTICULAR PURPOSE.

configure:3636: $? = 0
configure:3625: gcc -v >&5
Using built-in specs.
COLLECT_GCC=gcc
COLLECT_LTO_WRAPPER=/usr/libexec/gcc/x86_64-redhat-linux/14/lto-wrapper
OFFLOAD_TARGET_NAMES=nvptx-none:amdgcn-amdhsa
OFFLOAD_TARGET_DEFAULT=1
Target: x86_64-redhat-linux
Configured with: ../configure --enable-bootstrap --enable-languages=c,c++,fortran,objc,obj-c++,ada,go,d,m2,lto --prefix=/usr --mandir=/usr/share/man --infodir=/usr/share/info --with-bugurl=http://bugzilla.redhat.com/bugzilla --enable-shared --enable-threads=posix --enable-checking=release --enable-multilib --with-system-zlib --enable-__cxa_atexit --disable-libunwind-exceptions --enable-gnu-unique-object --enable-linker-build-id --with-gcc-major-version-only --enable-libstdcxx-backtrace --with-libstdcxx-zoneinfo=/usr/share/zoneinfo --with-linker-hash-style=gnu --enable-plugin --enable-initfini-array --with-isl=/builddir/build/BUILD/gcc-14.2.1-20240912/obj-x86_64-redhat-linux/isl-install --enable-offload-targets=nvptx-none,amdgcn-amdhsa --enable-offload-defaulted --without-cuda-driver --enable-gnu-indirect-function --enable-cet --with-tune=generic --with-arch_32=i686 --build=x86_64-redhat-linux --with-build-config=bootstrap-lto --enable-link-serialization=1
Thread model: posix
Supported LTO compression algorithms: zlib zstd
gcc version 14.2.1 20240912 (Red Hat 14.2.1-3) (GCC) 
... rest of stderr output deleted ...
configure:3636: $? = 0
configure:3625: gcc -V >&5
gcc: error: unrecognized command-line option '-V'
gcc: fatal error: no input files
compilation terminated.
configure:3636: $? = 1
configure:3625: gcc -qversion >&5
gcc: error: unrecognized command-line option '-qversion'; did you mean '--version'?
gcc: fatal error: no input files
compilation terminated.
configure:3636: $? = 1
configure:3656: checking whether the C compiler works
configure:3678: gcc -g -O2   conftest.c  >&5
configure:3682: $? = 0
configure:3730: result: yes
configure:3733: checking for C compiler default output file name
configure:3735: result: a.out
configure:3741: checking for suffix of executables
configure:3748: gcc -o conftest -g -O2   conftest.c  >&5
configure:3752: $? = 0
configure:3774: result: 
configure:3796: checking whether we are cross compiling
configure:3804: gcc -o conftest -g -O2   conftest.c  >&5
configure:3808: $? = 0
configure:3815: ./conftest
configure:3819: $? = 0
configure:3834: result: no
configure:3839: checking for suffix of object files
configure:3886: result: o
configure:3890: checking whether we are using the GNU C compiler
configure:3918: result: yes
configure:3927: checking whether gcc accepts -g
configure:3988: result: yes
configure:4005: checking for gcc option to accept ISO C89
configure:4081: result: none needed
configure:4107: checking how to run the C preprocessor
configure:4177: result: gcc -E
configure:4197: gcc -E  conftest.c
configure:4197: $? = 0
configure:4211: gcc -E  conftest.c
conftest.c:9:10: fatal error: ac_nonexistent.h: No such file or directory
    9 | #include <ac_nonexistent.h>
      |          ^~~~~~~~~~~~~~~~~~
compilation terminated.
configure:4211: $? = 1
configure: failed program was:
| /* confdefs.h */
| #define PACKAGE_NAME "fixincludes"
| #define PACKAGE_TARNAME "fixincludes"
| #define PACKAGE_VERSION " "
| #define PACKAGE_STRING "fixincludes  "
| #define PACKAGE_BUGREPORT ""
| #define PACKAGE_URL ""
| /* end confdefs.h.  */
| #include <ac_nonexistent.h>
configure:4240: checking for grep that handles long lines and -e
configure:4298: result: /usr/bin/grep
configure:4303: checking for egrep
configure:4365: result: /usr/bin/grep -E
configure:4370: checking for ANSI C header files
configure:4474: result: yes
configure:4487: checking for sys/types.h
configure:4487: result: yes
configure:4487: checking for sys/stat.h
configure:4487: result: yes
configure:4487: checking for stdlib.h
configure:4487: result: yes
configure:4487: checking for string.h
configure:4487: result: yes
configure:4487: checking for memory.h
configure:4487: result: yes
configure:4487: checking for strings.h
configure:4487: result: yes
configure:4487: checking for inttypes.h
configure:4487: result: yes
configure:4487: checking for stdint.h
configure:4487: result: yes
configure:4487: checking for unistd.h
configure:4487: result: yes
configure:4500: checking for minix/config.h
configure:4500: result: no
configure:4521: checking whether it is safe to define __EXTENSIONS__
configure:4546: result: yes
configure:4560: checking for a sed that does not truncate output
configure:4624: result: /usr/bin/sed
configure:4652: checking whether gcc supports -W
configure:4678: result: yes
configure:4652: checking whether gcc supports -Wall
configure:4678: result: yes
configure:4652: checking whether gcc supports -Wwrite-strings
configure:4678: result: yes
configure:4652: checking whether gcc supports -Wstrict-prototypes
configure:4678: result: yes
configure:4652: checking whether gcc supports -Wmissing-prototypes
configure:4678: result: yes
configure:4652: checking whether gcc supports -Wold-style-definition
configure:4678: result: yes
configure:4652: checking whether gcc supports -Wmissing-format-attribute
configure:4678: result: yes
configure:4652: checking whether gcc supports -Woverlength-strings
configure:4678: result: yes
configure:4702: checking whether gcc supports -pedantic -Wlong-long
configure:4728: result: yes
configure:4869: checking for ANSI C header files
configure:4973: result: yes
configure:4985: checking for stddef.h
configure:4985: result: yes
configure:4985: checking for stdlib.h
configure:4985: result: yes
configure:4985: checking for strings.h
configure:4985: result: yes
configure:4985: checking for unistd.h
configure:4985: result: yes
configure:4985: checking for fcntl.h
configure:4985: result: yes
configure:4985: checking for sys/file.h
configure:4985: result: yes
configure:4985: checking for sys/stat.h
configure:4985: result: yes
configure:4999: checking for clearerr_unlocked
configure:4999: result: yes
configure:4999: checking for feof_unlocked
configure:4999: result: yes
configure:4999: checking for ferror_unlocked
configure:4999: result: yes
configure:4999: checking for fflush_unlocked
configure:4999: result: yes
configure:4999: checking for fgetc_unlocked
configure:4999: result: yes
configure:4999: checking for fgets_unlocked
configure:4999: result: yes
configure:4999: checking for fileno_unlocked
configure:4999: result: yes
configure:4999: checking for fprintf_unlocked
configure:4999: result: no
configure:4999: checking for fputc_unlocked
configure:4999: result: yes
configure:4999: checking for fputs_unlocked
configure:4999: result: yes
configure:4999: checking for fread_unlocked
configure:4999: result: yes
configure:4999: checking for fwrite_unlocked
configure:4999: result: yes
configure:4999: checking for getchar_unlocked
configure:4999: result: yes
configure:4999: checking for getc_unlocked
configure:4999: result: yes
configure:4999: checking for putchar_unlocked
configure:4999: result: yes
configure:4999: checking for putc_unlocked
configure:4999: result: yes
configure:5008: checking whether abort is declared
configure:5008: result: yes
configure:5018: checking whether asprintf is declared
configure:5018: result: yes
configure:5029: checking whether basename is declared
configure:5029: result: yes
configure:5039: checking whether errno is declared
configure:5039: result: no
configure:5049: checking whether vasprintf is declared
configure:5049: result: yes
configure:5059: checking whether memmem is declared
configure:5059: result: yes
configure:5070: checking whether clearerr_unlocked is declared
configure:5070: result: yes
configure:5080: checking whether feof_unlocked is declared
configure:5080: result: yes
configure:5090: checking whether ferror_unlocked is declared
configure:5090: result: yes
configure:5100: checking whether fflush_unlocked is declared
configure:5100: result: yes
configure:5110: checking whether fgetc_unlocked is declared
configure:5110: result: yes
configure:5120: checking whether fgets_unlocked is declared
configure:5120: result: yes
configure:5130: checking whether fileno_unlocked is declared
configure:5130: result: yes
configure:5140: checking whether fprintf_unlocked is declared
configure:5140: result: no
configure:5150: checking whether fputc_unlocked is declared
configure:5150: result: yes
configure:5160: checking whether fputs_unlocked is declared
configure:5160: result: yes
configure:5170: checking whether fread_unlocked is declared
configure:5170: result: yes
configure:5180: checking whether fwrite_unlocked is declared
configure:5180: result: yes
configure:5190: checking whether getchar_unlocked is declared
configure:5190: result: yes
configure:5200: checking whether getc_unlocked is declared
configure:5200: result: yes
configure:5210: checking whether putchar_unlocked is declared
configure:5210: result: yes
configure:5220: checking whether putc_unlocked is declared
configure:5220: result: yes
configure:5233: checking for an ANSI C-conforming const
configure:5306: result: yes
configure:5317: checking for sys/mman.h
configure:5317: result: yes
configure:5325: checking for mmap
configure:5325: result: yes
configure:5338: checking whether read-only mmap of a plain file works
configure:5355: result: yes
configure:5357: checking whether mmap from /dev/zero works
configure:5379: result: yes
configure:5383: checking for MAP_ANON(YMOUS)
configure:5413: result: yes
configure:5419: checking whether mmap with MAP_ANON(YMOUS) works
configure:5436: result: yes
configure:5458: checking whether to enable maintainer-specific portions of Makefiles
configure:5467: result: no
configure:5606: creating ./config.status

## ---------------------- ##
## Running config.status. ##
## ---------------------- ##

This file was extended by fixincludes config.status  , which was
generated by GNU Autoconf 2.69.  Invocation command line was

  CONFIG_FILES    = 
  CONFIG_HEADERS  = 
  CONFIG_LINKS    = 
  CONFIG_COMMANDS = 
  $ ./config.status 

on x86-001.spo600.cdot.systems

config.status:875: creating Makefile
config.status:875: creating mkheaders.almost
config.status:875: creating config.h
config.status:1030: config.h is unchanged

## ---------------- ##
## Cache variables. ##
## ---------------- ##

ac_cv_build=x86_64-pc-linux-gnu
ac_cv_c_compiler_gnu=yes
ac_cv_c_const=yes
ac_cv_env_CC_set=set
ac_cv_env_CC_value=gcc
ac_cv_env_CFLAGS_set=set
ac_cv_env_CFLAGS_value='-g -O2'
ac_cv_env_CPPFLAGS_set=set
ac_cv_env_CPPFLAGS_value=
ac_cv_env_CPP_set=set
ac_cv_env_CPP_value=
ac_cv_env_LDFLAGS_set=set
ac_cv_env_LDFLAGS_value=
ac_cv_env_LIBS_set=
ac_cv_env_LIBS_value=
ac_cv_env_build_alias_set=set
ac_cv_env_build_alias_value=x86_64-pc-linux-gnu
ac_cv_env_host_alias_set=set
ac_cv_env_host_alias_value=x86_64-pc-linux-gnu
ac_cv_env_target_alias_set=set
ac_cv_env_target_alias_value=x86_64-pc-linux-gnu
ac_cv_func_clearerr_unlocked=yes
ac_cv_func_feof_unlocked=yes
ac_cv_func_ferror_unlocked=yes
ac_cv_func_fflush_unlocked=yes
ac_cv_func_fgetc_unlocked=yes
ac_cv_func_fgets_unlocked=yes
ac_cv_func_fileno_unlocked=yes
ac_cv_func_fprintf_unlocked=no
ac_cv_func_fputc_unlocked=yes
ac_cv_func_fputs_unlocked=yes
ac_cv_func_fread_unlocked=yes
ac_cv_func_fwrite_unlocked=yes
ac_cv_func_getc_unlocked=yes
ac_cv_func_getchar_unlocked=yes
ac_cv_func_mmap=yes
ac_cv_func_putc_unlocked=yes
ac_cv_func_putchar_unlocked=yes
ac_cv_have_decl_abort=yes
ac_cv_have_decl_asprintf=yes
ac_cv_have_decl_basename_char_p_=yes
ac_cv_have_decl_clearerr_unlocked=yes
ac_cv_have_decl_errno=no
ac_cv_have_decl_feof_unlocked=yes
ac_cv_have_decl_ferror_unlocked=yes
ac_cv_have_decl_fflush_unlocked=yes
ac_cv_have_decl_fgetc_unlocked=yes
ac_cv_have_decl_fgets_unlocked=yes
ac_cv_have_decl_fileno_unlocked=yes
ac_cv_have_decl_fprintf_unlocked=no
ac_cv_have_decl_fputc_unlocked=yes
ac_cv_have_decl_fputs_unlocked=yes
ac_cv_have_decl_fread_unlocked=yes
ac_cv_have_decl_fwrite_unlocked=yes
ac_cv_have_decl_getc_unlocked=yes
ac_cv_have_decl_getchar_unlocked=yes
ac_cv_have_decl_memmem=yes
ac_cv_have_decl_putc_unlocked=yes
ac_cv_have_decl_putchar_unlocked=yes
ac_cv_have_decl_vasprintf=yes
ac_cv_header_fcntl_h=yes
ac_cv_header_inttypes_h=yes
ac_cv_header_memory_h=yes
ac_cv_header_minix_config_h=no
ac_cv_header_stdc=yes
ac_cv_header_stddef_h=yes
ac_cv_header_stdint_h=yes
ac_cv_header_stdlib_h=yes
ac_cv_header_string_h=yes
ac_cv_header_strings_h=yes
ac_cv_header_sys_file_h=yes
ac_cv_header_sys_mman_h=yes
ac_cv_header_sys_stat_h=yes
ac_cv_header_sys_types_h=yes
ac_cv_header_unistd_h=yes
ac_cv_host=x86_64-pc-linux-gnu
ac_cv_objext=o
ac_cv_path_EGREP='/usr/bin/grep -E'
ac_cv_path_GREP=/usr/bin/grep
ac_cv_path_SED=/usr/bin/sed
ac_cv_prog_CC=gcc
ac_cv_prog_CPP='gcc -E'
ac_cv_prog_cc_c89=
ac_cv_prog_cc_g=yes
ac_cv_safe_to_define___extensions__=yes
ac_cv_target=x86_64-pc-linux-gnu
acx_cv_prog_cc_pedantic__Wlong_long=yes
acx_cv_prog_cc_warning__W=yes
acx_cv_prog_cc_warning__Wall=yes
acx_cv_prog_cc_warning__Wmissing_format_attribute=yes
acx_cv_prog_cc_warning__Wmissing_prototypes=yes
acx_cv_prog_cc_warning__Wold_style_definition=yes
acx_cv_prog_cc_warning__Woverlength_strings=yes
acx_cv_prog_cc_warning__Wstrict_prototypes=yes
acx_cv_prog_cc_warning__Wwrite_strings=yes
gcc_cv_decl_map_anon=yes
gcc_cv_func_mmap_anon=yes
gcc_cv_func_mmap_dev_zero=yes
gcc_cv_func_mmap_file=yes

## ----------------- ##
## Output variables. ##
## ----------------- ##

CC='gcc'
CFLAGS='-g -O2'
CPP='gcc -E'
CPPFLAGS=''
DEFS='-DHAVE_CONFIG_H'
ECHO_C=''
ECHO_N='-n'
ECHO_T=''
EGREP='/usr/bin/grep -E'
EXEEXT=''
GREP='/usr/bin/grep'
LDFLAGS=''
LD_PICFLAG=''
LIBOBJS=''
LIBS=''
LTLIBOBJS=''
MAINT='#'
OBJEXT='o'
PACKAGE_BUGREPORT=''
PACKAGE_NAME='fixincludes'
PACKAGE_STRING='fixincludes  '
PACKAGE_TARNAME='fixincludes'
PACKAGE_URL=''
PACKAGE_VERSION=' '
PATH_SEPARATOR=':'
PICFLAG=''
SED='/usr/bin/sed'
SHELL='/bin/sh'
TARGET='oneprocess'
WARN_CFLAGS='-W -Wall -Wwrite-strings -Wstrict-prototypes -Wmissing-prototypes -Wold-style-definition -Wmissing-format-attribute -Wno-overlength-strings'
WARN_PEDANTIC='-pedantic -Wno-long-long'
WERROR=''
ac_ct_CC=''
bindir='${exec_prefix}/bin'
build='x86_64-pc-linux-gnu'
build_alias='x86_64-pc-linux-gnu'
build_cpu='x86_64'
build_os='linux-gnu'
build_vendor='pc'
datadir='${datarootdir}'
datarootdir='${prefix}/share'
docdir='${datarootdir}/doc/${PACKAGE_TARNAME}'
dvidir='${docdir}'
exec_prefix='${prefix}'
get_gcc_base_ver='cat'
host='x86_64-pc-linux-gnu'
host_alias='x86_64-pc-linux-gnu'
host_cpu='x86_64'
host_os='linux-gnu'
host_vendor='pc'
htmldir='${docdir}'
includedir='${prefix}/include'
infodir='${datarootdir}/info'
libdir='${exec_prefix}/lib'
libexecdir='${exec_prefix}/libexec'
localedir='${datarootdir}/locale'
localstatedir='${prefix}/var'
mandir='${datarootdir}/man'
oldincludedir='/usr/include'
pdfdir='${docdir}'
prefix='/home/skim499/gcc-custom-pass/install'
program_transform_name='s,y,y,'
psdir='${docdir}'
sbindir='${exec_prefix}/sbin'
sharedstatedir='${prefix}/com'
sysconfdir='${prefix}/etc'
target='x86_64-pc-linux-gnu'
target_alias='x86_64-pc-linux-gnu'
target_cpu='x86_64'
target_noncanonical='x86_64-pc-linux-gnu'
target_os='linux-gnu'
target_vendor='pc'

## ----------- ##
## confdefs.h. ##
## ----------- ##

/* confdefs.h */
#define PACKAGE_NAME "fixincludes"
#define PACKAGE_TARNAME "fixincludes"
#define PACKAGE_VERSION " "
#define PACKAGE_STRING "fixincludes  "
#define PACKAGE_BUGREPORT ""
#define PACKAGE_URL ""
#define STDC_HEADERS 1
#define HAVE_SYS_TYPES_H 1
#define HAVE_SYS_STAT_H 1
#define HAVE_STDLIB_H 1
#define HAVE_STRING_H 1
#define HAVE_MEMORY_H 1
#define HAVE_STRINGS_H 1
#define HAVE_INTTYPES_H 1
#define HAVE_STDINT_H 1
#define HAVE_UNISTD_H 1
#define __EXTENSIONS__ 1
#define _ALL_SOURCE 1
#define _GNU_SOURCE 1
#define _POSIX_PTHREAD_SEMANTICS 1
#define _TANDEM_SOURCE 1
#define EXE_EXT ""
#define STDC_HEADERS 1
#define HAVE_STDDEF_H 1
#define HAVE_STDLIB_H 1
#define HAVE_STRINGS_H 1
#define HAVE_UNISTD_H 1
#define HAVE_FCNTL_H 1
#define HAVE_SYS_FILE_H 1
#define HAVE_SYS_STAT_H 1
#define HAVE_CLEARERR_UNLOCKED 1
#define HAVE_FEOF_UNLOCKED 1
#define HAVE_FERROR_UNLOCKED 1
#define HAVE_FFLUSH_UNLOCKED 1
#define HAVE_FGETC_UNLOCKED 1
#define HAVE_FGETS_UNLOCKED 1
#define HAVE_FILENO_UNLOCKED 1
#define HAVE_FPUTC_UNLOCKED 1
#define HAVE_FPUTS_UNLOCKED 1
#define HAVE_FREAD_UNLOCKED 1
#define HAVE_FWRITE_UNLOCKED 1
#define HAVE_GETCHAR_UNLOCKED 1
#define HAVE_GETC_UNLOCKED 1
#define HAVE_PUTCHAR_UNLOCKED 1
#define HAVE_PUTC_UNLOCKED 1
#define HAVE_DECL_ABORT 1
#define HAVE_DECL_ASPRINTF 1
#define HAVE_DECL_BASENAME 1
#define HAVE_DECL_ERRNO 0
#define HAVE_DECL_VASPRINTF 1
#define HAVE_DECL_MEMMEM 1
#define HAVE_DECL_CLEARERR_UNLOCKED 1
#define HAVE_DECL_FEOF_UNLOCKED 1
#define HAVE_DECL_FERROR_UNLOCKED 1
#define HAVE_DECL_FFLUSH_UNLOCKED 1
#define HAVE_DECL_FGETC_UNLOCKED 1
#define HAVE_DECL_FGETS_UNLOCKED 1
#define HAVE_DECL_FILENO_UNLOCKED 1
#define HAVE_DECL_FPRINTF_UNLOCKED 0
#define HAVE_DECL_FPUTC_UNLOCKED 1
#define HAVE_DECL_FPUTS_UNLOCKED 1
#define HAVE_DECL_FREAD_UNLOCKED 1
#define HAVE_DECL_FWRITE_UNLOCKED 1
#define HAVE_DECL_GETCHAR_UNLOCKED 1
#define HAVE_DECL_GETC_UNLOCKED 1
#define HAVE_DECL_PUTCHAR_UNLOCKED 1
#define HAVE_DECL_PUTC_UNLOCKED 1
#define HAVE_MMAP_FILE 1
#define HAVE_MMAP_DEV_ZERO 1
#define HAVE_MMAP_ANON 1
#define SED_PROGRAM "/usr/bin/sed"

configure: exit 0
