This file contains any messages produced by compilers while
running configure, to aid debugging if configure makes a mistake.

It was created by cpplib configure  , which was
generated by GNU Autoconf 2.69.  Invocation command line was

  $ /home/skim499/gcc-custom-pass/src/libcpp/configure --srcdir=../../../src/libcpp --cache-file=./config.cache --prefix=/home/skim499/gcc-custom-pass/install --disable-multilib --enable-languages=c,c++,lto --program-transform-name=s,y,y, --disable-option-checking --disable-year2038 --with-build-subdir=build-x86_64-pc-linux-gnu --build=x86_64-pc-linux-gnu --host=x86_64-pc-linux-gnu --target=x86_64-pc-linux-gnu --disable-nls am_cv_func_iconv=no

## --------- ##
## Platform. ##
## --------- ##

hostname = x86-001.spo600.cdot.systems
uname -m = x86_64
uname -r = 6.13.4-100.fc40.x86_64
uname -s = Linux
uname -v = #1 SMP PREEMPT_DYNAMIC Sun Feb 23 15:15:27 UTC 2025

/usr/bin/uname -p = unknown
/bin/uname -X     = unknown

/bin/arch              = x86_64
/usr/bin/arch -k       = unknown
/usr/convex/getsysinfo = unknown
/usr/bin/hostinfo      = unknown
/bin/machine           = unknown
/usr/bin/oslevel       = unknown
/bin/universe          = unknown

PATH: /home/skim499/.local/bin
PATH: /home/skim499/bin
PATH: /usr/local/bin
PATH: /usr/bin
PATH: /usr/local/sbin
PATH: /usr/sbin


## ----------- ##
## Core tests. ##
## ----------- ##

configure:2589: loading cache ./config.cache
configure:2709: checking build system type
configure:2723: result: x86_64-pc-linux-gnu
configure:2743: checking host system type
configure:2756: result: x86_64-pc-linux-gnu
configure:2776: checking target system type
configure:2789: result: x86_64-pc-linux-gnu
configure:2818: checking whether make sets $(MAKE)
configure:2840: result: yes
configure:2863: checking for a BSD-compatible install
configure:2931: result: /usr/bin/install -c
configure:2950: checking for x86_64-pc-linux-gnu-gcc
configure:2977: result: gcc
configure:3246: checking for C compiler version
configure:3255: gcc --version >&5
gcc (GCC) 14.2.1 20240912 (Red Hat 14.2.1-3)
Copyright (C) 2024 Free Software Foundation, Inc.
This is free software; see the source for copying conditions.  There is NO
warranty; not even for MERCHANTABILITY or FITNESS FOR A PARTICULAR PURPOSE.

configure:3266: $? = 0
configure:3255: gcc -v >&5
Using built-in specs.
COLLECT_GCC=gcc
COLLECT_LTO_WRAPPER=/usr/libexec/gcc/x86_64-redhat-linux/14/lto-wrapper
OFFLOAD_TARGET_NAMES=nvptx-none:amdgcn-amdhsa
OFFLOAD_TARGET_DEFAULT=1
Target: x86_64-redhat-linux
Configured with: ../configure --enable-bootstrap --enable-languages=c,c++,fortran,objc,obj-c++,ada,go,d,m2,lto --prefix=/usr --mandir=/usr/share/man --infodir=/usr/share/info --with-bugurl=http://bugzilla.redhat.com/bugzilla --enable-shared --enable-threads=posix --enable-checking=release --enable-multilib --with-system-zlib --enable-__cxa_atexit --disable-libunwind-exceptions --enable-gnu-unique-object --enable-linker-build-id --with-gcc-major-version-only --enable-libstdcxx-backtrace --with-libstdcxx-zoneinfo=/usr/share/zoneinfo --with-linker-hash-style=gnu --enable-plugin --enable-initfini-array --with-isl=/builddir/build/BUILD/gcc-14.2.1-20240912/obj-x86_64-redhat-linux/isl-install --enable-offload-targets=nvptx-none,amdgcn-amdhsa --enable-offload-defaulted --without-cuda-driver --enable-gnu-indirect-function --enable-cet --with-tune=generic --with-arch_32=i686 --build=x86_64-redhat-linux --with-build-config=bootstrap-lto --enable-link-serialization=1
Thread model: posix
Supported LTO compression algorithms: zlib zstd
gcc version 14.2.1 20240912 (Red Hat 14.2.1-3) (GCC) 
... rest of stderr output deleted ...
configure:3266: $? = 0
configure:3255: gcc -V >&5
gcc: error: unrecognized command-line option '-V'
gcc: fatal error: no input files
compilation terminated.
configure:3266: $? = 1
configure:3255: gcc -qversion >&5
gcc: error: unrecognized command-line option '-qversion'; did you mean '--version'?
gcc: fatal error: no input files
compilation terminated.
configure:3266: $? = 1
configure:3286: checking whether the C compiler works
configure:3308: gcc -g -O2   conftest.c  >&5
configure:3312: $? = 0
configure:3360: result: yes
configure:3363: checking for C compiler default output file name
configure:3365: result: a.out
configure:3371: checking for suffix of executables
configure:3378: gcc -o conftest -g -O2   conftest.c  >&5
configure:3382: $? = 0
configure:3404: result: 
configure:3426: checking whether we are cross compiling
configure:3434: gcc -o conftest -g -O2   conftest.c  >&5
configure:3438: $? = 0
configure:3445: ./conftest
configure:3449: $? = 0
configure:3464: result: no
configure:3469: checking for suffix of object files
configure:3516: result: o
configure:3520: checking whether we are using the GNU C compiler
configure:3548: result: yes
configure:3557: checking whether gcc accepts -g
configure:3618: result: yes
configure:3635: checking for gcc option to accept ISO C89
configure:3711: result: none needed
configure:3843: checking for C++ compiler version
configure:3852: g++ -std=c++14 --version >&5
g++ (GCC) 14.2.1 20240912 (Red Hat 14.2.1-3)
Copyright (C) 2024 Free Software Foundation, Inc.
This is free software; see the source for copying conditions.  There is NO
warranty; not even for MERCHANTABILITY or FITNESS FOR A PARTICULAR PURPOSE.

configure:3863: $? = 0
configure:3852: g++ -std=c++14 -v >&5
Using built-in specs.
COLLECT_GCC=g++
COLLECT_LTO_WRAPPER=/usr/libexec/gcc/x86_64-redhat-linux/14/lto-wrapper
OFFLOAD_TARGET_NAMES=nvptx-none:amdgcn-amdhsa
OFFLOAD_TARGET_DEFAULT=1
Target: x86_64-redhat-linux
Configured with: ../configure --enable-bootstrap --enable-languages=c,c++,fortran,objc,obj-c++,ada,go,d,m2,lto --prefix=/usr --mandir=/usr/share/man --infodir=/usr/share/info --with-bugurl=http://bugzilla.redhat.com/bugzilla --enable-shared --enable-threads=posix --enable-checking=release --enable-multilib --with-system-zlib --enable-__cxa_atexit --disable-libunwind-exceptions --enable-gnu-unique-object --enable-linker-build-id --with-gcc-major-version-only --enable-libstdcxx-backtrace --with-libstdcxx-zoneinfo=/usr/share/zoneinfo --with-linker-hash-style=gnu --enable-plugin --enable-initfini-array --with-isl=/builddir/build/BUILD/gcc-14.2.1-20240912/obj-x86_64-redhat-linux/isl-install --enable-offload-targets=nvptx-none,amdgcn-amdhsa --enable-offload-defaulted --without-cuda-driver --enable-gnu-indirect-function --enable-cet --with-tune=generic --with-arch_32=i686 --build=x86_64-redhat-linux --with-build-config=bootstrap-lto --enable-link-serialization=1
Thread model: posix
Supported LTO compression algorithms: zlib zstd
gcc version 14.2.1 20240912 (Red Hat 14.2.1-3) (GCC) 
... rest of stderr output deleted ...
configure:3863: $? = 0
configure:3852: g++ -std=c++14 -V >&5
g++: error: unrecognized command-line option '-V'
g++: fatal error: no input files
compilation terminated.
configure:3863: $? = 1
configure:3852: g++ -std=c++14 -qversion >&5
g++: error: unrecognized command-line option '-qversion'; did you mean '--version'?
g++: fatal error: no input files
compilation terminated.
configure:3863: $? = 1
configure:3867: checking whether we are using the GNU C++ compiler
configure:3895: result: yes
configure:3904: checking whether g++ -std=c++14 accepts -g
configure:3965: result: yes
configure:3991: checking for x86_64-pc-linux-gnu-ranlib
configure:4018: result: ranlib --plugin /usr/libexec/gcc/x86_64-redhat-linux/14/liblto_plugin.so
configure:4083: checking for x86_64-pc-linux-gnu-ar
configure:4110: result: ar --plugin /usr/libexec/gcc/x86_64-redhat-linux/14/liblto_plugin.so
configure:4179: checking how to run the C preprocessor
configure:4249: result: gcc -E
configure:4269: gcc -E  conftest.c
configure:4269: $? = 0
configure:4283: gcc -E  conftest.c
conftest.c:9:10: fatal error: ac_nonexistent.h: No such file or directory
    9 | #include <ac_nonexistent.h>
      |          ^~~~~~~~~~~~~~~~~~
compilation terminated.
configure:4283: $? = 1
configure: failed program was:
| /* confdefs.h */
| #define PACKAGE_NAME "cpplib"
| #define PACKAGE_TARNAME "cpplib"
| #define PACKAGE_VERSION " "
| #define PACKAGE_STRING "cpplib  "
| #define PACKAGE_BUGREPORT "gcc-bugs@gcc.gnu.org"
| #define PACKAGE_URL ""
| /* end confdefs.h.  */
| #include <ac_nonexistent.h>
configure:4312: checking for grep that handles long lines and -e
configure:4370: result: /usr/bin/grep
configure:4375: checking for egrep
configure:4437: result: /usr/bin/grep -E
configure:4442: checking for ANSI C header files
configure:4546: result: yes
configure:4559: checking for sys/types.h
configure:4559: result: yes
configure:4559: checking for sys/stat.h
configure:4559: result: yes
configure:4559: checking for stdlib.h
configure:4559: result: yes
configure:4559: checking for string.h
configure:4559: result: yes
configure:4559: checking for memory.h
configure:4559: result: yes
configure:4559: checking for strings.h
configure:4559: result: yes
configure:4559: checking for inttypes.h
configure:4559: result: yes
configure:4559: checking for stdint.h
configure:4559: result: yes
configure:4559: checking for unistd.h
configure:4559: result: yes
configure:4572: checking for minix/config.h
configure:4572: result: no
configure:4593: checking whether it is safe to define __EXTENSIONS__
configure:4618: result: yes
configure:4639: checking for special C compiler options needed for large files
configure:4684: result: no
configure:4690: checking for _FILE_OFFSET_BITS value needed for large files
configure:4747: result: no
configure:4838: checking for aclocal
configure:4865: result: aclocal
configure:4881: checking for autoconf
configure:4908: result: autoconf
configure:4924: checking for autoheader
configure:4951: result: autoheader
configure:4990: checking whether gcc supports -W
configure:5016: result: yes
configure:4990: checking whether gcc supports -Wall
configure:5016: result: yes
configure:4990: checking whether gcc supports -Wnarrowing
configure:5016: result: yes
configure:4990: checking whether gcc supports -Wwrite-strings
configure:5016: result: yes
configure:4990: checking whether gcc supports -Wmissing-format-attribute
configure:5016: result: yes
configure:5048: checking whether gcc supports -Wstrict-prototypes
configure:5074: result: yes
configure:5048: checking whether gcc supports -Wmissing-prototypes
configure:5074: result: yes
configure:5048: checking whether gcc supports -Wold-style-definition
configure:5074: result: yes
configure:5048: checking whether gcc supports -Wc++-compat
configure:5074: result: yes
configure:5098: checking whether gcc supports -pedantic -Wlong-long
configure:5124: result: yes
configure:5157: checking whether gcc supports -fno-exceptions
configure:5183: result: yes
configure:5157: checking whether gcc supports -fno-rtti
configure:5183: result: yes
configure:5252: g++ -std=c++14 -c -g -O2  conftest.cpp >&5
configure:5252: $? = 0
configure:5267: checking dependency style of g++ -std=c++14
configure:5352: result: gcc3
configure:5362: checking whether time.h and sys/time.h may both be included
configure:5389: result: yes
configure:5397: checking whether string.h and strings.h may both be included
configure:5421: result: yes
configure:5434: checking for locale.h
configure:5434: result: yes
configure:5434: checking for fcntl.h
configure:5434: result: yes
configure:5434: checking for limits.h
configure:5434: result: yes
configure:5434: checking for stddef.h
configure:5434: result: yes
configure:5434: checking for stdlib.h
configure:5434: result: yes
configure:5434: checking for strings.h
configure:5434: result: yes
configure:5434: checking for string.h
configure:5434: result: yes
configure:5434: checking for sys/file.h
configure:5434: result: yes
configure:5434: checking for unistd.h
configure:5434: result: yes
configure:5446: checking whether byte ordering is bigendian
configure:5652: result: no
configure:5670: checking for an ANSI C-conforming const
configure:5743: result: yes
configure:5751: checking for inline
configure:5775: result: inline
configure:5793: checking for obstacks
configure:5822: result: yes
configure:5837: checking for off_t
configure:5837: result: yes
configure:5848: checking for size_t
configure:5848: result: yes
configure:5859: checking for ssize_t
configure:5859: result: yes
configure:5871: checking for uintptr_t
configure:5871: result: yes
configure:5907: checking for ptrdiff_t
configure:5907: result: yes
configure:5918: checking for uint64_t
configure:5918: result: yes
configure:5935: checking whether struct tm is in sys/time.h or time.h
configure:5962: result: time.h
configure:5974: checking size of int
configure:5993: result: 4
configure:6007: checking size of long
configure:6026: result: 8
configure:6040: checking for clearerr_unlocked
configure:6040: result: yes
configure:6040: checking for feof_unlocked
configure:6040: result: yes
configure:6040: checking for ferror_unlocked
configure:6040: result: yes
configure:6040: checking for fflush_unlocked
configure:6040: result: yes
configure:6040: checking for fgetc_unlocked
configure:6040: result: yes
configure:6040: checking for fgets_unlocked
configure:6040: result: yes
configure:6040: checking for fileno_unlocked
configure:6040: result: yes
configure:6040: checking for fprintf_unlocked
configure:6040: result: no
configure:6040: checking for fputc_unlocked
configure:6040: result: yes
configure:6040: checking for fputs_unlocked
configure:6040: result: yes
configure:6040: checking for fread_unlocked
configure:6040: result: yes
configure:6040: checking for fwrite_unlocked
configure:6040: result: yes
configure:6040: checking for getchar_unlocked
configure:6040: result: yes
configure:6040: checking for getc_unlocked
configure:6040: result: yes
configure:6040: checking for putchar_unlocked
configure:6040: result: yes
configure:6040: checking for putc_unlocked
configure:6040: result: yes
configure:6049: checking whether abort is declared
configure:6049: result: yes
configure:6059: checking whether asprintf is declared
configure:6059: result: yes
configure:6070: checking whether basename is declared
configure:6070: result: yes
configure:6080: checking whether errno is declared
configure:6080: result: no
configure:6090: checking whether getopt is declared
configure:6090: result: yes
configure:6100: checking whether vasprintf is declared
configure:6100: result: yes
configure:6111: checking whether clearerr_unlocked is declared
configure:6111: result: yes
configure:6121: checking whether feof_unlocked is declared
configure:6121: result: yes
configure:6131: checking whether ferror_unlocked is declared
configure:6131: result: yes
configure:6141: checking whether fflush_unlocked is declared
configure:6141: result: yes
configure:6151: checking whether fgetc_unlocked is declared
configure:6151: result: yes
configure:6161: checking whether fgets_unlocked is declared
configure:6161: result: yes
configure:6171: checking whether fileno_unlocked is declared
configure:6171: result: yes
configure:6181: checking whether fprintf_unlocked is declared
configure:6181: result: no
configure:6191: checking whether fputc_unlocked is declared
configure:6191: result: yes
configure:6201: checking whether fputs_unlocked is declared
configure:6201: result: yes
configure:6211: checking whether fread_unlocked is declared
configure:6211: result: yes
configure:6221: checking whether fwrite_unlocked is declared
configure:6221: result: yes
configure:6231: checking whether getchar_unlocked is declared
configure:6231: result: yes
configure:6241: checking whether getc_unlocked is declared
configure:6241: result: yes
configure:6251: checking whether putchar_unlocked is declared
configure:6251: result: yes
configure:6261: checking whether putc_unlocked is declared
configure:6261: result: yes
configure:6276: checking for working alloca.h
configure:6301: result: yes
configure:6309: checking for alloca
configure:6354: result: yes
configure:6460: checking for ANSI C header files
configure:6564: result: yes
configure:6573: checking for nl_langinfo and CODESET
configure:6598: result: yes
configure:6620: checking whether NLS is requested
configure:6629: result: no
configure:6667: checking for msgfmt
configure:6698: result: /usr/bin/msgfmt
configure:6707: checking for gmsgfmt
configure:6738: result: /usr/bin/msgfmt
configure:6778: checking for xgettext
configure:6809: result: /usr/bin/xgettext
configure:6849: checking for msgmerge
configure:6879: result: /usr/bin/msgmerge
configure:6954: checking for ld used by GCC
configure:7017: result: ld
configure:7024: checking if the linker (ld) is GNU ld
configure:7036: result: yes
configure:7042: checking for shared library run path origin
configure:7055: result: done
configure:7502: checking for CFPreferencesCopyAppValue
configure:7529: result: no
configure:7536: checking for CFLocaleCopyPreferredLanguages
configure:7563: result: no
configure:8443: checking whether to use NLS
configure:8445: result: no
configure:8528: checking whether NLS is requested
configure:8531: result: no
configure:8586: checking for uchar
configure:8605: gcc -c -g -O2  conftest.c >&5
conftest.c: In function 'main':
conftest.c:86:6: error: 'uchar' undeclared (first use in this function); did you mean 'u_char'?
   86 | if ((uchar *)0) return 0;
      |      ^~~~~
      |      u_char
conftest.c:86:6: note: each undeclared identifier is reported only once for each function it appears in
conftest.c:86:13: error: expected expression before ')' token
   86 | if ((uchar *)0) return 0;
      |             ^
configure:8605: $? = 1
configure: failed program was:
| /* confdefs.h */
| #define PACKAGE_NAME "cpplib"
| #define PACKAGE_TARNAME "cpplib"
| #define PACKAGE_VERSION " "
| #define PACKAGE_STRING "cpplib  "
| #define PACKAGE_BUGREPORT "gcc-bugs@gcc.gnu.org"
| #define PACKAGE_URL ""
| #define STDC_HEADERS 1
| #define HAVE_SYS_TYPES_H 1
| #define HAVE_SYS_STAT_H 1
| #define HAVE_STDLIB_H 1
| #define HAVE_STRING_H 1
| #define HAVE_MEMORY_H 1
| #define HAVE_STRINGS_H 1
| #define HAVE_INTTYPES_H 1
| #define HAVE_STDINT_H 1
| #define HAVE_UNISTD_H 1
| #define __EXTENSIONS__ 1
| #define _ALL_SOURCE 1
| #define _GNU_SOURCE 1
| #define _POSIX_PTHREAD_SEMANTICS 1
| #define _TANDEM_SOURCE 1
| #define TIME_WITH_SYS_TIME 1
| #define STRING_WITH_STRINGS 1
| #define HAVE_LOCALE_H 1
| #define HAVE_FCNTL_H 1
| #define HAVE_LIMITS_H 1
| #define HAVE_STDDEF_H 1
| #define HAVE_STDLIB_H 1
| #define HAVE_STRINGS_H 1
| #define HAVE_STRING_H 1
| #define HAVE_SYS_FILE_H 1
| #define HAVE_UNISTD_H 1
| #define HAVE_OBSTACK 1
| #define HAVE_UINTPTR_T 1
| #define SIZEOF_INT 4
| #define SIZEOF_LONG 8
| #define HAVE_CLEARERR_UNLOCKED 1
| #define HAVE_FEOF_UNLOCKED 1
| #define HAVE_FERROR_UNLOCKED 1
| #define HAVE_FFLUSH_UNLOCKED 1
| #define HAVE_FGETC_UNLOCKED 1
| #define HAVE_FGETS_UNLOCKED 1
| #define HAVE_FILENO_UNLOCKED 1
| #define HAVE_FPUTC_UNLOCKED 1
| #define HAVE_FPUTS_UNLOCKED 1
| #define HAVE_FREAD_UNLOCKED 1
| #define HAVE_FWRITE_UNLOCKED 1
| #define HAVE_GETCHAR_UNLOCKED 1
| #define HAVE_GETC_UNLOCKED 1
| #define HAVE_PUTCHAR_UNLOCKED 1
| #define HAVE_PUTC_UNLOCKED 1
| #define HAVE_DECL_ABORT 1
| #define HAVE_DECL_ASPRINTF 1
| #define HAVE_DECL_BASENAME 1
| #define HAVE_DECL_ERRNO 0
| #define HAVE_DECL_GETOPT 1
| #define HAVE_DECL_VASPRINTF 1
| #define HAVE_DECL_CLEARERR_UNLOCKED 1
| #define HAVE_DECL_FEOF_UNLOCKED 1
| #define HAVE_DECL_FERROR_UNLOCKED 1
| #define HAVE_DECL_FFLUSH_UNLOCKED 1
| #define HAVE_DECL_FGETC_UNLOCKED 1
| #define HAVE_DECL_FGETS_UNLOCKED 1
| #define HAVE_DECL_FILENO_UNLOCKED 1
| #define HAVE_DECL_FPRINTF_UNLOCKED 0
| #define HAVE_DECL_FPUTC_UNLOCKED 1
| #define HAVE_DECL_FPUTS_UNLOCKED 1
| #define HAVE_DECL_FREAD_UNLOCKED 1
| #define HAVE_DECL_FWRITE_UNLOCKED 1
| #define HAVE_DECL_GETCHAR_UNLOCKED 1
| #define HAVE_DECL_GETC_UNLOCKED 1
| #define HAVE_DECL_PUTCHAR_UNLOCKED 1
| #define HAVE_DECL_PUTC_UNLOCKED 1
| #define HAVE_ALLOCA_H 1
| #define HAVE_ALLOCA 1
| #define STDC_HEADERS 1
| #define HAVE_LANGINFO_CODESET 1
| /* end confdefs.h.  */
| 
| #include <sys/types.h>
| 
| int
| main ()
| {
| if ((uchar *)0) return 0;
|  if (sizeof(uchar)) return 0;
|   ;
|   return 0;
| }
configure:8612: result: 
configure:8624: checking size of ino_t
configure:8643: result: 8
configure:8657: checking size of dev_t
configure:8676: result: 8
configure:8725: checking for iconv
configure:8783: result: no
configure:9148: gcc -c -g -O2  conftest.c >&5
configure:9148: $? = 0
configure:9196: checking for CET support
configure:9225: gcc -c -g -O2 -fcf-protection  conftest.c >&5
configure:9225: $? = 0
configure:9291: gcc -o conftest -g -O2 -fcf-protection=none   -Wl,-z,ibt,-z,shstk conftest.c  >&5
configure:9291: $? = 0
configure:9319: gcc -o conftest -g -O2 -fcf-protection=none   -Wl,-z,ibt,-z,shstk conftest.c  >&5
configure:9319: $? = 0
configure:9319: ./conftest
configure:9319: $? = 0
configure:9366: gcc -o conftest -g -O2 -fcf-protection=none   -Wl,-z,ibt,-z,shstk conftest.c  >&5
configure:9366: $? = 0
configure:9366: ./conftest
configure:9366: $? = 0
configure:9387: result: yes
configure:9532: creating ./config.status

## ---------------------- ##
## Running config.status. ##
## ---------------------- ##

This file was extended by cpplib config.status  , which was
generated by GNU Autoconf 2.69.  Invocation command line was

  CONFIG_FILES    = 
  CONFIG_HEADERS  = 
  CONFIG_LINKS    = 
  CONFIG_COMMANDS = 
  $ ./config.status 

on x86-001.spo600.cdot.systems

config.status:947: creating Makefile
config.status:947: creating config.h
config.status:1107: config.h is unchanged
config.status:1121: executing depdir commands
config.status:1121: executing default-1 commands

## ---------------- ##
## Cache variables. ##
## ---------------- ##

ac_cv_build=x86_64-pc-linux-gnu
ac_cv_c_bigendian=no
ac_cv_c_compiler_gnu=yes
ac_cv_c_const=yes
ac_cv_c_inline=inline
ac_cv_c_uint64_t=yes
ac_cv_cxx_compiler_gnu=yes
ac_cv_env_CCC_set=
ac_cv_env_CCC_value=
ac_cv_env_CC_set=set
ac_cv_env_CC_value=gcc
ac_cv_env_CFLAGS_set=set
ac_cv_env_CFLAGS_value='-g -O2'
ac_cv_env_CPPFLAGS_set=set
ac_cv_env_CPPFLAGS_value=
ac_cv_env_CPP_set=set
ac_cv_env_CPP_value=
ac_cv_env_CXXFLAGS_set=set
ac_cv_env_CXXFLAGS_value='-g -O2'
ac_cv_env_CXX_set=set
ac_cv_env_CXX_value='g++ -std=c++14'
ac_cv_env_LDFLAGS_set=set
ac_cv_env_LDFLAGS_value=
ac_cv_env_LIBS_set=
ac_cv_env_LIBS_value=
ac_cv_env_build_alias_set=set
ac_cv_env_build_alias_value=x86_64-pc-linux-gnu
ac_cv_env_host_alias_set=set
ac_cv_env_host_alias_value=x86_64-pc-linux-gnu
ac_cv_env_target_alias_set=set
ac_cv_env_target_alias_value=x86_64-pc-linux-gnu
ac_cv_func_alloca_works=yes
ac_cv_func_clearerr_unlocked=yes
ac_cv_func_feof_unlocked=yes
ac_cv_func_ferror_unlocked=yes
ac_cv_func_fflush_unlocked=yes
ac_cv_func_fgetc_unlocked=yes
ac_cv_func_fgets_unlocked=yes
ac_cv_func_fileno_unlocked=yes
ac_cv_func_fprintf_unlocked=no
ac_cv_func_fputc_unlocked=yes
ac_cv_func_fputs_unlocked=yes
ac_cv_func_fread_unlocked=yes
ac_cv_func_fwrite_unlocked=yes
ac_cv_func_getc_unlocked=yes
ac_cv_func_getchar_unlocked=yes
ac_cv_func_obstack=yes
ac_cv_func_putc_unlocked=yes
ac_cv_func_putchar_unlocked=yes
ac_cv_have_decl_abort=yes
ac_cv_have_decl_asprintf=yes
ac_cv_have_decl_basename_char_p_=yes
ac_cv_have_decl_clearerr_unlocked=yes
ac_cv_have_decl_errno=no
ac_cv_have_decl_feof_unlocked=yes
ac_cv_have_decl_ferror_unlocked=yes
ac_cv_have_decl_fflush_unlocked=yes
ac_cv_have_decl_fgetc_unlocked=yes
ac_cv_have_decl_fgets_unlocked=yes
ac_cv_have_decl_fileno_unlocked=yes
ac_cv_have_decl_fprintf_unlocked=no
ac_cv_have_decl_fputc_unlocked=yes
ac_cv_have_decl_fputs_unlocked=yes
ac_cv_have_decl_fread_unlocked=yes
ac_cv_have_decl_fwrite_unlocked=yes
ac_cv_have_decl_getc_unlocked=yes
ac_cv_have_decl_getchar_unlocked=yes
ac_cv_have_decl_getopt=yes
ac_cv_have_decl_putc_unlocked=yes
ac_cv_have_decl_putchar_unlocked=yes
ac_cv_have_decl_vasprintf=yes
ac_cv_header_fcntl_h=yes
ac_cv_header_inttypes_h=yes
ac_cv_header_limits_h=yes
ac_cv_header_locale_h=yes
ac_cv_header_memory_h=yes
ac_cv_header_minix_config_h=no
ac_cv_header_stdc=yes
ac_cv_header_stddef_h=yes
ac_cv_header_stdint_h=yes
ac_cv_header_stdlib_h=yes
ac_cv_header_string_h=yes
ac_cv_header_strings_h=yes
ac_cv_header_sys_file_h=yes
ac_cv_header_sys_stat_h=yes
ac_cv_header_sys_types_h=yes
ac_cv_header_time=yes
ac_cv_header_unistd_h=yes
ac_cv_host=x86_64-pc-linux-gnu
ac_cv_objext=o
ac_cv_path_EGREP='/usr/bin/grep -E'
ac_cv_path_GMSGFMT=/usr/bin/msgfmt
ac_cv_path_GREP=/usr/bin/grep
ac_cv_path_MSGFMT=/usr/bin/msgfmt
ac_cv_path_MSGMERGE=/usr/bin/msgmerge
ac_cv_path_XGETTEXT=/usr/bin/xgettext
ac_cv_prog_ACLOCAL=aclocal
ac_cv_prog_AR='ar --plugin /usr/libexec/gcc/x86_64-redhat-linux/14/liblto_plugin.so'
ac_cv_prog_AUTOCONF=autoconf
ac_cv_prog_AUTOHEADER=autoheader
ac_cv_prog_CC=gcc
ac_cv_prog_CPP='gcc -E'
ac_cv_prog_RANLIB='ranlib --plugin /usr/libexec/gcc/x86_64-redhat-linux/14/liblto_plugin.so'
ac_cv_prog_cc_c89=
ac_cv_prog_cc_g=yes
ac_cv_prog_cxx_g=yes
ac_cv_prog_make_make_set=yes
ac_cv_safe_to_define___extensions__=yes
ac_cv_sizeof_dev_t=8
ac_cv_sizeof_ino_t=8
ac_cv_sizeof_int=4
ac_cv_sizeof_long=8
ac_cv_struct_tm=time.h
ac_cv_sys_file_offset_bits=no
ac_cv_sys_largefile_CC=no
ac_cv_target=x86_64-pc-linux-gnu
ac_cv_type_off_t=yes
ac_cv_type_ptrdiff_t=yes
ac_cv_type_size_t=yes
ac_cv_type_ssize_t=yes
ac_cv_type_uchar=no
ac_cv_type_uintptr_t=yes
ac_cv_working_alloca_h=yes
acl_cv_hardcode_direct=no
acl_cv_hardcode_libdir_flag_spec='${wl}-rpath ${wl}$libdir'
acl_cv_hardcode_libdir_separator=
acl_cv_hardcode_minus_L=no
acl_cv_libext=a
acl_cv_path_LD=ld
acl_cv_prog_gnu_ld=yes
acl_cv_rpath=done
acl_cv_shlibext=so
acl_cv_wl=-Wl,
acx_cv_prog_cc_pedantic__Wlong_long=yes
acx_cv_prog_cc_warning__W=yes
acx_cv_prog_cc_warning__Wall=yes
acx_cv_prog_cc_warning__Wcpp_compat=yes
acx_cv_prog_cc_warning__Wmissing_format_attribute=yes
acx_cv_prog_cc_warning__Wmissing_prototypes=yes
acx_cv_prog_cc_warning__Wnarrowing=yes
acx_cv_prog_cc_warning__Wold_style_definition=yes
acx_cv_prog_cc_warning__Wstrict_prototypes=yes
acx_cv_prog_cc_warning__Wwrite_strings=yes
acx_cv_prog_cc_warning__fno_exceptions=yes
acx_cv_prog_cc_warning__fno_rtti=yes
am_cv_CXX_dependencies_compiler_type=gcc3
am_cv_func_iconv=no
am_cv_func_iconv_summary='no, consider installing GNU libiconv'
am_cv_langinfo_codeset=yes
am_cv_lib_iconv=no
gcc_cv_header_string=yes
gl_cv_iconv_nonconst=yes
gt_cv_func_CFLocaleCopyPreferredLanguages=no
gt_cv_func_CFPreferencesCopyAppValue=no

## ----------------- ##
## Output variables. ##
## ----------------- ##

ACLOCAL='aclocal'
ALLOCA=''
AR='ar --plugin /usr/libexec/gcc/x86_64-redhat-linux/14/liblto_plugin.so'
AUTOCONF='autoconf'
AUTOHEADER='autoheader'
CATALOGS=''
CATOBJEXT=''
CC='gcc'
CET_HOST_FLAGS=''
CFLAGS='-g -O2'
CPP='gcc -E'
CPPFLAGS=''
CXX='g++ -std=c++14'
CXXDEPMODE='depmode=gcc3'
CXXFLAGS='-g -O2'
DATADIRNAME=''
DEFS='-DHAVE_CONFIG_H'
DEPDIR='.deps'
ECHO_C=''
ECHO_N='-n'
ECHO_T=''
EGREP='/usr/bin/grep -E'
ETAGS='etags'
EXEEXT=''
GENCAT=''
GMSGFMT='/usr/bin/msgfmt'
GREP='/usr/bin/grep'
INCINTL=''
INSTALL_DATA='/usr/bin/install -c -m 644'
INSTALL_PROGRAM='/usr/bin/install -c'
INSTALL_SCRIPT='/usr/bin/install -c'
INSTOBJEXT=''
INTLLIBS=''
INTL_MACOSX_LIBS=''
LDFLAGS=''
LIBICONV=''
LIBINTL=''
LIBINTL_DEP=''
LIBOBJS=''
LIBS=''
LTLIBICONV=''
LTLIBINTL=''
LTLIBOBJS=''
MAINT='#'
MKINSTALLDIRS='$(top_builddir)/../../../src/libcpp/../mkinstalldirs'
MSGFMT='/usr/bin/msgfmt'
MSGMERGE='/usr/bin/msgmerge'
OBJEXT='o'
PACKAGE='cpplib'
PACKAGE_BUGREPORT='gcc-bugs@gcc.gnu.org'
PACKAGE_NAME='cpplib'
PACKAGE_STRING='cpplib  '
PACKAGE_TARNAME='cpplib'
PACKAGE_URL=''
PACKAGE_VERSION=' '
PATH_SEPARATOR=':'
PICFLAG=''
POSUB=''
RANLIB='ranlib --plugin /usr/libexec/gcc/x86_64-redhat-linux/14/liblto_plugin.so'
SET_MAKE=''
SHELL='/bin/sh'
USED_CATALOGS=''
USE_NLS='no'
WARN_PEDANTIC='-pedantic -Wno-long-long'
WERROR=''
XGETTEXT='/usr/bin/xgettext'
ac_ct_CC=''
ac_ct_CXX=''
am__leading_dot='.'
bindir='${exec_prefix}/bin'
build='x86_64-pc-linux-gnu'
build_alias='x86_64-pc-linux-gnu'
build_cpu='x86_64'
build_os='linux-gnu'
build_vendor='pc'
c_warn='-Wstrict-prototypes -Wmissing-prototypes -Wold-style-definition -Wc++-compat'
datadir='${datarootdir}'
datarootdir='${prefix}/share'
docdir='${datarootdir}/doc/${PACKAGE_TARNAME}'
dvidir='${docdir}'
enable_host_pie=''
enable_host_shared=''
exec_prefix='${prefix}'
host='x86_64-pc-linux-gnu'
host_alias='x86_64-pc-linux-gnu'
host_cpu='x86_64'
host_os='linux-gnu'
host_vendor='pc'
htmldir='${docdir}'
includedir='${prefix}/include'
infodir='${datarootdir}/info'
libdir='${exec_prefix}/lib'
libexecdir='${exec_prefix}/libexec'
localedir='${datarootdir}/locale'
localstatedir='${prefix}/var'
mandir='${datarootdir}/man'
noexception_flags='-fno-exceptions -fno-rtti'
oldincludedir='/usr/include'
pdfdir='${docdir}'
prefix='/home/skim499/gcc-custom-pass/install'
program_transform_name='s,y,y,'
psdir='${docdir}'
sbindir='${exec_prefix}/sbin'
sharedstatedir='${prefix}/com'
sysconfdir='${prefix}/etc'
target='x86_64-pc-linux-gnu'
target_alias='x86_64-pc-linux-gnu'
target_cpu='x86_64'
target_os='linux-gnu'
target_vendor='pc'
warn='-W -Wall -Wno-narrowing -Wwrite-strings -Wmissing-format-attribute'

## ----------- ##
## confdefs.h. ##
## ----------- ##

/* confdefs.h */
#define PACKAGE_NAME "cpplib"
#define PACKAGE_TARNAME "cpplib"
#define PACKAGE_VERSION " "
#define PACKAGE_STRING "cpplib  "
#define PACKAGE_BUGREPORT "gcc-bugs@gcc.gnu.org"
#define PACKAGE_URL ""
#define STDC_HEADERS 1
#define HAVE_SYS_TYPES_H 1
#define HAVE_SYS_STAT_H 1
#define HAVE_STDLIB_H 1
#define HAVE_STRING_H 1
#define HAVE_MEMORY_H 1
#define HAVE_STRINGS_H 1
#define HAVE_INTTYPES_H 1
#define HAVE_STDINT_H 1
#define HAVE_UNISTD_H 1
#define __EXTENSIONS__ 1
#define _ALL_SOURCE 1
#define _GNU_SOURCE 1
#define _POSIX_PTHREAD_SEMANTICS 1
#define _TANDEM_SOURCE 1
#define TIME_WITH_SYS_TIME 1
#define STRING_WITH_STRINGS 1
#define HAVE_LOCALE_H 1
#define HAVE_FCNTL_H 1
#define HAVE_LIMITS_H 1
#define HAVE_STDDEF_H 1
#define HAVE_STDLIB_H 1
#define HAVE_STRINGS_H 1
#define HAVE_STRING_H 1
#define HAVE_SYS_FILE_H 1
#define HAVE_UNISTD_H 1
#define HAVE_OBSTACK 1
#define HAVE_UINTPTR_T 1
#define SIZEOF_INT 4
#define SIZEOF_LONG 8
#define HAVE_CLEARERR_UNLOCKED 1
#define HAVE_FEOF_UNLOCKED 1
#define HAVE_FERROR_UNLOCKED 1
#define HAVE_FFLUSH_UNLOCKED 1
#define HAVE_FGETC_UNLOCKED 1
#define HAVE_FGETS_UNLOCKED 1
#define HAVE_FILENO_UNLOCKED 1
#define HAVE_FPUTC_UNLOCKED 1
#define HAVE_FPUTS_UNLOCKED 1
#define HAVE_FREAD_UNLOCKED 1
#define HAVE_FWRITE_UNLOCKED 1
#define HAVE_GETCHAR_UNLOCKED 1
#define HAVE_GETC_UNLOCKED 1
#define HAVE_PUTCHAR_UNLOCKED 1
#define HAVE_PUTC_UNLOCKED 1
#define HAVE_DECL_ABORT 1
#define HAVE_DECL_ASPRINTF 1
#define HAVE_DECL_BASENAME 1
#define HAVE_DECL_ERRNO 0
#define HAVE_DECL_GETOPT 1
#define HAVE_DECL_VASPRINTF 1
#define HAVE_DECL_CLEARERR_UNLOCKED 1
#define HAVE_DECL_FEOF_UNLOCKED 1
#define HAVE_DECL_FERROR_UNLOCKED 1
#define HAVE_DECL_FFLUSH_UNLOCKED 1
#define HAVE_DECL_FGETC_UNLOCKED 1
#define HAVE_DECL_FGETS_UNLOCKED 1
#define HAVE_DECL_FILENO_UNLOCKED 1
#define HAVE_DECL_FPRINTF_UNLOCKED 0
#define HAVE_DECL_FPUTC_UNLOCKED 1
#define HAVE_DECL_FPUTS_UNLOCKED 1
#define HAVE_DECL_FREAD_UNLOCKED 1
#define HAVE_DECL_FWRITE_UNLOCKED 1
#define HAVE_DECL_GETCHAR_UNLOCKED 1
#define HAVE_DECL_GETC_UNLOCKED 1
#define HAVE_DECL_PUTCHAR_UNLOCKED 1
#define HAVE_DECL_PUTC_UNLOCKED 1
#define HAVE_ALLOCA_H 1
#define HAVE_ALLOCA 1
#define STDC_HEADERS 1
#define HAVE_LANGINFO_CODESET 1
#define SIZEOF_INO_T 8
#define SIZEOF_DEV_T 8
#define ICONV_CONST 
#define PACKAGE "cpplib"
#define CHECKING_P 1
#define ENABLE_ASSERT_CHECKING 1
#define ENABLE_CANONICAL_SYSTEM_HEADERS 1
#define HAVE_SSSE3 1

configure: exit 0
