This file contains any messages produced by compilers while
running configure, to aid debugging if configure makes a mistake.

It was created by package-unused configure version-unused, which was
generated by GNU Autoconf 2.69.  Invocation command line was

  $ /home/skim499/gcc-custom-pass/src/libbacktrace/configure --srcdir=../../src/libbacktrace --cache-file=./config.cache --prefix=/home/skim499/gcc-custom-pass/install --disable-multilib --enable-languages=c,c++,lto --program-transform-name=s,y,y, --disable-option-checking --disable-year2038 --build=x86_64-pc-linux-gnu --host=x86_64-pc-linux-gnu --target=x86_64-pc-linux-gnu --enable-checking=yes,types,extra --disable-coverage --enable-languages=c,c++,lto --disable-build-format-warnings

## --------- ##
## Platform. ##
## --------- ##

hostname = x86-001.spo600.cdot.systems
uname -m = x86_64
uname -r = 6.13.4-100.fc40.x86_64
uname -s = Linux
uname -v = #1 SMP PREEMPT_DYNAMIC Sun Feb 23 15:15:27 UTC 2025

/usr/bin/uname -p = unknown
/bin/uname -X     = unknown

/bin/arch              = x86_64
/usr/bin/arch -k       = unknown
/usr/convex/getsysinfo = unknown
/usr/bin/hostinfo      = unknown
/bin/machine           = unknown
/usr/bin/oslevel       = unknown
/bin/universe          = unknown

PATH: /home/skim499/.local/bin
PATH: /home/skim499/bin
PATH: /usr/local/bin
PATH: /usr/bin
PATH: /usr/local/sbin
PATH: /usr/sbin


## ----------- ##
## Core tests. ##
## ----------- ##

configure:2473: loading cache ./config.cache
configure:2634: checking build system type
configure:2648: result: x86_64-pc-linux-gnu
configure:2668: checking host system type
configure:2681: result: x86_64-pc-linux-gnu
configure:2701: checking target system type
configure:2714: result: x86_64-pc-linux-gnu
configure:2754: checking for x86_64-pc-linux-gnu-gcc
configure:2781: result: gcc
configure:3050: checking for C compiler version
configure:3059: gcc --version >&5
gcc (GCC) 14.2.1 20240912 (Red Hat 14.2.1-3)
Copyright (C) 2024 Free Software Foundation, Inc.
This is free software; see the source for copying conditions.  There is NO
warranty; not even for MERCHANTABILITY or FITNESS FOR A PARTICULAR PURPOSE.

configure:3070: $? = 0
configure:3059: gcc -v >&5
Using built-in specs.
COLLECT_GCC=gcc
COLLECT_LTO_WRAPPER=/usr/libexec/gcc/x86_64-redhat-linux/14/lto-wrapper
OFFLOAD_TARGET_NAMES=nvptx-none:amdgcn-amdhsa
OFFLOAD_TARGET_DEFAULT=1
Target: x86_64-redhat-linux
Configured with: ../configure --enable-bootstrap --enable-languages=c,c++,fortran,objc,obj-c++,ada,go,d,m2,lto --prefix=/usr --mandir=/usr/share/man --infodir=/usr/share/info --with-bugurl=http://bugzilla.redhat.com/bugzilla --enable-shared --enable-threads=posix --enable-checking=release --enable-multilib --with-system-zlib --enable-__cxa_atexit --disable-libunwind-exceptions --enable-gnu-unique-object --enable-linker-build-id --with-gcc-major-version-only --enable-libstdcxx-backtrace --with-libstdcxx-zoneinfo=/usr/share/zoneinfo --with-linker-hash-style=gnu --enable-plugin --enable-initfini-array --with-isl=/builddir/build/BUILD/gcc-14.2.1-20240912/obj-x86_64-redhat-linux/isl-install --enable-offload-targets=nvptx-none,amdgcn-amdhsa --enable-offload-defaulted --without-cuda-driver --enable-gnu-indirect-function --enable-cet --with-tune=generic --with-arch_32=i686 --build=x86_64-redhat-linux --with-build-config=bootstrap-lto --enable-link-serialization=1
Thread model: posix
Supported LTO compression algorithms: zlib zstd
gcc version 14.2.1 20240912 (Red Hat 14.2.1-3) (GCC) 
... rest of stderr output deleted ...
configure:3070: $? = 0
configure:3059: gcc -V >&5
gcc: error: unrecognized command-line option '-V'
gcc: fatal error: no input files
compilation terminated.
configure:3070: $? = 1
configure:3059: gcc -qversion >&5
gcc: error: unrecognized command-line option '-qversion'; did you mean '--version'?
gcc: fatal error: no input files
compilation terminated.
configure:3070: $? = 1
configure:3090: checking whether the C compiler works
configure:3112: gcc -g    conftest.c  >&5
configure:3116: $? = 0
configure:3164: result: yes
configure:3167: checking for C compiler default output file name
configure:3169: result: a.out
configure:3175: checking for suffix of executables
configure:3182: gcc -o conftest -g    conftest.c  >&5
configure:3186: $? = 0
configure:3208: result: 
configure:3230: checking whether we are cross compiling
configure:3238: gcc -o conftest -g    conftest.c  >&5
configure:3242: $? = 0
configure:3249: ./conftest
configure:3253: $? = 0
configure:3268: result: no
configure:3273: checking for suffix of object files
configure:3320: result: o
configure:3324: checking whether we are using the GNU C compiler
configure:3352: result: yes
configure:3361: checking whether gcc accepts -g
configure:3422: result: yes
configure:3439: checking for gcc option to accept ISO C89
configure:3515: result: none needed
configure:3540: checking whether gcc understands -c and -o together
configure:3577: result: yes
configure:3600: checking how to run the C preprocessor
configure:3670: result: gcc -E
configure:3690: gcc -E  conftest.c
configure:3690: $? = 0
configure:3704: gcc -E  conftest.c
conftest.c:9:10: fatal error: ac_nonexistent.h: No such file or directory
    9 | #include <ac_nonexistent.h>
      |          ^~~~~~~~~~~~~~~~~~
compilation terminated.
configure:3704: $? = 1
configure: failed program was:
| /* confdefs.h */
| #define PACKAGE_NAME "package-unused"
| #define PACKAGE_TARNAME "libbacktrace"
| #define PACKAGE_VERSION "version-unused"
| #define PACKAGE_STRING "package-unused version-unused"
| #define PACKAGE_BUGREPORT ""
| #define PACKAGE_URL ""
| /* end confdefs.h.  */
| #include <ac_nonexistent.h>
configure:3733: checking for grep that handles long lines and -e
configure:3791: result: /usr/bin/grep
configure:3796: checking for egrep
configure:3858: result: /usr/bin/grep -E
configure:3863: checking for ANSI C header files
configure:3967: result: yes
configure:3980: checking for sys/types.h
configure:3980: result: yes
configure:3980: checking for sys/stat.h
configure:3980: result: yes
configure:3980: checking for stdlib.h
configure:3980: result: yes
configure:3980: checking for string.h
configure:3980: result: yes
configure:3980: checking for memory.h
configure:3980: result: yes
configure:3980: checking for strings.h
configure:3980: result: yes
configure:3980: checking for inttypes.h
configure:3980: result: yes
configure:3980: checking for stdint.h
configure:3980: result: yes
configure:3980: checking for unistd.h
configure:3980: result: yes
configure:3993: checking for minix/config.h
configure:3993: result: no
configure:4014: checking whether it is safe to define __EXTENSIONS__
configure:4039: result: yes
configure:4082: checking for a BSD-compatible install
configure:4150: result: /usr/bin/install -c
configure:4161: checking whether build environment is sane
configure:4216: result: yes
configure:4364: checking for a thread-safe mkdir -p
configure:4403: result: /usr/bin/mkdir -p
configure:4410: checking for gawk
configure:4437: result: gawk
configure:4448: checking whether make sets $(MAKE)
configure:4470: result: yes
configure:4499: checking whether make supports nested variables
configure:4516: result: yes
configure:4635: checking whether to enable maintainer-specific portions of Makefiles
configure:4644: result: no
configure:4678: checking for x86_64-pc-linux-gnu-gcc
configure:4705: result: gcc
configure:4974: checking for C compiler version
configure:4983: gcc --version >&5
gcc (GCC) 14.2.1 20240912 (Red Hat 14.2.1-3)
Copyright (C) 2024 Free Software Foundation, Inc.
This is free software; see the source for copying conditions.  There is NO
warranty; not even for MERCHANTABILITY or FITNESS FOR A PARTICULAR PURPOSE.

configure:4994: $? = 0
configure:4983: gcc -v >&5
Using built-in specs.
COLLECT_GCC=gcc
COLLECT_LTO_WRAPPER=/usr/libexec/gcc/x86_64-redhat-linux/14/lto-wrapper
OFFLOAD_TARGET_NAMES=nvptx-none:amdgcn-amdhsa
OFFLOAD_TARGET_DEFAULT=1
Target: x86_64-redhat-linux
Configured with: ../configure --enable-bootstrap --enable-languages=c,c++,fortran,objc,obj-c++,ada,go,d,m2,lto --prefix=/usr --mandir=/usr/share/man --infodir=/usr/share/info --with-bugurl=http://bugzilla.redhat.com/bugzilla --enable-shared --enable-threads=posix --enable-checking=release --enable-multilib --with-system-zlib --enable-__cxa_atexit --disable-libunwind-exceptions --enable-gnu-unique-object --enable-linker-build-id --with-gcc-major-version-only --enable-libstdcxx-backtrace --with-libstdcxx-zoneinfo=/usr/share/zoneinfo --with-linker-hash-style=gnu --enable-plugin --enable-initfini-array --with-isl=/builddir/build/BUILD/gcc-14.2.1-20240912/obj-x86_64-redhat-linux/isl-install --enable-offload-targets=nvptx-none,amdgcn-amdhsa --enable-offload-defaulted --without-cuda-driver --enable-gnu-indirect-function --enable-cet --with-tune=generic --with-arch_32=i686 --build=x86_64-redhat-linux --with-build-config=bootstrap-lto --enable-link-serialization=1
Thread model: posix
Supported LTO compression algorithms: zlib zstd
gcc version 14.2.1 20240912 (Red Hat 14.2.1-3) (GCC) 
... rest of stderr output deleted ...
configure:4994: $? = 0
configure:4983: gcc -V >&5
gcc: error: unrecognized command-line option '-V'
gcc: fatal error: no input files
compilation terminated.
configure:4994: $? = 1
configure:4983: gcc -qversion >&5
gcc: error: unrecognized command-line option '-qversion'; did you mean '--version'?
gcc: fatal error: no input files
compilation terminated.
configure:4994: $? = 1
configure:4998: checking whether we are using the GNU C compiler
configure:5026: result: yes
configure:5035: checking whether gcc accepts -g
configure:5096: result: yes
configure:5113: checking for gcc option to accept ISO C89
configure:5189: result: none needed
configure:5214: checking whether gcc understands -c and -o together
configure:5251: result: yes
configure:5275: checking for x86_64-pc-linux-gnu-ranlib
configure:5302: result: ranlib --plugin /usr/libexec/gcc/x86_64-redhat-linux/14/liblto_plugin.so
configure:5369: checking for gawk
configure:5396: result: gawk
configure:5413: checking for dwz
configure:5440: result: dwz
configure:5503: checking how to print strings
configure:5530: result: printf
configure:5551: checking for a sed that does not truncate output
configure:5615: result: /usr/bin/sed
configure:5633: checking for fgrep
configure:5695: result: /usr/bin/grep -F
configure:5730: checking for ld used by gcc
configure:5797: result: ld
configure:5804: checking if the linker (ld) is GNU ld
configure:5819: result: yes
configure:5831: checking for BSD- or MS-compatible name lister (nm)
configure:5887: result: /usr/bin/nm -B
configure:6017: checking the name lister (/usr/bin/nm -B) interface
configure:6037: result: BSD nm
configure:6040: checking whether ln -s works
configure:6044: result: yes
configure:6052: checking the maximum length of command line arguments
configure:6177: result: 1572864
configure:6194: checking whether the shell understands some XSI constructs
configure:6204: result: yes
configure:6208: checking whether the shell understands "+="
configure:6214: result: yes
configure:6249: checking for ld option to reload object files
configure:6256: result: -r
configure:6285: checking for x86_64-pc-linux-gnu-objdump
configure:6312: result: objdump
configure:6384: checking how to recognize dependent libraries
configure:6590: result: pass_all
configure:6623: checking for x86_64-pc-linux-gnu-ar
configure:6650: result: ar --plugin /usr/libexec/gcc/x86_64-redhat-linux/14/liblto_plugin.so
configure:6741: checking for x86_64-pc-linux-gnu-strip
configure:6771: result: no
configure:6781: checking for strip
configure:6808: result: strip
configure:6840: checking for x86_64-pc-linux-gnu-ranlib
configure:6867: result: ranlib --plugin /usr/libexec/gcc/x86_64-redhat-linux/14/liblto_plugin.so
configure:7014: checking command to parse /usr/bin/nm -B output from gcc object
configure:7237: result: ok
configure:7332: gcc -c -g  conftest.c >&5
configure:7335: $? = 0
configure:8087: checking for dlfcn.h
configure:8087: result: yes
configure:8274: checking for objdir
configure:8289: result: .libs
configure:8560: checking if gcc supports -fno-rtti -fno-exceptions
configure:8595: result: no
configure:8615: checking for gcc option to produce PIC
configure:8901: result: -fPIC -DPIC
configure:8913: checking if gcc PIC flag -fPIC -DPIC works
configure:8948: result: yes
configure:8972: checking if gcc static flag -static works
configure:9000: result: yes
configure:9015: checking if gcc supports -c -o file.o
configure:9062: result: yes
configure:9070: checking if gcc supports -c -o file.o
configure:9117: result: yes
configure:9150: checking whether the gcc linker (ld -m elf_x86_64) supports shared libraries
configure:10268: result: yes
configure:10305: checking whether -lc should be explicitly linked in
configure:10348: result: no
configure:10513: checking dynamic linker characteristics
configure:11200: result: GNU/Linux ld.so
configure:11307: checking how to hardcode library paths into programs
configure:11332: result: immediate
configure:11872: checking whether stripping libraries is possible
configure:11877: result: yes
configure:11912: checking if libtool supports shared libraries
configure:11914: result: yes
configure:11917: checking whether to build shared libraries
configure:11938: result: yes
configure:11941: checking whether to build static libraries
configure:11945: result: yes
configure:11998: checking for special C compiler options needed for large files
configure:12043: result: no
configure:12049: checking for _FILE_OFFSET_BITS value needed for large files
configure:12106: result: no
configure:12199: checking for unwind.h
configure:12199: result: yes
configure:12201: checking for _Unwind_Backtrace
configure:12201: result: yes
configure:12222: checking for -funwind-tables option
configure:12248: result: yes
configure:12253: checking for -frandom-seed=string option
configure:12279: result: yes
configure:12398: checking whether gcc supports -W
configure:12424: result: yes
configure:12398: checking whether gcc supports -Wall
configure:12424: result: yes
configure:12398: checking whether gcc supports -Wwrite-strings
configure:12424: result: yes
configure:12398: checking whether gcc supports -Wstrict-prototypes
configure:12424: result: yes
configure:12398: checking whether gcc supports -Wmissing-prototypes
configure:12424: result: yes
configure:12398: checking whether gcc supports -Wold-style-definition
configure:12424: result: yes
configure:12398: checking whether gcc supports -Wmissing-format-attribute
configure:12424: result: yes
configure:12398: checking whether gcc supports -Wcast-qual
configure:12424: result: yes
configure:12398: checking whether gcc supports -Wattributes
configure:12424: result: yes
configure:12398: checking whether gcc supports -Wunknown-attributes
configure:12424: result: no
configure:12398: checking whether gcc supports -Wpointer-arith
configure:12424: result: yes
configure:12489: checking for _Unwind_GetIPInfo
configure:12504: gcc -o conftest -g -Werror-implicit-function-declaration    conftest.c  >&5
configure:12504: $? = 0
configure:12512: result: yes
configure:12545: checking for CET support
configure:12574: gcc -c -g -fcf-protection  conftest.c >&5
configure:12574: $? = 0
configure:12640: gcc -o conftest -g -fcf-protection=none    -Wl,-z,ibt,-z,shstk conftest.c  >&5
configure:12640: $? = 0
configure:12668: gcc -o conftest -g -fcf-protection=none    -Wl,-z,ibt,-z,shstk conftest.c  >&5
configure:12668: $? = 0
configure:12668: ./conftest
configure:12668: $? = 0
configure:12715: gcc -o conftest -g -fcf-protection=none    -Wl,-z,ibt,-z,shstk conftest.c  >&5
configure:12715: $? = 0
configure:12715: ./conftest
configure:12715: $? = 0
configure:12736: result: yes
configure:12755: checking __sync extensions
configure:12811: result: yes
configure:12823: checking __atomic extensions
configure:12852: result: yes
configure:12863: checking output filetype
configure:12891: result: elf64
configure:12973: checking for uintmax_t
configure:12973: gcc -c -g  conftest.c >&5
configure:12973: $? = 0
configure:12973: gcc -c -g  conftest.c >&5
conftest.c: In function 'main':
conftest.c:37:24: error: expected expression before ')' token
   37 | if (sizeof ((uintmax_t)))
      |                        ^
configure:12973: $? = 1
configure: failed program was:
| /* confdefs.h */
| #define PACKAGE_NAME "package-unused"
| #define PACKAGE_TARNAME "libbacktrace"
| #define PACKAGE_VERSION "version-unused"
| #define PACKAGE_STRING "package-unused version-unused"
| #define PACKAGE_BUGREPORT ""
| #define PACKAGE_URL ""
| #define STDC_HEADERS 1
| #define HAVE_SYS_TYPES_H 1
| #define HAVE_SYS_STAT_H 1
| #define HAVE_STDLIB_H 1
| #define HAVE_STRING_H 1
| #define HAVE_MEMORY_H 1
| #define HAVE_STRINGS_H 1
| #define HAVE_INTTYPES_H 1
| #define HAVE_STDINT_H 1
| #define HAVE_UNISTD_H 1
| #define __EXTENSIONS__ 1
| #define _ALL_SOURCE 1
| #define _GNU_SOURCE 1
| #define _POSIX_PTHREAD_SEMANTICS 1
| #define _TANDEM_SOURCE 1
| #define HAVE_DLFCN_H 1
| #define LT_OBJDIR ".libs/"
| #define HAVE_GETIPINFO 1
| #define HAVE_SYNC_FUNCTIONS 1
| #define HAVE_ATOMIC_FUNCTIONS 1
| #define BACKTRACE_ELF_SIZE 64
| #define BACKTRACE_XCOFF_SIZE unused
| /* end confdefs.h.  */
| #include <sys/types.h>
| #include <stdint.h>
| 
| int
| main ()
| {
| if (sizeof ((uintmax_t)))
| 	    return 0;
|   ;
|   return 0;
| }
configure:12973: result: yes
configure:12982: checking for uintptr_t
configure:12982: gcc -c -g  conftest.c >&5
configure:12982: $? = 0
configure:12982: gcc -c -g  conftest.c >&5
conftest.c: In function 'main':
conftest.c:37:24: error: expected expression before ')' token
   37 | if (sizeof ((uintptr_t)))
      |                        ^
configure:12982: $? = 1
configure: failed program was:
| /* confdefs.h */
| #define PACKAGE_NAME "package-unused"
| #define PACKAGE_TARNAME "libbacktrace"
| #define PACKAGE_VERSION "version-unused"
| #define PACKAGE_STRING "package-unused version-unused"
| #define PACKAGE_BUGREPORT ""
| #define PACKAGE_URL ""
| #define STDC_HEADERS 1
| #define HAVE_SYS_TYPES_H 1
| #define HAVE_SYS_STAT_H 1
| #define HAVE_STDLIB_H 1
| #define HAVE_STRING_H 1
| #define HAVE_MEMORY_H 1
| #define HAVE_STRINGS_H 1
| #define HAVE_INTTYPES_H 1
| #define HAVE_STDINT_H 1
| #define HAVE_UNISTD_H 1
| #define __EXTENSIONS__ 1
| #define _ALL_SOURCE 1
| #define _GNU_SOURCE 1
| #define _POSIX_PTHREAD_SEMANTICS 1
| #define _TANDEM_SOURCE 1
| #define HAVE_DLFCN_H 1
| #define LT_OBJDIR ".libs/"
| #define HAVE_GETIPINFO 1
| #define HAVE_SYNC_FUNCTIONS 1
| #define HAVE_ATOMIC_FUNCTIONS 1
| #define BACKTRACE_ELF_SIZE 64
| #define BACKTRACE_XCOFF_SIZE unused
| /* end confdefs.h.  */
| #include <sys/types.h>
| #include <stdint.h>
| 
| int
| main ()
| {
| if (sizeof ((uintptr_t)))
| 	    return 0;
|   ;
|   return 0;
| }
configure:12982: result: yes
configure:12991: checking for int_least32_t
configure:12991: gcc -c -g  conftest.c >&5
configure:12991: $? = 0
configure:12991: gcc -c -g  conftest.c >&5
conftest.c: In function 'main':
conftest.c:37:28: error: expected expression before ')' token
   37 | if (sizeof ((int_least32_t)))
      |                            ^
configure:12991: $? = 1
configure: failed program was:
| /* confdefs.h */
| #define PACKAGE_NAME "package-unused"
| #define PACKAGE_TARNAME "libbacktrace"
| #define PACKAGE_VERSION "version-unused"
| #define PACKAGE_STRING "package-unused version-unused"
| #define PACKAGE_BUGREPORT ""
| #define PACKAGE_URL ""
| #define STDC_HEADERS 1
| #define HAVE_SYS_TYPES_H 1
| #define HAVE_SYS_STAT_H 1
| #define HAVE_STDLIB_H 1
| #define HAVE_STRING_H 1
| #define HAVE_MEMORY_H 1
| #define HAVE_STRINGS_H 1
| #define HAVE_INTTYPES_H 1
| #define HAVE_STDINT_H 1
| #define HAVE_UNISTD_H 1
| #define __EXTENSIONS__ 1
| #define _ALL_SOURCE 1
| #define _GNU_SOURCE 1
| #define _POSIX_PTHREAD_SEMANTICS 1
| #define _TANDEM_SOURCE 1
| #define HAVE_DLFCN_H 1
| #define LT_OBJDIR ".libs/"
| #define HAVE_GETIPINFO 1
| #define HAVE_SYNC_FUNCTIONS 1
| #define HAVE_ATOMIC_FUNCTIONS 1
| #define BACKTRACE_ELF_SIZE 64
| #define BACKTRACE_XCOFF_SIZE unused
| /* end confdefs.h.  */
| #include <sys/types.h>
| #include <stdint.h>
| 
| int
| main ()
| {
| if (sizeof ((int_least32_t)))
| 	    return 0;
|   ;
|   return 0;
| }
configure:12991: result: yes
configure:13000: checking for int_fast32_t
configure:13000: gcc -c -g  conftest.c >&5
configure:13000: $? = 0
configure:13000: gcc -c -g  conftest.c >&5
conftest.c: In function 'main':
conftest.c:37:27: error: expected expression before ')' token
   37 | if (sizeof ((int_fast32_t)))
      |                           ^
configure:13000: $? = 1
configure: failed program was:
| /* confdefs.h */
| #define PACKAGE_NAME "package-unused"
| #define PACKAGE_TARNAME "libbacktrace"
| #define PACKAGE_VERSION "version-unused"
| #define PACKAGE_STRING "package-unused version-unused"
| #define PACKAGE_BUGREPORT ""
| #define PACKAGE_URL ""
| #define STDC_HEADERS 1
| #define HAVE_SYS_TYPES_H 1
| #define HAVE_SYS_STAT_H 1
| #define HAVE_STDLIB_H 1
| #define HAVE_STRING_H 1
| #define HAVE_MEMORY_H 1
| #define HAVE_STRINGS_H 1
| #define HAVE_INTTYPES_H 1
| #define HAVE_STDINT_H 1
| #define HAVE_UNISTD_H 1
| #define __EXTENSIONS__ 1
| #define _ALL_SOURCE 1
| #define _GNU_SOURCE 1
| #define _POSIX_PTHREAD_SEMANTICS 1
| #define _TANDEM_SOURCE 1
| #define HAVE_DLFCN_H 1
| #define LT_OBJDIR ".libs/"
| #define HAVE_GETIPINFO 1
| #define HAVE_SYNC_FUNCTIONS 1
| #define HAVE_ATOMIC_FUNCTIONS 1
| #define BACKTRACE_ELF_SIZE 64
| #define BACKTRACE_XCOFF_SIZE unused
| /* end confdefs.h.  */
| #include <sys/types.h>
| #include <stdint.h>
| 
| int
| main ()
| {
| if (sizeof ((int_fast32_t)))
| 	    return 0;
|   ;
|   return 0;
| }
configure:13000: result: yes
configure:13009: checking for uint64_t
configure:13009: gcc -c -g  conftest.c >&5
configure:13009: $? = 0
configure:13009: gcc -c -g  conftest.c >&5
conftest.c: In function 'main':
conftest.c:37:23: error: expected expression before ')' token
   37 | if (sizeof ((uint64_t)))
      |                       ^
configure:13009: $? = 1
configure: failed program was:
| /* confdefs.h */
| #define PACKAGE_NAME "package-unused"
| #define PACKAGE_TARNAME "libbacktrace"
| #define PACKAGE_VERSION "version-unused"
| #define PACKAGE_STRING "package-unused version-unused"
| #define PACKAGE_BUGREPORT ""
| #define PACKAGE_URL ""
| #define STDC_HEADERS 1
| #define HAVE_SYS_TYPES_H 1
| #define HAVE_SYS_STAT_H 1
| #define HAVE_STDLIB_H 1
| #define HAVE_STRING_H 1
| #define HAVE_MEMORY_H 1
| #define HAVE_STRINGS_H 1
| #define HAVE_INTTYPES_H 1
| #define HAVE_STDINT_H 1
| #define HAVE_UNISTD_H 1
| #define __EXTENSIONS__ 1
| #define _ALL_SOURCE 1
| #define _GNU_SOURCE 1
| #define _POSIX_PTHREAD_SEMANTICS 1
| #define _TANDEM_SOURCE 1
| #define HAVE_DLFCN_H 1
| #define LT_OBJDIR ".libs/"
| #define HAVE_GETIPINFO 1
| #define HAVE_SYNC_FUNCTIONS 1
| #define HAVE_ATOMIC_FUNCTIONS 1
| #define BACKTRACE_ELF_SIZE 64
| #define BACKTRACE_XCOFF_SIZE unused
| /* end confdefs.h.  */
| #include <sys/types.h>
| #include <stdint.h>
| 
| int
| main ()
| {
| if (sizeof ((uint64_t)))
| 	    return 0;
|   ;
|   return 0;
| }
configure:13009: result: yes
configure:13090: checking what to include in gstdint.h
configure:13118: result: stdint.h (already complete)
configure:13364: checking for sys/mman.h
configure:13364: result: yes
configure:13387: checking for mmap
configure:13387: result: yes
configure:13410: gcc -E  conftest.c
configure:13410: $? = 0
configure:13430: checking for link.h
configure:13430: result: yes
configure:13430: checking for sys/link.h
configure:13430: result: no
configure:13463: checking for dl_iterate_phdr
configure:13463: result: yes
configure:13481: checking for mach-o/dyld.h
configure:13481: result: no
configure:13495: checking for sys/ldr.h
configure:13495: result: no
configure:13541: checking for windows.h
configure:13541: result: no
configure:13553: checking for tlhelp32.h
configure:13553: result: no
configure:13574: checking for fcntl
configure:13574: result: yes
configure:13588: checking whether strnlen is declared
configure:13588: result: yes
configure:13598: checking whether getpagesize is declared
configure:13598: result: yes
configure:13612: checking for lstat
configure:13612: result: yes
configure:13612: checking for readlink
configure:13612: result: yes
configure:13629: checking for getexecname
configure:13629: result: no
configure:13644: checking whether _pgmptr is declared
configure:13644: result: no
configure:13658: checking for KERN_PROC
configure:13684: result: no
configure:13692: checking for KERN_PROG_ARGS
configure:13718: result: no
configure:13729: checking for clock_gettime
configure:13729: result: yes
configure:13790: checking whether -pthread is supported
configure:13809: result: yes
configure:13826: checking whether -gdwarf-5 is supported
configure:13853: result: yes
configure:13864: checking for compress in -lz
configure:13898: result: yes
configure:13915: checking whether --build-id is supported
configure:13942: result: yes
configure:13953: checking whether --compress-debug-sections=zlib-gnu is supported
configure:13980: result: yes
configure:13991: checking whether --compress-debug-sections=zlib-gabi is supported
configure:14018: result: yes
configure:14029: checking for ZSTD_compress in -lzstd
configure:14063: result: yes
configure:14080: checking whether --compress-debug-sections=zstd is supported
configure:14107: result: no
configure:14121: checking for objcopy
configure:14148: result: objcopy
configure:14158: checking for readelf
configure:14185: result: readelf
configure:14193: checking whether objcopy supports debuglink
configure:14208: result: yes
configure:14222: checking for dsymutil
configure:14249: result: dsymutil
configure:14269: checking for nm
configure:14296: result: /usr/bin/nm -B
configure:14307: checking for xz
configure:14334: result: xz
configure:14352: checking for comm
configure:14379: result: comm
configure:14405: checking for lzma_auto_decoder in -llzma
configure:14439: result: yes
configure:14456: checking whether tests can run
configure:14485: result: yes
configure:14612: checking that generated files are newer than configure
configure:14618: result: done
configure:14709: creating ./config.status

## ---------------------- ##
## Running config.status. ##
## ---------------------- ##

This file was extended by package-unused config.status version-unused, which was
generated by GNU Autoconf 2.69.  Invocation command line was

  CONFIG_FILES    = 
  CONFIG_HEADERS  = 
  CONFIG_LINKS    = 
  CONFIG_COMMANDS = 
  $ ./config.status 

on x86-001.spo600.cdot.systems

config.status:1183: creating Makefile
config.status:1183: creating backtrace-supported.h
config.status:1183: creating install-debuginfo-for-buildid.sh
config.status:1183: creating config.h
config.status:1349: config.h is unchanged
config.status:1397: executing libtool commands
config.status:1397: executing gstdint.h commands
config.status:1397: executing default commands

## ---------------- ##
## Cache variables. ##
## ---------------- ##

ac_cv_build=x86_64-pc-linux-gnu
ac_cv_c_compiler_gnu=yes
ac_cv_env_CC_set=set
ac_cv_env_CC_value=gcc
ac_cv_env_CFLAGS_set=set
ac_cv_env_CFLAGS_value=-g
ac_cv_env_CPPFLAGS_set=
ac_cv_env_CPPFLAGS_value=
ac_cv_env_CPP_set=
ac_cv_env_CPP_value=
ac_cv_env_DSYMUTIL_set=set
ac_cv_env_DSYMUTIL_value=dsymutil
ac_cv_env_LDFLAGS_set=set
ac_cv_env_LDFLAGS_value=' '
ac_cv_env_LIBS_set=
ac_cv_env_LIBS_value=
ac_cv_env_NM_set=set
ac_cv_env_NM_value=nm
ac_cv_env_OBJCOPY_set=set
ac_cv_env_OBJCOPY_value=
ac_cv_env_build_alias_set=set
ac_cv_env_build_alias_value=x86_64-pc-linux-gnu
ac_cv_env_host_alias_set=set
ac_cv_env_host_alias_value=x86_64-pc-linux-gnu
ac_cv_env_target_alias_set=set
ac_cv_env_target_alias_value=x86_64-pc-linux-gnu
ac_cv_func__Unwind_Backtrace=yes
ac_cv_func_clock_gettime=yes
ac_cv_func_dl_iterate_phdr=yes
ac_cv_func_fcntl=yes
ac_cv_func_getexecname=no
ac_cv_func_lstat=yes
ac_cv_func_mmap=yes
ac_cv_func_readlink=yes
ac_cv_have_decl__pgmptr=no
ac_cv_have_decl_getpagesize=yes
ac_cv_have_decl_strnlen=yes
ac_cv_header_dlfcn_h=yes
ac_cv_header_inttypes_h=yes
ac_cv_header_link_h=yes
ac_cv_header_mach_o_dyld_h=no
ac_cv_header_memory_h=yes
ac_cv_header_minix_config_h=no
ac_cv_header_stdc=yes
ac_cv_header_stdint_h=yes
ac_cv_header_stdlib_h=yes
ac_cv_header_string_h=yes
ac_cv_header_strings_h=yes
ac_cv_header_sys_ldr_h=no
ac_cv_header_sys_link_h=no
ac_cv_header_sys_mman_h=yes
ac_cv_header_sys_stat_h=yes
ac_cv_header_sys_types_h=yes
ac_cv_header_tlhelp32_h=no
ac_cv_header_unistd_h=yes
ac_cv_header_unwind_h=yes
ac_cv_header_windows_h=no
ac_cv_host=x86_64-pc-linux-gnu
ac_cv_lib_lzma_lzma_auto_decoder=yes
ac_cv_lib_z_compress=yes
ac_cv_lib_zstd_ZSTD_compress=yes
ac_cv_objext=o
ac_cv_path_EGREP='/usr/bin/grep -E'
ac_cv_path_FGREP='/usr/bin/grep -F'
ac_cv_path_GREP=/usr/bin/grep
ac_cv_path_SED=/usr/bin/sed
ac_cv_path_mkdir=/usr/bin/mkdir
ac_cv_prog_AR='ar --plugin /usr/libexec/gcc/x86_64-redhat-linux/14/liblto_plugin.so'
ac_cv_prog_AWK=gawk
ac_cv_prog_CC=gcc
ac_cv_prog_COMM=comm
ac_cv_prog_CPP='gcc -E'
ac_cv_prog_DSYMUTIL=dsymutil
ac_cv_prog_DWZ=dwz
ac_cv_prog_NM='/usr/bin/nm -B'
ac_cv_prog_OBJCOPY=objcopy
ac_cv_prog_OBJDUMP=objdump
ac_cv_prog_RANLIB='ranlib --plugin /usr/libexec/gcc/x86_64-redhat-linux/14/liblto_plugin.so'
ac_cv_prog_READELF=readelf
ac_cv_prog_XZ=xz
ac_cv_prog_ac_ct_STRIP=strip
ac_cv_prog_cc_c89=
ac_cv_prog_cc_g=yes
ac_cv_prog_make_make_set=yes
ac_cv_safe_to_define___extensions__=yes
ac_cv_sys_file_offset_bits=no
ac_cv_sys_largefile_CC=no
ac_cv_target=x86_64-pc-linux-gnu
ac_cv_type_int_fast32_t=yes
ac_cv_type_int_least32_t=yes
ac_cv_type_u_int64_t=no
ac_cv_type_uint64_t=yes
ac_cv_type_uintmax_t=yes
ac_cv_type_uintptr_t=yes
acx_cv_header_stdint=stdint.h
acx_cv_header_stdint_kind='(already complete)'
acx_cv_prog_cc_warning__W=yes
acx_cv_prog_cc_warning__Wall=yes
acx_cv_prog_cc_warning__Wattributes=yes
acx_cv_prog_cc_warning__Wcast_qual=yes
acx_cv_prog_cc_warning__Wmissing_format_attribute=yes
acx_cv_prog_cc_warning__Wmissing_prototypes=yes
acx_cv_prog_cc_warning__Wold_style_definition=yes
acx_cv_prog_cc_warning__Wpointer_arith=yes
acx_cv_prog_cc_warning__Wstrict_prototypes=yes
acx_cv_prog_cc_warning__Wunknown_attributes=no
acx_cv_prog_cc_warning__Wwrite_strings=yes
am_cv_make_support_nested_variables=yes
am_cv_prog_cc_c_o=yes
libbacktrace_cv_c_random_seed_string=yes
libbacktrace_cv_c_unwind_tables=yes
libbacktrace_cv_ld_buildid=yes
libbacktrace_cv_lib_dwarf5=yes
libbacktrace_cv_objcopy_debuglink=yes
libbacktrace_cv_proc=no
libbacktrace_cv_procargs=no
libbacktrace_cv_sys_atomic=yes
libbacktrace_cv_sys_filetype=elf64
libbacktrace_cv_sys_native=yes
libbacktrace_cv_sys_sync=yes
libgo_cv_ld_compress_zlib_gabi=yes
libgo_cv_ld_compress_zlib_gnu=yes
libgo_cv_ld_compress_zstd=no
libgo_cv_lib_pthread=yes
lt_cv_archive_cmds_need_lc=no
lt_cv_deplibs_check_method=pass_all
lt_cv_file_magic_cmd='$MAGIC_CMD'
lt_cv_file_magic_test_file=
lt_cv_ld_reload_flag=-r
lt_cv_nm_interface='BSD nm'
lt_cv_objdir=.libs
lt_cv_path_LD=ld
lt_cv_path_NM='/usr/bin/nm -B'
lt_cv_prog_compiler_c_o=yes
lt_cv_prog_compiler_pic_works=yes
lt_cv_prog_compiler_rtti_exceptions=no
lt_cv_prog_compiler_static_works=yes
lt_cv_prog_gnu_ld=yes
lt_cv_shlibpath_overrides_runpath=yes
lt_cv_sys_global_symbol_pipe='sed -n -e '\''s/^.*[	 ]\([ABCDGIRSTW][ABCDGIRSTW]*\)[	 ][	 ]*\([_A-Za-z][_A-Za-z0-9]*\)$/\1 \2 \2/p'\'''
lt_cv_sys_global_symbol_to_c_name_address='sed -n -e '\''s/^: \([^ ]*\) $/  {\"\1\", (void *) 0},/p'\'' -e '\''s/^[ABCDGIRSTW]* \([^ ]*\) \([^ ]*\)$/  {"\2", (void *) \&\2},/p'\'''
lt_cv_sys_global_symbol_to_c_name_address_lib_prefix='sed -n -e '\''s/^: \([^ ]*\) $/  {\"\1\", (void *) 0},/p'\'' -e '\''s/^[ABCDGIRSTW]* \([^ ]*\) \(lib[^ ]*\)$/  {"\2", (void *) \&\2},/p'\'' -e '\''s/^[ABCDGIRSTW]* \([^ ]*\) \([^ ]*\)$/  {"lib\2", (void *) \&\2},/p'\'''
lt_cv_sys_global_symbol_to_cdecl='sed -n -e '\''s/^T .* \(.*\)$/extern int \1();/p'\'' -e '\''s/^[ABCDGIRSTW]* .* \(.*\)$/extern char \1;/p'\'''
lt_cv_sys_max_cmd_len=1572864

## ----------------- ##
## Output variables. ##
## ----------------- ##

ACLOCAL='${SHELL} /home/skim499/gcc-custom-pass/src/missing aclocal-1.15'
ALLOC_FILE='mmap.lo'
AMTAR='$${TAR-tar}'
AM_BACKSLASH='\'
AM_DEFAULT_V='$(AM_DEFAULT_VERBOSITY)'
AM_DEFAULT_VERBOSITY='1'
AM_V='$(V)'
AR='ar --plugin /usr/libexec/gcc/x86_64-redhat-linux/14/liblto_plugin.so --plugin /usr/libexec/gcc/x86_64-redhat-linux/14/liblto_plugin.so'
AUTOCONF='${SHELL} /home/skim499/gcc-custom-pass/src/missing autoconf'
AUTOHEADER='${SHELL} /home/skim499/gcc-custom-pass/src/missing autoheader'
AUTOMAKE='${SHELL} /home/skim499/gcc-custom-pass/src/missing automake-1.15'
AWK='gawk'
BACKTRACE_FILE='backtrace.lo simple.lo'
BACKTRACE_SUPPORTED='1'
BACKTRACE_SUPPORTS_DATA='1'
BACKTRACE_SUPPORTS_THREADS='1'
BACKTRACE_USES_MALLOC='0'
CC='gcc'
CET_HOST_FLAGS=''
CFLAGS='-g'
CLOCK_GETTIME_LINK=''
COMM='comm'
CPP='gcc -E'
CPPFLAGS=''
CYGPATH_W='echo'
DEFS='-DHAVE_CONFIG_H'
DSYMUTIL='dsymutil'
DUMPBIN=''
DWZ='dwz'
ECHO_C=''
ECHO_N='-n'
ECHO_T=''
EGREP='/usr/bin/grep -E'
ENABLE_DARWIN_AT_RPATH_FALSE=''
ENABLE_DARWIN_AT_RPATH_TRUE='#'
EXEEXT=''
EXTRA_FLAGS='-funwind-tables -frandom-seed=$@'
FGREP='/usr/bin/grep -F'
FORMAT_FILE='elf.lo'
GREP='/usr/bin/grep'
HAVE_BUILDID_FALSE='#'
HAVE_BUILDID_TRUE=''
HAVE_COMM_FALSE='#'
HAVE_COMM_TRUE=''
HAVE_COMPRESSED_DEBUG_ZLIB_GABI_FALSE='#'
HAVE_COMPRESSED_DEBUG_ZLIB_GABI_TRUE=''
HAVE_COMPRESSED_DEBUG_ZLIB_GNU_FALSE='#'
HAVE_COMPRESSED_DEBUG_ZLIB_GNU_TRUE=''
HAVE_COMPRESSED_DEBUG_ZSTD_FALSE=''
HAVE_COMPRESSED_DEBUG_ZSTD_TRUE='#'
HAVE_DWARF5_FALSE='#'
HAVE_DWARF5_TRUE=''
HAVE_DWZ_FALSE='#'
HAVE_DWZ_TRUE=''
HAVE_ELF_FALSE='#'
HAVE_ELF_TRUE=''
HAVE_LIBLZMA_FALSE='#'
HAVE_LIBLZMA_TRUE=''
HAVE_MINIDEBUG_FALSE='#'
HAVE_MINIDEBUG_TRUE=''
HAVE_OBJCOPY_DEBUGLINK_FALSE='#'
HAVE_OBJCOPY_DEBUGLINK_TRUE=''
HAVE_PTHREAD_FALSE='#'
HAVE_PTHREAD_TRUE=''
HAVE_XZ_FALSE='#'
HAVE_XZ_TRUE=''
HAVE_ZLIB_FALSE='#'
HAVE_ZLIB_TRUE=''
HAVE_ZSTD_FALSE='#'
HAVE_ZSTD_TRUE=''
INSTALL_DATA='/usr/bin/install -c -m 644'
INSTALL_PROGRAM='/usr/bin/install -c'
INSTALL_SCRIPT='/usr/bin/install -c'
INSTALL_STRIP_PROGRAM='$(install_sh) -c -s'
LD='ld -m elf_x86_64'
LDFLAGS=' '
LIBOBJS=''
LIBS=''
LIBTOOL='$(SHELL) $(top_builddir)/libtool'
LIPO=''
LN_S='ln -s'
LTLIBOBJS=''
MAINT='#'
MAINTAINER_MODE_FALSE=''
MAINTAINER_MODE_TRUE='#'
MAKEINFO='/home/skim499/gcc-custom-pass/src/missing makeinfo --split-size=5000000 --split-size=5000000'
MKDIR_P='/usr/bin/mkdir -p'
NATIVE_FALSE='#'
NATIVE_TRUE=''
NM='/usr/bin/nm -B'
NMEDIT=''
OBJCOPY='objcopy'
OBJDUMP='objdump'
OBJEXT='o'
OTOOL64=''
OTOOL='otool'
PACKAGE='libbacktrace'
PACKAGE_BUGREPORT=''
PACKAGE_NAME='package-unused'
PACKAGE_STRING='package-unused version-unused'
PACKAGE_TARNAME='libbacktrace'
PACKAGE_URL=''
PACKAGE_VERSION='version-unused'
PATH_SEPARATOR=':'
PIC_FLAG=''
PTHREAD_CFLAGS='-pthread'
RANLIB='ranlib --plugin /usr/libexec/gcc/x86_64-redhat-linux/14/liblto_plugin.so --plugin /usr/libexec/gcc/x86_64-redhat-linux/14/liblto_plugin.so'
READELF='readelf'
SED='/usr/bin/sed'
SET_MAKE=''
SHELL='/bin/sh'
STRIP='strip'
USE_DSYMUTIL_FALSE=''
USE_DSYMUTIL_TRUE='#'
VERSION='version-unused'
VIEW_FILE='mmapio.lo'
WARN_FLAGS='-W -Wall -Wwrite-strings -Wstrict-prototypes -Wmissing-prototypes -Wold-style-definition -Wmissing-format-attribute -Wcast-qual -Wno-attributes -Wpointer-arith'
XZ='xz'
ac_ct_CC=''
ac_ct_DUMPBIN=''
am__EXEEXT_FALSE=''
am__EXEEXT_TRUE='#'
am__isrc=' -I$(srcdir)'
am__leading_dot='.'
am__tar='$${TAR-tar} chof - "$$tardir"'
am__untar='$${TAR-tar} xf -'
bindir='${exec_prefix}/bin'
build='x86_64-pc-linux-gnu'
build_alias='x86_64-pc-linux-gnu'
build_cpu='x86_64'
build_os='linux-gnu'
build_vendor='pc'
datadir='${datarootdir}'
datarootdir='${prefix}/share'
docdir='${datarootdir}/doc/${PACKAGE_TARNAME}'
dvidir='${docdir}'
exec_prefix='${prefix}'
host='x86_64-pc-linux-gnu'
host_alias='x86_64-pc-linux-gnu'
host_cpu='x86_64'
host_os='linux-gnu'
host_vendor='pc'
htmldir='${docdir}'
includedir='${prefix}/include'
infodir='${datarootdir}/info'
install_sh='${SHELL} /home/skim499/gcc-custom-pass/src/install-sh'
libdir='${exec_prefix}/lib'
libexecdir='${exec_prefix}/libexec'
libtool_VERSION='1:0:0'
localedir='${datarootdir}/locale'
localstatedir='${prefix}/var'
mandir='${datarootdir}/man'
mkdir_p='$(MKDIR_P)'
multi_basedir=''
oldincludedir='/usr/include'
pdfdir='${docdir}'
prefix='/home/skim499/gcc-custom-pass/install'
program_transform_name='s,y,y,'
psdir='${docdir}'
sbindir='${exec_prefix}/sbin'
sharedstatedir='${prefix}/com'
sysconfdir='${prefix}/etc'
target='x86_64-pc-linux-gnu'
target_alias='x86_64-pc-linux-gnu'
target_cpu='x86_64'
target_os='linux-gnu'
target_vendor='pc'

## ----------- ##
## confdefs.h. ##
## ----------- ##

/* confdefs.h */
#define PACKAGE_NAME "package-unused"
#define PACKAGE_TARNAME "libbacktrace"
#define PACKAGE_VERSION "version-unused"
#define PACKAGE_STRING "package-unused version-unused"
#define PACKAGE_BUGREPORT ""
#define PACKAGE_URL ""
#define STDC_HEADERS 1
#define HAVE_SYS_TYPES_H 1
#define HAVE_SYS_STAT_H 1
#define HAVE_STDLIB_H 1
#define HAVE_STRING_H 1
#define HAVE_MEMORY_H 1
#define HAVE_STRINGS_H 1
#define HAVE_INTTYPES_H 1
#define HAVE_STDINT_H 1
#define HAVE_UNISTD_H 1
#define __EXTENSIONS__ 1
#define _ALL_SOURCE 1
#define _GNU_SOURCE 1
#define _POSIX_PTHREAD_SEMANTICS 1
#define _TANDEM_SOURCE 1
#define HAVE_DLFCN_H 1
#define LT_OBJDIR ".libs/"
#define HAVE_GETIPINFO 1
#define HAVE_SYNC_FUNCTIONS 1
#define HAVE_ATOMIC_FUNCTIONS 1
#define BACKTRACE_ELF_SIZE 64
#define BACKTRACE_XCOFF_SIZE unused
#define HAVE_SYS_MMAN_H 1
#define HAVE_LINK_H 1
#define HAVE_DL_ITERATE_PHDR 1
#define HAVE_FCNTL 1
#define HAVE_DECL_STRNLEN 1
#define HAVE_DECL_GETPAGESIZE 1
#define HAVE_LSTAT 1
#define HAVE_READLINK 1
#define HAVE_DECL__PGMPTR 0
#define HAVE_CLOCK_GETTIME 1
#define HAVE_ZLIB 1
#define HAVE_ZSTD 1
#define HAVE_LIBLZMA 1

configure: exit 0
