This file contains any messages produced by compilers while
running configure, to aid debugging if configure makes a mistake.

It was created by zlib configure 1.1.4, which was
generated by GNU Autoconf 2.69.  Invocation command line was

  $ /home/skim499/gcc-custom-pass/src/zlib/configure --srcdir=../../src/zlib --cache-file=./config.cache --prefix=/home/skim499/gcc-custom-pass/install --disable-bootstrap --enable-languages=c,c++,lto --program-transform-name=s,y,y, --disable-option-checking --disable-year2038 --build=x86_64-pc-linux-gnu --host=x86_64-pc-linux-gnu --target=x86_64-pc-linux-gnu

## --------- ##
## Platform. ##
## --------- ##

hostname = x86-001.spo600.cdot.systems
uname -m = x86_64
uname -r = 6.13.4-100.fc40.x86_64
uname -s = Linux
uname -v = #1 SMP PREEMPT_DYNAMIC Sun Feb 23 15:15:27 UTC 2025

/usr/bin/uname -p = unknown
/bin/uname -X     = unknown

/bin/arch              = x86_64
/usr/bin/arch -k       = unknown
/usr/convex/getsysinfo = unknown
/usr/bin/hostinfo      = unknown
/bin/machine           = unknown
/usr/bin/oslevel       = unknown
/bin/universe          = unknown

PATH: /home/skim499/gcc-custom-pass/build/gcc
PATH: /home/skim499/.local/bin
PATH: /home/skim499/bin
PATH: /usr/local/bin
PATH: /usr/bin
PATH: /usr/local/sbin
PATH: /usr/sbin


## ----------- ##
## Core tests. ##
## ----------- ##

configure:2167: creating cache ./config.cache
configure:2321: checking build system type
configure:2335: result: x86_64-pc-linux-gnu
configure:2355: checking host system type
configure:2368: result: x86_64-pc-linux-gnu
configure:2388: checking target system type
configure:2401: result: x86_64-pc-linux-gnu
configure:2449: checking for a BSD-compatible install
configure:2517: result: /usr/bin/install -c
configure:2528: checking whether build environment is sane
configure:2583: result: yes
configure:2734: checking for a thread-safe mkdir -p
configure:2773: result: /usr/bin/mkdir -p
configure:2780: checking for gawk
configure:2807: result: gawk
configure:2818: checking whether make sets $(MAKE)
configure:2840: result: yes
configure:2869: checking whether make supports nested variables
configure:2886: result: yes
configure:3014: checking whether to enable maintainer-specific portions of Makefiles
configure:3023: result: no
configure:3094: checking for x86_64-pc-linux-gnu-gcc
configure:3121: result: gcc
configure:3390: checking for C compiler version
configure:3399: gcc --version >&5
gcc (GCC) 14.2.1 20240912 (Red Hat 14.2.1-3)
Copyright (C) 2024 Free Software Foundation, Inc.
This is free software; see the source for copying conditions.  There is NO
warranty; not even for MERCHANTABILITY or FITNESS FOR A PARTICULAR PURPOSE.

configure:3410: $? = 0
configure:3399: gcc -v >&5
Using built-in specs.
COLLECT_GCC=gcc
COLLECT_LTO_WRAPPER=/usr/libexec/gcc/x86_64-redhat-linux/14/lto-wrapper
OFFLOAD_TARGET_NAMES=nvptx-none:amdgcn-amdhsa
OFFLOAD_TARGET_DEFAULT=1
Target: x86_64-redhat-linux
Configured with: ../configure --enable-bootstrap --enable-languages=c,c++,fortran,objc,obj-c++,ada,go,d,m2,lto --prefix=/usr --mandir=/usr/share/man --infodir=/usr/share/info --with-bugurl=http://bugzilla.redhat.com/bugzilla --enable-shared --enable-threads=posix --enable-checking=release --enable-multilib --with-system-zlib --enable-__cxa_atexit --disable-libunwind-exceptions --enable-gnu-unique-object --enable-linker-build-id --with-gcc-major-version-only --enable-libstdcxx-backtrace --with-libstdcxx-zoneinfo=/usr/share/zoneinfo --with-linker-hash-style=gnu --enable-plugin --enable-initfini-array --with-isl=/builddir/build/BUILD/gcc-14.2.1-20240912/obj-x86_64-redhat-linux/isl-install --enable-offload-targets=nvptx-none,amdgcn-amdhsa --enable-offload-defaulted --without-cuda-driver --enable-gnu-indirect-function --enable-cet --with-tune=generic --with-arch_32=i686 --build=x86_64-redhat-linux --with-build-config=bootstrap-lto --enable-link-serialization=1
Thread model: posix
Supported LTO compression algorithms: zlib zstd
gcc version 14.2.1 20240912 (Red Hat 14.2.1-3) (GCC) 
... rest of stderr output deleted ...
configure:3410: $? = 0
configure:3399: gcc -V >&5
gcc: error: unrecognized command-line option '-V'
gcc: fatal error: no input files
compilation terminated.
configure:3410: $? = 1
configure:3399: gcc -qversion >&5
gcc: error: unrecognized command-line option '-qversion'; did you mean '--version'?
gcc: fatal error: no input files
compilation terminated.
configure:3410: $? = 1
configure:3426: gcc -o conftest -g -O2        conftest.c  >&5
configure:3429: $? = 0
configure:3458: checking whether the C compiler works
configure:3480: gcc -g -O2        conftest.c  >&5
configure:3484: $? = 0
configure:3532: result: yes
configure:3535: checking for C compiler default output file name
configure:3537: result: a.out
configure:3543: checking for suffix of executables
configure:3550: gcc -o conftest -g -O2        conftest.c  >&5
configure:3554: $? = 0
configure:3576: result: 
configure:3598: checking whether we are cross compiling
configure:3606: gcc -o conftest -g -O2        conftest.c  >&5
configure:3610: $? = 0
configure:3617: ./conftest
configure:3621: $? = 0
configure:3636: result: no
configure:3642: checking for suffix of object files
configure:3664: gcc -c -g -O2      conftest.c >&5
configure:3668: $? = 0
configure:3689: result: o
configure:3693: checking whether we are using the GNU C compiler
configure:3712: gcc -c -g -O2      conftest.c >&5
configure:3712: $? = 0
configure:3721: result: yes
configure:3730: checking whether gcc accepts -g
configure:3750: gcc -c -g  conftest.c >&5
configure:3750: $? = 0
configure:3791: result: yes
configure:3808: checking for gcc option to accept ISO C89
configure:3871: gcc  -c -g -O2      conftest.c >&5
configure:3871: $? = 0
configure:3884: result: none needed
configure:3909: checking whether gcc understands -c and -o together
configure:3931: gcc -c conftest.c -o conftest2.o
configure:3934: $? = 0
configure:3931: gcc -c conftest.c -o conftest2.o
configure:3934: $? = 0
configure:3946: result: yes
configure:3974: checking for style of include used by make
configure:4002: result: GNU
configure:4028: checking dependency style of gcc
configure:4139: result: gcc3
configure:4173: checking for CET support
configure:4202: gcc -c -g -O2     -fcf-protection  conftest.c >&5
configure:4202: $? = 0
configure:4238: result: yes
configure:4293: checking how to print strings
configure:4320: result: printf
configure:4341: checking for a sed that does not truncate output
configure:4405: result: /usr/bin/sed
configure:4423: checking for grep that handles long lines and -e
configure:4481: result: /usr/bin/grep
configure:4486: checking for egrep
configure:4548: result: /usr/bin/grep -E
configure:4553: checking for fgrep
configure:4615: result: /usr/bin/grep -F
configure:4650: checking for ld used by gcc
configure:4717: result: ld
configure:4724: checking if the linker (ld) is GNU ld
configure:4739: result: yes
configure:4751: checking for BSD- or MS-compatible name lister (nm)
configure:4807: result: /usr/bin/nm -B
configure:4937: checking the name lister (/usr/bin/nm -B) interface
configure:4944: gcc -c -g -O2      conftest.c >&5
configure:4947: /usr/bin/nm -B "conftest.o"
configure:4950: output
0000000000000000 B some_variable
configure:4957: result: BSD nm
configure:4960: checking whether ln -s works
configure:4964: result: yes
configure:4972: checking the maximum length of command line arguments
configure:5097: result: 1572864
configure:5114: checking whether the shell understands some XSI constructs
configure:5124: result: yes
configure:5128: checking whether the shell understands "+="
configure:5134: result: yes
configure:5169: checking for ld option to reload object files
configure:5176: result: -r
configure:5205: checking for x86_64-pc-linux-gnu-objdump
configure:5232: result: objdump
configure:5304: checking how to recognize dependent libraries
configure:5510: result: pass_all
configure:5543: checking for x86_64-pc-linux-gnu-ar
configure:5570: result: ar --plugin /usr/libexec/gcc/x86_64-redhat-linux/14/liblto_plugin.so
configure:5661: checking for x86_64-pc-linux-gnu-strip
configure:5691: result: no
configure:5701: checking for strip
configure:5717: found /usr/bin/strip
configure:5728: result: strip
configure:5760: checking for x86_64-pc-linux-gnu-ranlib
configure:5787: result: ranlib --plugin /usr/libexec/gcc/x86_64-redhat-linux/14/liblto_plugin.so
configure:5934: checking command to parse /usr/bin/nm -B output from gcc object
configure:6052: gcc -c -g -O2      conftest.c >&5
configure:6055: $? = 0
configure:6059: /usr/bin/nm -B conftest.o \| sed -n -e 's/^.*[ ]\([ABCDGIRSTW][ABCDGIRSTW]*\)[ ][ ]*\([_A-Za-z][_A-Za-z0-9]*\)$/\1 \2 \2/p' \> conftest.nm
configure:6062: $? = 0
configure:6116: gcc -o conftest -g -O2        conftest.c conftstm.o >&5
configure:6119: $? = 0
configure:6157: result: ok
configure:6252: gcc -c -g -O2      conftest.c >&5
configure:6255: $? = 0
configure:7016: checking how to run the C preprocessor
configure:7047: gcc -E  conftest.c
configure:7047: $? = 0
configure:7061: gcc -E  conftest.c
conftest.c:11:10: fatal error: ac_nonexistent.h: No such file or directory
   11 | #include <ac_nonexistent.h>
      |          ^~~~~~~~~~~~~~~~~~
compilation terminated.
configure:7061: $? = 1
configure: failed program was:
| /* confdefs.h */
| #define PACKAGE_NAME "zlib"
| #define PACKAGE_TARNAME "zlib"
| #define PACKAGE_VERSION "1.1.4"
| #define PACKAGE_STRING "zlib 1.1.4"
| #define PACKAGE_BUGREPORT ""
| #define PACKAGE_URL ""
| #define PACKAGE "zlib"
| #define VERSION "1.1.4"
| /* end confdefs.h.  */
| #include <ac_nonexistent.h>
configure:7086: result: gcc -E
configure:7106: gcc -E  conftest.c
configure:7106: $? = 0
configure:7120: gcc -E  conftest.c
conftest.c:11:10: fatal error: ac_nonexistent.h: No such file or directory
   11 | #include <ac_nonexistent.h>
      |          ^~~~~~~~~~~~~~~~~~
compilation terminated.
configure:7120: $? = 1
configure: failed program was:
| /* confdefs.h */
| #define PACKAGE_NAME "zlib"
| #define PACKAGE_TARNAME "zlib"
| #define PACKAGE_VERSION "1.1.4"
| #define PACKAGE_STRING "zlib 1.1.4"
| #define PACKAGE_BUGREPORT ""
| #define PACKAGE_URL ""
| #define PACKAGE "zlib"
| #define VERSION "1.1.4"
| /* end confdefs.h.  */
| #include <ac_nonexistent.h>
configure:7149: checking for ANSI C header files
configure:7169: gcc -c -g -O2      conftest.c >&5
configure:7169: $? = 0
configure:7242: gcc -o conftest -g -O2        conftest.c  >&5
configure:7242: $? = 0
configure:7242: ./conftest
configure:7242: $? = 0
configure:7253: result: yes
configure:7266: checking for sys/types.h
configure:7266: gcc -c -g -O2      conftest.c >&5
configure:7266: $? = 0
configure:7266: result: yes
configure:7266: checking for sys/stat.h
configure:7266: gcc -c -g -O2      conftest.c >&5
configure:7266: $? = 0
configure:7266: result: yes
configure:7266: checking for stdlib.h
configure:7266: gcc -c -g -O2      conftest.c >&5
configure:7266: $? = 0
configure:7266: result: yes
configure:7266: checking for string.h
configure:7266: gcc -c -g -O2      conftest.c >&5
configure:7266: $? = 0
configure:7266: result: yes
configure:7266: checking for memory.h
configure:7266: gcc -c -g -O2      conftest.c >&5
configure:7266: $? = 0
configure:7266: result: yes
configure:7266: checking for strings.h
configure:7266: gcc -c -g -O2      conftest.c >&5
configure:7266: $? = 0
configure:7266: result: yes
configure:7266: checking for inttypes.h
configure:7266: gcc -c -g -O2      conftest.c >&5
configure:7266: $? = 0
configure:7266: result: yes
configure:7266: checking for stdint.h
configure:7266: gcc -c -g -O2      conftest.c >&5
configure:7266: $? = 0
configure:7266: result: yes
configure:7266: checking for unistd.h
configure:7266: gcc -c -g -O2      conftest.c >&5
configure:7266: $? = 0
configure:7266: result: yes
configure:7280: checking for dlfcn.h
configure:7280: gcc -c -g -O2      conftest.c >&5
configure:7280: $? = 0
configure:7280: result: yes
configure:7467: checking for objdir
configure:7482: result: .libs
configure:7753: checking if gcc supports -fno-rtti -fno-exceptions
configure:7771: gcc -c -g -O2      -fno-rtti -fno-exceptions conftest.c >&5
cc1: warning: command-line option '-fno-rtti' is valid for C++/D/ObjC++ but not for C
configure:7775: $? = 0
configure:7788: result: no
configure:7808: checking for gcc option to produce PIC
configure:8094: result: -fPIC -DPIC
configure:8106: checking if gcc PIC flag -fPIC -DPIC works
configure:8124: gcc -c -g -O2      -fPIC -DPIC -DPIC conftest.c >&5
configure:8128: $? = 0
configure:8141: result: yes
configure:8165: checking if gcc static flag -static works
configure:8193: result: yes
configure:8208: checking if gcc supports -c -o file.o
configure:8229: gcc -c -g -O2      -o out/conftest2.o conftest.c >&5
configure:8233: $? = 0
configure:8255: result: yes
configure:8263: checking if gcc supports -c -o file.o
configure:8310: result: yes
configure:8343: checking whether the gcc linker (ld -m elf_x86_64) supports shared libraries
configure:9470: result: yes
configure:9507: checking whether -lc should be explicitly linked in
configure:9515: gcc -c -g -O2      conftest.c >&5
configure:9518: $? = 0
configure:9533: gcc -shared  -fPIC -DPIC conftest.o  -v -Wl,-soname -Wl,conftest -o conftest 2\>\&1 \| /usr/bin/grep  -lc  \>/dev/null 2\>\&1
configure:9536: $? = 0
configure:9550: result: no
configure:9715: checking dynamic linker characteristics
configure:10164: gcc -o conftest -g -O2        -Wl,-rpath -Wl,/foo conftest.c  >&5
configure:10164: $? = 0
configure:10405: result: GNU/Linux ld.so
configure:10512: checking how to hardcode library paths into programs
configure:10537: result: immediate
configure:11092: checking whether stripping libraries is possible
configure:11097: result: yes
configure:11132: checking if libtool supports shared libraries
configure:11134: result: yes
configure:11137: checking whether to build shared libraries
configure:11158: result: yes
configure:11161: checking whether to build static libraries
configure:11165: result: yes
configure:11216: checking how to run the C preprocessor
configure:11286: result: gcc -E
configure:11306: gcc -E  conftest.c
configure:11306: $? = 0
configure:11320: gcc -E  conftest.c
conftest.c:23:10: fatal error: ac_nonexistent.h: No such file or directory
   23 | #include <ac_nonexistent.h>
      |          ^~~~~~~~~~~~~~~~~~
compilation terminated.
configure:11320: $? = 1
configure: failed program was:
| /* confdefs.h */
| #define PACKAGE_NAME "zlib"
| #define PACKAGE_TARNAME "zlib"
| #define PACKAGE_VERSION "1.1.4"
| #define PACKAGE_STRING "zlib 1.1.4"
| #define PACKAGE_BUGREPORT ""
| #define PACKAGE_URL ""
| #define PACKAGE "zlib"
| #define VERSION "1.1.4"
| #define STDC_HEADERS 1
| #define HAVE_SYS_TYPES_H 1
| #define HAVE_SYS_STAT_H 1
| #define HAVE_STDLIB_H 1
| #define HAVE_STRING_H 1
| #define HAVE_MEMORY_H 1
| #define HAVE_STRINGS_H 1
| #define HAVE_INTTYPES_H 1
| #define HAVE_STDINT_H 1
| #define HAVE_UNISTD_H 1
| #define HAVE_DLFCN_H 1
| #define LT_OBJDIR ".libs/"
| /* end confdefs.h.  */
| #include <ac_nonexistent.h>
configure:11373: checking for stdlib.h
configure:11373: result: yes
configure:11373: checking for unistd.h
configure:11373: result: yes
configure:11373: checking for sys/param.h
configure:11373: gcc -c -g -O2      conftest.c >&5
configure:11373: $? = 0
configure:11373: result: yes
configure:11393: checking for getpagesize
configure:11393: gcc -o conftest -g -O2        conftest.c  >&5
configure:11393: $? = 0
configure:11393: result: yes
configure:11402: checking for working mmap
configure:11549: gcc -o conftest -g -O2        conftest.c  >&5
configure:11549: $? = 0
configure:11549: ./conftest
configure:11549: $? = 0
configure:11559: result: yes
configure:11572: checking for memcpy
configure:11572: gcc -o conftest -g -O2        conftest.c  >&5
conftest.c:51:6: warning: conflicting types for built-in function 'memcpy'; expected 'void *(void *, const void *, long unsigned int)' [-Wbuiltin-declaration-mismatch]
   51 | char memcpy ();
      |      ^~~~~~
conftest.c:39:1: note: 'memcpy' is declared in header '<string.h>'
   38 | # include <limits.h>
   39 | #else
configure:11572: $? = 0
configure:11572: result: yes
configure:11572: checking for strerror
configure:11572: gcc -o conftest -g -O2        conftest.c  >&5
configure:11572: $? = 0
configure:11572: result: yes
configure:11585: checking for unistd.h
configure:11585: result: yes
configure:11738: updating cache ./config.cache
configure:11818: checking that generated files are newer than configure
configure:11824: result: done
configure:11859: creating ./config.status

## ---------------------- ##
## Running config.status. ##
## ---------------------- ##

This file was extended by zlib config.status 1.1.4, which was
generated by GNU Autoconf 2.69.  Invocation command line was

  CONFIG_FILES    = 
  CONFIG_HEADERS  = 
  CONFIG_LINKS    = 
  CONFIG_COMMANDS = 
  $ ./config.status 

on x86-001.spo600.cdot.systems

config.status:1025: creating Makefile
config.status:1182: executing depfiles commands
config.status:1182: executing libtool commands

## ---------------- ##
## Cache variables. ##
## ---------------- ##

ac_cv_build=x86_64-pc-linux-gnu
ac_cv_c_compiler_gnu=yes
ac_cv_env_CPPFLAGS_set=
ac_cv_env_CPPFLAGS_value=
ac_cv_env_CPP_set=
ac_cv_env_CPP_value=
ac_cv_env_build_alias_set=set
ac_cv_env_build_alias_value=x86_64-pc-linux-gnu
ac_cv_env_host_alias_set=set
ac_cv_env_host_alias_value=x86_64-pc-linux-gnu
ac_cv_env_target_alias_set=set
ac_cv_env_target_alias_value=x86_64-pc-linux-gnu
ac_cv_func_getpagesize=yes
ac_cv_func_memcpy=yes
ac_cv_func_mmap_fixed_mapped=yes
ac_cv_func_strerror=yes
ac_cv_header_dlfcn_h=yes
ac_cv_header_inttypes_h=yes
ac_cv_header_memory_h=yes
ac_cv_header_stdc=yes
ac_cv_header_stdint_h=yes
ac_cv_header_stdlib_h=yes
ac_cv_header_string_h=yes
ac_cv_header_strings_h=yes
ac_cv_header_sys_param_h=yes
ac_cv_header_sys_stat_h=yes
ac_cv_header_sys_types_h=yes
ac_cv_header_unistd_h=yes
ac_cv_host=x86_64-pc-linux-gnu
ac_cv_objext=o
ac_cv_path_EGREP='/usr/bin/grep -E'
ac_cv_path_FGREP='/usr/bin/grep -F'
ac_cv_path_GREP=/usr/bin/grep
ac_cv_path_SED=/usr/bin/sed
ac_cv_path_mkdir=/usr/bin/mkdir
ac_cv_prog_AR='ar --plugin /usr/libexec/gcc/x86_64-redhat-linux/14/liblto_plugin.so'
ac_cv_prog_AWK=gawk
ac_cv_prog_CC=gcc
ac_cv_prog_CPP='gcc -E'
ac_cv_prog_OBJDUMP=objdump
ac_cv_prog_RANLIB='ranlib --plugin /usr/libexec/gcc/x86_64-redhat-linux/14/liblto_plugin.so'
ac_cv_prog_ac_ct_STRIP=strip
ac_cv_prog_cc_c89=
ac_cv_prog_cc_g=yes
ac_cv_prog_make_make_set=yes
ac_cv_target=x86_64-pc-linux-gnu
am_cv_CC_dependencies_compiler_type=gcc3
am_cv_make_support_nested_variables=yes
am_cv_prog_cc_c_o=yes
lt_cv_archive_cmds_need_lc=no
lt_cv_deplibs_check_method=pass_all
lt_cv_file_magic_cmd='$MAGIC_CMD'
lt_cv_file_magic_test_file=
lt_cv_ld_reload_flag=-r
lt_cv_nm_interface='BSD nm'
lt_cv_objdir=.libs
lt_cv_path_LD=ld
lt_cv_path_NM='/usr/bin/nm -B'
lt_cv_prog_compiler_c_o=yes
lt_cv_prog_compiler_pic_works=yes
lt_cv_prog_compiler_rtti_exceptions=no
lt_cv_prog_compiler_static_works=yes
lt_cv_prog_gnu_ld=yes
lt_cv_shlibpath_overrides_runpath=yes
lt_cv_sys_global_symbol_pipe='sed -n -e '\''s/^.*[	 ]\([ABCDGIRSTW][ABCDGIRSTW]*\)[	 ][	 ]*\([_A-Za-z][_A-Za-z0-9]*\)$/\1 \2 \2/p'\'''
lt_cv_sys_global_symbol_to_c_name_address='sed -n -e '\''s/^: \([^ ]*\) $/  {\"\1\", (void *) 0},/p'\'' -e '\''s/^[ABCDGIRSTW]* \([^ ]*\) \([^ ]*\)$/  {"\2", (void *) \&\2},/p'\'''
lt_cv_sys_global_symbol_to_c_name_address_lib_prefix='sed -n -e '\''s/^: \([^ ]*\) $/  {\"\1\", (void *) 0},/p'\'' -e '\''s/^[ABCDGIRSTW]* \([^ ]*\) \(lib[^ ]*\)$/  {"\2", (void *) \&\2},/p'\'' -e '\''s/^[ABCDGIRSTW]* \([^ ]*\) \([^ ]*\)$/  {"lib\2", (void *) \&\2},/p'\'''
lt_cv_sys_global_symbol_to_cdecl='sed -n -e '\''s/^T .* \(.*\)$/extern int \1();/p'\'' -e '\''s/^[ABCDGIRSTW]* .* \(.*\)$/extern char \1;/p'\'''
lt_cv_sys_max_cmd_len=1572864

## ----------------- ##
## Output variables. ##
## ----------------- ##

ACLOCAL='${SHELL} /home/skim499/gcc-custom-pass/src/missing aclocal-1.15'
AMDEPBACKSLASH='\'
AMDEP_FALSE='#'
AMDEP_TRUE=''
AMTAR='$${TAR-tar}'
AM_BACKSLASH='\'
AM_DEFAULT_V='$(AM_DEFAULT_VERBOSITY)'
AM_DEFAULT_VERBOSITY='1'
AM_V='$(V)'
AR='ar --plugin /usr/libexec/gcc/x86_64-redhat-linux/14/liblto_plugin.so --plugin /usr/libexec/gcc/x86_64-redhat-linux/14/liblto_plugin.so'
AUTOCONF='${SHELL} /home/skim499/gcc-custom-pass/src/missing autoconf'
AUTOHEADER='${SHELL} /home/skim499/gcc-custom-pass/src/missing autoheader'
AUTOMAKE='${SHELL} /home/skim499/gcc-custom-pass/src/missing automake-1.15'
AWK='gawk'
CC='gcc'
CCDEPMODE='depmode=gcc3'
CET_FLAGS='-fcf-protection -mshstk'
CFLAGS='-g -O2    '
COMPPATH='.'
CPP='gcc -E'
CPPFLAGS=''
CYGPATH_W='echo'
DEFS='-DPACKAGE_NAME=\"zlib\" -DPACKAGE_TARNAME=\"zlib\" -DPACKAGE_VERSION=\"1.1.4\" -DPACKAGE_STRING=\"zlib\ 1.1.4\" -DPACKAGE_BUGREPORT=\"\" -DPACKAGE_URL=\"\" -DPACKAGE=\"zlib\" -DVERSION=\"1.1.4\" -DSTDC_HEADERS=1 -DHAVE_SYS_TYPES_H=1 -DHAVE_SYS_STAT_H=1 -DHAVE_STDLIB_H=1 -DHAVE_STRING_H=1 -DHAVE_MEMORY_H=1 -DHAVE_STRINGS_H=1 -DHAVE_INTTYPES_H=1 -DHAVE_STDINT_H=1 -DHAVE_UNISTD_H=1 -DHAVE_DLFCN_H=1 -DLT_OBJDIR=\".libs/\" -DHAVE_STDLIB_H=1 -DHAVE_UNISTD_H=1 -DHAVE_SYS_PARAM_H=1 -DHAVE_GETPAGESIZE=1 -DHAVE_MMAP=1 -DHAVE_MEMCPY=1 -DHAVE_STRERROR=1 -DHAVE_UNISTD_H=1'
DEPDIR='.deps'
DSYMUTIL='dsymutil'
DUMPBIN=''
ECHO_C=''
ECHO_N='-n'
ECHO_T=''
EGREP='/usr/bin/grep -E'
ENABLE_DARWIN_AT_RPATH_FALSE=''
ENABLE_DARWIN_AT_RPATH_TRUE='#'
EXEEXT=''
FGREP='/usr/bin/grep -F'
GREP='/usr/bin/grep'
INSTALL_DATA='/usr/bin/install -c -m 644'
INSTALL_PROGRAM='/usr/bin/install -c'
INSTALL_SCRIPT='/usr/bin/install -c'
INSTALL_STRIP_PROGRAM='$(install_sh) -c -s'
LD='ld -m elf_x86_64'
LDFLAGS=' '
LIBOBJS=''
LIBS=''
LIBTOOL='$(SHELL) $(top_builddir)/libtool'
LIPO=''
LN_S='ln -s'
LTLIBOBJS=''
MAINT='#'
MAINTAINER_MODE_FALSE=''
MAINTAINER_MODE_TRUE='#'
MAKEINFO='/home/skim499/gcc-custom-pass/src/missing makeinfo --split-size=5000000'
MKDIR_P='/usr/bin/mkdir -p'
NM='/usr/bin/nm -B'
NMEDIT=''
OBJDUMP='objdump'
OBJEXT='o'
OTOOL64=''
OTOOL='otool'
PACKAGE='zlib'
PACKAGE_BUGREPORT=''
PACKAGE_NAME='zlib'
PACKAGE_STRING='zlib 1.1.4'
PACKAGE_TARNAME='zlib'
PACKAGE_URL=''
PACKAGE_VERSION='1.1.4'
PATH_SEPARATOR=':'
PICFLAG=''
RANLIB='ranlib --plugin /usr/libexec/gcc/x86_64-redhat-linux/14/liblto_plugin.so --plugin /usr/libexec/gcc/x86_64-redhat-linux/14/liblto_plugin.so'
SED='/usr/bin/sed'
SET_MAKE=''
SHELL='/bin/sh'
STRIP='strip'
TARGET_LIBRARY_FALSE=''
TARGET_LIBRARY_TRUE='#'
VERSION='1.1.4'
ac_ct_CC=''
ac_ct_DUMPBIN=''
am__EXEEXT_FALSE=''
am__EXEEXT_TRUE='#'
am__fastdepCC_FALSE='#'
am__fastdepCC_TRUE=''
am__include='include'
am__isrc=' -I$(srcdir)'
am__leading_dot='.'
am__nodep='_no'
am__quote=''
am__tar='$${TAR-tar} chof - "$$tardir"'
am__untar='$${TAR-tar} xf -'
bindir='${exec_prefix}/bin'
build='x86_64-pc-linux-gnu'
build_alias='x86_64-pc-linux-gnu'
build_cpu='x86_64'
build_os='linux-gnu'
build_vendor='pc'
datadir='${datarootdir}'
datarootdir='${prefix}/share'
docdir='${datarootdir}/doc/${PACKAGE_TARNAME}'
dvidir='${docdir}'
enable_host_pie=''
enable_host_shared=''
exec_prefix='${prefix}'
host='x86_64-pc-linux-gnu'
host_alias='x86_64-pc-linux-gnu'
host_cpu='x86_64'
host_os='linux-gnu'
host_vendor='pc'
htmldir='${docdir}'
includedir='${prefix}/include'
infodir='${datarootdir}/info'
install_sh='${SHELL} /home/skim499/gcc-custom-pass/src/install-sh'
libdir='${exec_prefix}/lib'
libexecdir='${exec_prefix}/libexec'
localedir='${datarootdir}/locale'
localstatedir='${prefix}/var'
mandir='${datarootdir}/man'
mkdir_p='$(MKDIR_P)'
mkinstalldirs='/home/skim499/gcc-custom-pass/src/mkinstalldirs'
multi_basedir=''
oldincludedir='/usr/include'
pdfdir='${docdir}'
prefix='/home/skim499/gcc-custom-pass/install'
program_transform_name='s,y,y,'
psdir='${docdir}'
sbindir='${exec_prefix}/sbin'
sharedstatedir='${prefix}/com'
sysconfdir='${prefix}/etc'
target='x86_64-pc-linux-gnu'
target_alias='x86_64-pc-linux-gnu'
target_cpu='x86_64'
target_os='linux-gnu'
target_vendor='pc'
toolexecdir='$(libdir)/gcc-lib/$(target_alias)'
toolexeclibdir='$(libdir)/../lib64'

## ----------- ##
## confdefs.h. ##
## ----------- ##

/* confdefs.h */
#define PACKAGE_NAME "zlib"
#define PACKAGE_TARNAME "zlib"
#define PACKAGE_VERSION "1.1.4"
#define PACKAGE_STRING "zlib 1.1.4"
#define PACKAGE_BUGREPORT ""
#define PACKAGE_URL ""
#define PACKAGE "zlib"
#define VERSION "1.1.4"
#define STDC_HEADERS 1
#define HAVE_SYS_TYPES_H 1
#define HAVE_SYS_STAT_H 1
#define HAVE_STDLIB_H 1
#define HAVE_STRING_H 1
#define HAVE_MEMORY_H 1
#define HAVE_STRINGS_H 1
#define HAVE_INTTYPES_H 1
#define HAVE_STDINT_H 1
#define HAVE_UNISTD_H 1
#define HAVE_DLFCN_H 1
#define LT_OBJDIR ".libs/"
#define HAVE_STDLIB_H 1
#define HAVE_UNISTD_H 1
#define HAVE_SYS_PARAM_H 1
#define HAVE_GETPAGESIZE 1
#define HAVE_MMAP 1
#define HAVE_MEMCPY 1
#define HAVE_STRERROR 1
#define HAVE_UNISTD_H 1

configure: exit 0
